<?xml version="1.0" encoding="UTF-8"?>
<!-- Generated by org.testng.reporters.JUnitXMLReporter -->
<testsuite hostname="DSCHD-015" name="Smoke-Tests" tests="1" failures="1" timestamp="8 Nov 2016 06:13:12 GMT" time="0.556" errors="0">
  <testcase name="TC_SS003_Test" time="0.003" classname="TestingXperts.smartshow.tests.TC_SS003">
    <failure type="org.openqa.selenium.remote.SessionNotFoundException" message="The FirefoxDriver cannot be used after quit() was called.
Build info: version: &amp;apos;2.53.0&amp;apos;, revision: &amp;apos;35ae25b1534ae328c771e0856c93e187490ca824&amp;apos;, time: &amp;apos;2016-03-15 10:43:46&amp;apos;
System info: host: &amp;apos;DSCHD-015&amp;apos;, ip: &amp;apos;192.168.6.49&amp;apos;, os.name: &amp;apos;Windows 7&amp;apos;, os.arch: &amp;apos;amd64&amp;apos;, os.version: &amp;apos;6.1&amp;apos;, java.version: &amp;apos;1.8.0_101&amp;apos;
Driver info: driver.version: RemoteWebDriver">
      <![CDATA[org.openqa.selenium.remote.SessionNotFoundException: The FirefoxDriver cannot be used after quit() was called.
Build info: version: '2.53.0', revision: '35ae25b1534ae328c771e0856c93e187490ca824', time: '2016-03-15 10:43:46'
System info: host: 'DSCHD-015', ip: '192.168.6.49', os.name: 'Windows 7', os.arch: 'amd64', os.version: '6.1', java.version: '1.8.0_101'
Driver info: driver.version: RemoteWebDriver
	at org.openqa.selenium.firefox.FirefoxDriver$LazyCommandExecutor.execute(FirefoxDriver.java:377)
	at org.openqa.selenium.remote.RemoteWebDriver.execute(RemoteWebDriver.java:644)
	at org.openqa.selenium.remote.RemoteWebDriver.executeScript(RemoteWebDriver.java:577)
	at ru.yandex.qatools.ashot.screentaker.ViewportPastingStrategy.getFullHeight(ViewportPastingStrategy.java:23)
	at ru.yandex.qatools.ashot.screentaker.VerticalPastingShootingStrategy.getScreenshot(VerticalPastingShootingStrategy.java:33)
	at ru.yandex.qatools.ashot.screentaker.ScreenTaker.take(ScreenTaker.java:22)
	at ru.yandex.qatools.ashot.AShot.takeScreenshot(AShot.java:141)
	at Utilities.Utility.takeScreenshot(Utility.java:214)
	at TestingXperts.smartshow.tests.TC_SS003.TC_SS003_Test(TC_SS003.java:60)
	at suite.runner.CustomSuiteRunner.suiteRunner(CustomSuiteRunner.java:159)
... Removed 47 stack frames]]>
    </failure>
  </testcase> <!-- TC_SS003_Test -->
</testsuite> <!-- Smoke-Tests -->
