2016-04-28 18:37:02 ERROR - Test step has failed...
2016-04-28 18:37:02 ERROR - -----------------------------------------------------------------------
2016-04-28 18:52:00 ERROR - Test step has failed...
2016-04-28 18:52:00 ERROR - -----------------------------------------------------------------------
2016-04-28 20:02:40 ERROR - Element is not clickable at point (957.933349609375, 30). Other element would receive the click: <div class="modal-header"></div>
Command duration or timeout: 64 milliseconds
Build info: version: '2.53.0', revision: '35ae25b1534ae328c771e0856c93e187490ca824', time: '2016-03-15 10:43:46'
System info: host: 'DAMCO-PC', ip: '192.168.6.206', os.name: 'Windows 7', os.arch: 'amd64', os.version: '6.1', java.version: '1.8.0_71'
Driver info: org.openqa.selenium.firefox.FirefoxDriver
Capabilities [{applicationCacheEnabled=true, rotatable=false, handlesAlerts=true, databaseEnabled=true, version=45.0.1, platform=WINDOWS, nativeEvents=false, acceptSslCerts=true, webStorageEnabled=true, locationContextEnabled=true, browserName=firefox, takesScreenshot=true, javascriptEnabled=true, cssSelectorsEnabled=true}]
Session ID: 05b5e6cb-acdb-4d56-9078-5e3dfbffacd7
2016-04-28 20:02:40 ERROR - -----------------------------------------------------------------------
2016-04-28 21:12:56 ERROR - Element is not clickable at point (957, 30). Other element would receive the click: <div class="modal-header"></div>
Command duration or timeout: 68 milliseconds
Build info: version: '2.53.0', revision: '35ae25b1534ae328c771e0856c93e187490ca824', time: '2016-03-15 10:43:46'
System info: host: 'DAMCO-PC', ip: '192.168.6.206', os.name: 'Windows 7', os.arch: 'amd64', os.version: '6.1', java.version: '1.8.0_71'
Driver info: org.openqa.selenium.firefox.FirefoxDriver
Capabilities [{applicationCacheEnabled=true, rotatable=false, handlesAlerts=true, databaseEnabled=true, version=45.0.1, platform=WINDOWS, nativeEvents=false, acceptSslCerts=true, webStorageEnabled=true, locationContextEnabled=true, browserName=firefox, takesScreenshot=true, javascriptEnabled=true, cssSelectorsEnabled=true}]
Session ID: da1a1cff-9542-4134-bb32-c894c38adf86
2016-04-28 21:12:56 ERROR - -----------------------------------------------------------------------
2016-04-29 10:36:02 ERROR - unknown error: Element is not clickable at point (957, 30). Other element would receive the click: <div class="modal-header">...</div>
  (Session info: chrome=49.0.2623.112)
  (Driver info: chromedriver=2.21.371459 (36d3d07f660ff2bc1bf28a75d1cdabed0983e7c4),platform=Windows NT 6.1 SP1 x86_64) (WARNING: The server did not provide any stacktrace information)
Command duration or timeout: 31 milliseconds
Build info: version: '2.53.0', revision: '35ae25b1534ae328c771e0856c93e187490ca824', time: '2016-03-15 10:43:46'
System info: host: 'DAMCO-PC', ip: '192.168.6.206', os.name: 'Windows 7', os.arch: 'amd64', os.version: '6.1', java.version: '1.8.0_71'
Driver info: org.openqa.selenium.chrome.ChromeDriver
Capabilities [{applicationCacheEnabled=false, rotatable=false, mobileEmulationEnabled=false, chrome={chromedriverVersion=2.21.371459 (36d3d07f660ff2bc1bf28a75d1cdabed0983e7c4), userDataDir=C:\Users\SUKHJI~1\AppData\Local\Temp\scoped_dir7748_18010}, takesHeapSnapshot=true, databaseEnabled=false, handlesAlerts=true, hasTouchScreen=false, version=49.0.2623.112, platform=XP, browserConnectionEnabled=false, nativeEvents=true, acceptSslCerts=true, locationContextEnabled=true, webStorageEnabled=true, browserName=chrome, takesScreenshot=true, javascriptEnabled=true, cssSelectorsEnabled=true}]
Session ID: 92f67030f80128c3bca33978938e8b1b
2016-04-29 10:36:02 ERROR - -----------------------------------------------------------------------
2016-04-29 11:01:21 ERROR - Index: 0, Size: 0
2016-04-29 11:01:21 ERROR - -----------------------------------------------------------------------
2016-04-29 11:02:29 ERROR - Test step has failed...
2016-04-29 11:02:29 ERROR - -----------------------------------------------------------------------
2016-04-29 11:02:35 ERROR - unknown error: Element is not clickable at point (957, 30). Other element would receive the click: <div class="modal-header">...</div>
  (Session info: chrome=49.0.2623.112)
  (Driver info: chromedriver=2.21.371459 (36d3d07f660ff2bc1bf28a75d1cdabed0983e7c4),platform=Windows NT 6.1 SP1 x86_64) (WARNING: The server did not provide any stacktrace information)
Command duration or timeout: 31 milliseconds
Build info: version: '2.53.0', revision: '35ae25b1534ae328c771e0856c93e187490ca824', time: '2016-03-15 10:43:46'
System info: host: 'DAMCO-PC', ip: '192.168.6.206', os.name: 'Windows 7', os.arch: 'amd64', os.version: '6.1', java.version: '1.8.0_71'
Driver info: org.openqa.selenium.chrome.ChromeDriver
Capabilities [{applicationCacheEnabled=false, rotatable=false, mobileEmulationEnabled=false, chrome={chromedriverVersion=2.21.371459 (36d3d07f660ff2bc1bf28a75d1cdabed0983e7c4), userDataDir=C:\Users\SUKHJI~1\AppData\Local\Temp\scoped_dir3992_15195}, takesHeapSnapshot=true, databaseEnabled=false, handlesAlerts=true, hasTouchScreen=false, version=49.0.2623.112, platform=XP, browserConnectionEnabled=false, nativeEvents=true, acceptSslCerts=true, locationContextEnabled=true, webStorageEnabled=true, browserName=chrome, takesScreenshot=true, javascriptEnabled=true, cssSelectorsEnabled=true}]
Session ID: 1ca4d1b0b4432776722359ac65dfb3e7
2016-04-29 11:02:35 ERROR - -----------------------------------------------------------------------
2016-04-29 11:51:33 ERROR - unknown error: Element is not clickable at point (957, 30). Other element would receive the click: <div class="modal-header">...</div>
  (Session info: chrome=49.0.2623.112)
  (Driver info: chromedriver=2.21.371459 (36d3d07f660ff2bc1bf28a75d1cdabed0983e7c4),platform=Windows NT 6.1 SP1 x86_64) (WARNING: The server did not provide any stacktrace information)
Command duration or timeout: 34 milliseconds
Build info: version: '2.53.0', revision: '35ae25b1534ae328c771e0856c93e187490ca824', time: '2016-03-15 10:43:46'
System info: host: 'DAMCO-PC', ip: '192.168.6.206', os.name: 'Windows 7', os.arch: 'amd64', os.version: '6.1', java.version: '1.8.0_71'
Driver info: org.openqa.selenium.chrome.ChromeDriver
Capabilities [{applicationCacheEnabled=false, rotatable=false, mobileEmulationEnabled=false, chrome={chromedriverVersion=2.21.371459 (36d3d07f660ff2bc1bf28a75d1cdabed0983e7c4), userDataDir=C:\Users\SUKHJI~1\AppData\Local\Temp\scoped_dir6452_32030}, takesHeapSnapshot=true, databaseEnabled=false, handlesAlerts=true, hasTouchScreen=false, version=49.0.2623.112, platform=XP, browserConnectionEnabled=false, nativeEvents=true, acceptSslCerts=true, locationContextEnabled=true, webStorageEnabled=true, browserName=chrome, takesScreenshot=true, javascriptEnabled=true, cssSelectorsEnabled=true}]
Session ID: a2777f57faa1f34829491b7eb383b5ce
2016-04-29 11:51:33 ERROR - -----------------------------------------------------------------------
2016-04-29 15:18:56 ERROR - no such element: Unable to locate element: {"method":"xpath","selector":"div/div/h3"}
  (Session info: chrome=49.0.2623.112)
  (Driver info: chromedriver=2.21.371459 (36d3d07f660ff2bc1bf28a75d1cdabed0983e7c4),platform=Windows NT 6.1 SP1 x86_64) (WARNING: The server did not provide any stacktrace information)
Command duration or timeout: 60.02 seconds
For documentation on this error, please visit: http://seleniumhq.org/exceptions/no_such_element.html
Build info: version: '2.53.0', revision: '35ae25b1534ae328c771e0856c93e187490ca824', time: '2016-03-15 10:43:46'
System info: host: 'DAMCO-PC', ip: '192.168.6.206', os.name: 'Windows 7', os.arch: 'amd64', os.version: '6.1', java.version: '1.8.0_71'
Driver info: org.openqa.selenium.chrome.ChromeDriver
Capabilities [{applicationCacheEnabled=false, rotatable=false, mobileEmulationEnabled=false, chrome={chromedriverVersion=2.21.371459 (36d3d07f660ff2bc1bf28a75d1cdabed0983e7c4), userDataDir=C:\Users\SUKHJI~1\AppData\Local\Temp\scoped_dir7536_12002}, takesHeapSnapshot=true, databaseEnabled=false, handlesAlerts=true, hasTouchScreen=false, version=49.0.2623.112, platform=XP, browserConnectionEnabled=false, nativeEvents=true, acceptSslCerts=true, locationContextEnabled=true, webStorageEnabled=true, browserName=chrome, takesScreenshot=true, javascriptEnabled=true, cssSelectorsEnabled=true}]
Session ID: e06fc7defd54990137a2ab1e25d79910
*** Element info: {Using=xpath, value=div/div/h3}
2016-04-29 15:18:56 ERROR - -----------------------------------------------------------------------
2016-04-29 15:19:57 ERROR - no such element: Unable to locate element: {"method":"css selector","selector":"button.btn.btn-default.add"}
  (Session info: chrome=49.0.2623.112)
  (Driver info: chromedriver=2.21.371459 (36d3d07f660ff2bc1bf28a75d1cdabed0983e7c4),platform=Windows NT 6.1 SP1 x86_64) (WARNING: The server did not provide any stacktrace information)
Command duration or timeout: 60.09 seconds
For documentation on this error, please visit: http://seleniumhq.org/exceptions/no_such_element.html
Build info: version: '2.53.0', revision: '35ae25b1534ae328c771e0856c93e187490ca824', time: '2016-03-15 10:43:46'
System info: host: 'DAMCO-PC', ip: '192.168.6.206', os.name: 'Windows 7', os.arch: 'amd64', os.version: '6.1', java.version: '1.8.0_71'
Driver info: org.openqa.selenium.chrome.ChromeDriver
Capabilities [{applicationCacheEnabled=false, rotatable=false, mobileEmulationEnabled=false, chrome={chromedriverVersion=2.21.371459 (36d3d07f660ff2bc1bf28a75d1cdabed0983e7c4), userDataDir=C:\Users\SUKHJI~1\AppData\Local\Temp\scoped_dir7236_21234}, takesHeapSnapshot=true, databaseEnabled=false, handlesAlerts=true, hasTouchScreen=false, version=49.0.2623.112, platform=XP, browserConnectionEnabled=false, nativeEvents=true, acceptSslCerts=true, locationContextEnabled=true, webStorageEnabled=true, browserName=chrome, takesScreenshot=true, javascriptEnabled=true, cssSelectorsEnabled=true}]
Session ID: 318016396a3f11ab046c2253e4b451ff
*** Element info: {Using=css selector, value=button.btn.btn-default.add}
2016-04-29 15:19:57 ERROR - -----------------------------------------------------------------------
2016-04-29 16:28:48 ERROR - Unparseable date: "16:27, April 29, 2016 "
2016-04-29 16:28:48 ERROR - -----------------------------------------------------------------------
2016-04-29 16:32:35 ERROR - Unparseable date: "16:31, April 29, 2016 "
2016-04-29 16:32:35 ERROR - -----------------------------------------------------------------------
2016-04-29 16:35:25 ERROR - Unparseable date: "16:34, April 29, 2016"
2016-04-29 16:35:25 ERROR - -----------------------------------------------------------------------
2016-04-29 16:44:27 ERROR - Unparseable date: "16:43, April 29, 2016"
2016-04-29 16:44:27 ERROR - -----------------------------------------------------------------------
2016-04-29 16:50:19 ERROR - no such element: Unable to locate element: {"method":"xpath","selector":"div/div/h3"}
  (Session info: chrome=49.0.2623.112)
  (Driver info: chromedriver=2.21.371459 (36d3d07f660ff2bc1bf28a75d1cdabed0983e7c4),platform=Windows NT 6.1 SP1 x86_64) (WARNING: The server did not provide any stacktrace information)
Command duration or timeout: 60.06 seconds
For documentation on this error, please visit: http://seleniumhq.org/exceptions/no_such_element.html
Build info: version: '2.53.0', revision: '35ae25b1534ae328c771e0856c93e187490ca824', time: '2016-03-15 10:43:46'
System info: host: 'DAMCO-PC', ip: '192.168.6.206', os.name: 'Windows 7', os.arch: 'amd64', os.version: '6.1', java.version: '1.8.0_71'
Driver info: org.openqa.selenium.chrome.ChromeDriver
Capabilities [{applicationCacheEnabled=false, rotatable=false, mobileEmulationEnabled=false, chrome={chromedriverVersion=2.21.371459 (36d3d07f660ff2bc1bf28a75d1cdabed0983e7c4), userDataDir=C:\Users\SUKHJI~1\AppData\Local\Temp\scoped_dir8352_30671}, takesHeapSnapshot=true, databaseEnabled=false, handlesAlerts=true, hasTouchScreen=false, version=49.0.2623.112, platform=XP, browserConnectionEnabled=false, nativeEvents=true, acceptSslCerts=true, locationContextEnabled=true, webStorageEnabled=true, browserName=chrome, takesScreenshot=true, javascriptEnabled=true, cssSelectorsEnabled=true}]
Session ID: 72c7260cf1767390e6b14e3108868218
*** Element info: {Using=xpath, value=div/div/h3}
2016-04-29 16:50:19 ERROR - -----------------------------------------------------------------------
2016-04-29 16:55:43 ERROR - no such element: Unable to locate element: {"method":"xpath","selector":"div/div/h3"}
  (Session info: chrome=49.0.2623.112)
  (Driver info: chromedriver=2.21.371459 (36d3d07f660ff2bc1bf28a75d1cdabed0983e7c4),platform=Windows NT 6.1 SP1 x86_64) (WARNING: The server did not provide any stacktrace information)
Command duration or timeout: 60.03 seconds
For documentation on this error, please visit: http://seleniumhq.org/exceptions/no_such_element.html
Build info: version: '2.53.0', revision: '35ae25b1534ae328c771e0856c93e187490ca824', time: '2016-03-15 10:43:46'
System info: host: 'DAMCO-PC', ip: '192.168.6.206', os.name: 'Windows 7', os.arch: 'amd64', os.version: '6.1', java.version: '1.8.0_71'
Driver info: org.openqa.selenium.chrome.ChromeDriver
Capabilities [{applicationCacheEnabled=false, rotatable=false, mobileEmulationEnabled=false, chrome={chromedriverVersion=2.21.371459 (36d3d07f660ff2bc1bf28a75d1cdabed0983e7c4), userDataDir=C:\Users\SUKHJI~1\AppData\Local\Temp\scoped_dir8592_1765}, takesHeapSnapshot=true, databaseEnabled=false, handlesAlerts=true, hasTouchScreen=false, version=49.0.2623.112, platform=XP, browserConnectionEnabled=false, nativeEvents=true, acceptSslCerts=true, locationContextEnabled=true, webStorageEnabled=true, browserName=chrome, takesScreenshot=true, javascriptEnabled=true, cssSelectorsEnabled=true}]
Session ID: 1d620dd33807feee24705fc90b9619b5
*** Element info: {Using=xpath, value=div/div/h3}
2016-04-29 16:55:43 ERROR - -----------------------------------------------------------------------
2016-04-29 16:59:39 ERROR - Test step has failed...
2016-04-29 16:59:39 ERROR - -----------------------------------------------------------------------
2016-04-29 17:15:16 ERROR - no such element: Unable to locate element: {"method":"xpath","selector":"div/div/h3"}
  (Session info: chrome=49.0.2623.112)
  (Driver info: chromedriver=2.21.371459 (36d3d07f660ff2bc1bf28a75d1cdabed0983e7c4),platform=Windows NT 6.1 SP1 x86_64) (WARNING: The server did not provide any stacktrace information)
Command duration or timeout: 60.03 seconds
For documentation on this error, please visit: http://seleniumhq.org/exceptions/no_such_element.html
Build info: version: '2.53.0', revision: '35ae25b1534ae328c771e0856c93e187490ca824', time: '2016-03-15 10:43:46'
System info: host: 'DAMCO-PC', ip: '192.168.6.206', os.name: 'Windows 7', os.arch: 'amd64', os.version: '6.1', java.version: '1.8.0_71'
Driver info: org.openqa.selenium.chrome.ChromeDriver
Capabilities [{applicationCacheEnabled=false, rotatable=false, mobileEmulationEnabled=false, chrome={chromedriverVersion=2.21.371459 (36d3d07f660ff2bc1bf28a75d1cdabed0983e7c4), userDataDir=C:\Users\SUKHJI~1\AppData\Local\Temp\scoped_dir6540_19571}, takesHeapSnapshot=true, databaseEnabled=false, handlesAlerts=true, hasTouchScreen=false, version=49.0.2623.112, platform=XP, browserConnectionEnabled=false, nativeEvents=true, acceptSslCerts=true, locationContextEnabled=true, webStorageEnabled=true, browserName=chrome, takesScreenshot=true, javascriptEnabled=true, cssSelectorsEnabled=true}]
Session ID: 62978482a317eb77d8ca707be0e6645d
*** Element info: {Using=xpath, value=div/div/h3}
2016-04-29 17:15:16 ERROR - -----------------------------------------------------------------------
2016-05-02 10:52:50 ERROR - 
2016-05-02 10:52:50 ERROR - -----------------------------------------------------------------------
2016-05-02 15:45:55 ERROR - Test step has failed...
2016-05-02 15:45:55 ERROR - -----------------------------------------------------------------------
2016-05-02 17:56:04 ERROR - Test step has failed...
2016-05-02 17:56:04 ERROR - -----------------------------------------------------------------------
2016-05-02 18:01:52 ERROR - Test step has failed...
2016-05-02 18:01:52 ERROR - -----------------------------------------------------------------------
2016-05-02 18:39:16 ERROR - Test step has failed...
2016-05-02 18:39:16 ERROR - -----------------------------------------------------------------------
2016-05-03 12:34:12 ERROR - 
2016-05-03 12:34:12 ERROR - -----------------------------------------------------------------------
2016-05-03 12:40:25 ERROR - 
2016-05-03 12:40:25 ERROR - -----------------------------------------------------------------------
2016-05-03 12:43:50 ERROR - 
2016-05-03 12:43:50 ERROR - -----------------------------------------------------------------------
2016-05-03 12:50:19 ERROR - 
2016-05-03 12:50:19 ERROR - -----------------------------------------------------------------------
2016-05-03 12:52:40 ERROR - 
2016-05-03 12:52:40 ERROR - -----------------------------------------------------------------------
2016-05-03 12:58:13 ERROR - 
2016-05-03 12:58:13 ERROR - -----------------------------------------------------------------------
2016-05-03 13:04:21 ERROR - 
2016-05-03 13:04:21 ERROR - -----------------------------------------------------------------------
2016-05-03 13:07:25 ERROR - 
2016-05-03 13:07:25 ERROR - -----------------------------------------------------------------------
2016-05-03 13:09:58 ERROR - Test step has failed...
2016-05-03 13:09:58 ERROR - -----------------------------------------------------------------------
2016-05-03 13:11:24 ERROR - Test step has failed...
2016-05-03 13:11:24 ERROR - -----------------------------------------------------------------------
2016-05-03 13:14:14 ERROR - Test step has failed...
2016-05-03 13:14:14 ERROR - -----------------------------------------------------------------------
2016-05-03 13:17:06 ERROR - Test step has failed...
2016-05-03 13:17:06 ERROR - -----------------------------------------------------------------------
2016-05-03 13:21:44 ERROR - Test step has failed...
2016-05-03 13:21:44 ERROR - -----------------------------------------------------------------------
2016-05-03 13:23:17 ERROR - Test step has failed...
2016-05-03 13:23:17 ERROR - -----------------------------------------------------------------------
2016-05-03 13:24:41 ERROR - Test step has failed...
2016-05-03 13:24:41 ERROR - -----------------------------------------------------------------------
2016-05-03 13:28:26 ERROR - Test step has failed...
2016-05-03 13:28:26 ERROR - -----------------------------------------------------------------------
2016-05-03 13:30:22 ERROR - Test step has failed...
2016-05-03 13:30:22 ERROR - -----------------------------------------------------------------------
2016-05-03 15:19:22 ERROR - Test step has failed...
2016-05-03 15:19:22 ERROR - -----------------------------------------------------------------------
2016-05-03 15:22:09 ERROR - Test step has failed...
2016-05-03 15:22:09 ERROR - -----------------------------------------------------------------------
2016-05-03 15:27:25 ERROR - Test step has failed...
2016-05-03 15:27:25 ERROR - -----------------------------------------------------------------------
2016-05-03 15:36:10 ERROR - Test step has failed...
2016-05-03 15:36:10 ERROR - -----------------------------------------------------------------------
2016-05-03 15:42:39 ERROR - Test step has failed...
2016-05-03 15:42:39 ERROR - -----------------------------------------------------------------------
2016-05-03 15:45:07 ERROR - Test step has failed...
2016-05-03 15:45:07 ERROR - -----------------------------------------------------------------------
2016-05-03 15:47:46 ERROR - Test step has failed...
2016-05-03 15:47:46 ERROR - -----------------------------------------------------------------------
2016-05-03 15:53:41 ERROR - Test step has failed...
2016-05-03 15:53:41 ERROR - -----------------------------------------------------------------------
2016-05-03 16:07:36 ERROR - Test step has failed...
2016-05-03 16:07:36 ERROR - -----------------------------------------------------------------------
2016-05-03 16:09:59 ERROR - Test step has failed...
2016-05-03 16:09:59 ERROR - -----------------------------------------------------------------------
2016-05-04 11:08:24 ERROR - 
2016-05-04 11:08:24 ERROR - -----------------------------------------------------------------------
2016-05-04 11:26:57 ERROR - 
2016-05-04 11:26:57 ERROR - -----------------------------------------------------------------------
2016-05-04 11:32:12 ERROR - Unable to locate element: {"method":"xpath","selector":"div/div/h3"}
Command duration or timeout: 60.04 seconds
For documentation on this error, please visit: http://seleniumhq.org/exceptions/no_such_element.html
Build info: version: '2.53.0', revision: '35ae25b1534ae328c771e0856c93e187490ca824', time: '2016-03-15 10:43:46'
System info: host: 'DAMCO-PC', ip: '192.168.6.206', os.name: 'Windows 7', os.arch: 'amd64', os.version: '6.1', java.version: '1.8.0_71'
Driver info: org.openqa.selenium.firefox.FirefoxDriver
Capabilities [{applicationCacheEnabled=true, rotatable=false, handlesAlerts=true, databaseEnabled=true, version=45.0.1, platform=WINDOWS, nativeEvents=false, acceptSslCerts=true, webStorageEnabled=true, locationContextEnabled=true, browserName=firefox, takesScreenshot=true, javascriptEnabled=true, cssSelectorsEnabled=true}]
Session ID: 76ec96b3-9e6d-48ee-9ce8-d9cb0d101ea4
*** Element info: {Using=xpath, value=div/div/h3}
2016-05-04 11:32:12 ERROR - -----------------------------------------------------------------------
2016-05-04 11:43:28 ERROR - Unable to locate element: {"method":"xpath","selector":"div/div/h3"}
Command duration or timeout: 60.09 seconds
For documentation on this error, please visit: http://seleniumhq.org/exceptions/no_such_element.html
Build info: version: '2.53.0', revision: '35ae25b1534ae328c771e0856c93e187490ca824', time: '2016-03-15 10:43:46'
System info: host: 'DAMCO-PC', ip: '192.168.6.206', os.name: 'Windows 7', os.arch: 'amd64', os.version: '6.1', java.version: '1.8.0_71'
Driver info: org.openqa.selenium.firefox.FirefoxDriver
Capabilities [{applicationCacheEnabled=true, rotatable=false, handlesAlerts=true, databaseEnabled=true, version=45.0.1, platform=WINDOWS, nativeEvents=false, acceptSslCerts=true, webStorageEnabled=true, locationContextEnabled=true, browserName=firefox, takesScreenshot=true, javascriptEnabled=true, cssSelectorsEnabled=true}]
Session ID: d09223b6-97fc-4875-9ff4-b0cfb4bb54f9
*** Element info: {Using=xpath, value=div/div/h3}
2016-05-04 11:43:28 ERROR - -----------------------------------------------------------------------
2016-05-04 11:54:21 ERROR - Unable to locate element: {"method":"xpath","selector":"div/div/h3"}
Command duration or timeout: 60.11 seconds
For documentation on this error, please visit: http://seleniumhq.org/exceptions/no_such_element.html
Build info: version: '2.53.0', revision: '35ae25b1534ae328c771e0856c93e187490ca824', time: '2016-03-15 10:43:46'
System info: host: 'DAMCO-PC', ip: '192.168.6.206', os.name: 'Windows 7', os.arch: 'amd64', os.version: '6.1', java.version: '1.8.0_71'
Driver info: org.openqa.selenium.firefox.FirefoxDriver
Capabilities [{applicationCacheEnabled=true, rotatable=false, handlesAlerts=true, databaseEnabled=true, version=45.0.1, platform=WINDOWS, nativeEvents=false, acceptSslCerts=true, webStorageEnabled=true, locationContextEnabled=true, browserName=firefox, takesScreenshot=true, javascriptEnabled=true, cssSelectorsEnabled=true}]
Session ID: 30fe542a-d594-4e4a-939e-3f73424241f7
*** Element info: {Using=xpath, value=div/div/h3}
2016-05-04 11:54:21 ERROR - -----------------------------------------------------------------------
2016-05-04 11:57:38 ERROR - Unable to locate element: {"method":"xpath","selector":".//*[@id='alerts']/div/div"}
Command duration or timeout: 60.11 seconds
For documentation on this error, please visit: http://seleniumhq.org/exceptions/no_such_element.html
Build info: version: '2.53.0', revision: '35ae25b1534ae328c771e0856c93e187490ca824', time: '2016-03-15 10:43:46'
System info: host: 'DAMCO-PC', ip: '192.168.6.206', os.name: 'Windows 7', os.arch: 'amd64', os.version: '6.1', java.version: '1.8.0_71'
Driver info: org.openqa.selenium.firefox.FirefoxDriver
Capabilities [{applicationCacheEnabled=true, rotatable=false, handlesAlerts=true, databaseEnabled=true, version=45.0.1, platform=WINDOWS, nativeEvents=false, acceptSslCerts=true, webStorageEnabled=true, locationContextEnabled=true, browserName=firefox, takesScreenshot=true, javascriptEnabled=true, cssSelectorsEnabled=true}]
Session ID: fe856aae-fed4-4786-ba6b-c43c2f1c8625
*** Element info: {Using=xpath, value=.//*[@id='alerts']/div/div}
2016-05-04 11:57:38 ERROR - -----------------------------------------------------------------------
2016-05-04 12:06:44 ERROR - Unable to locate element: {"method":"xpath","selector":"div/div/h3"}
Command duration or timeout: 60.04 seconds
For documentation on this error, please visit: http://seleniumhq.org/exceptions/no_such_element.html
Build info: version: '2.53.0', revision: '35ae25b1534ae328c771e0856c93e187490ca824', time: '2016-03-15 10:43:46'
System info: host: 'DAMCO-PC', ip: '192.168.6.206', os.name: 'Windows 7', os.arch: 'amd64', os.version: '6.1', java.version: '1.8.0_71'
Driver info: org.openqa.selenium.firefox.FirefoxDriver
Capabilities [{applicationCacheEnabled=true, rotatable=false, handlesAlerts=true, databaseEnabled=true, version=45.0.1, platform=WINDOWS, nativeEvents=false, acceptSslCerts=true, webStorageEnabled=true, locationContextEnabled=true, browserName=firefox, takesScreenshot=true, javascriptEnabled=true, cssSelectorsEnabled=true}]
Session ID: b06cce0d-ec72-49dc-9cb2-fd35ddaeb578
*** Element info: {Using=xpath, value=div/div/h3}
2016-05-04 12:06:44 ERROR - -----------------------------------------------------------------------
2016-05-04 12:42:44 ERROR - Unable to locate element: {"method":"xpath","selector":"//*[@class='list-group scheduled-showings']/li[0]/div/div[1]/h3"}
Command duration or timeout: 60.07 seconds
For documentation on this error, please visit: http://seleniumhq.org/exceptions/no_such_element.html
Build info: version: '2.53.0', revision: '35ae25b1534ae328c771e0856c93e187490ca824', time: '2016-03-15 10:43:46'
System info: host: 'DAMCO-PC', ip: '192.168.6.206', os.name: 'Windows 7', os.arch: 'amd64', os.version: '6.1', java.version: '1.8.0_71'
Driver info: org.openqa.selenium.firefox.FirefoxDriver
Capabilities [{applicationCacheEnabled=true, rotatable=false, handlesAlerts=true, databaseEnabled=true, version=45.0.1, platform=WINDOWS, nativeEvents=false, acceptSslCerts=true, webStorageEnabled=true, locationContextEnabled=true, browserName=firefox, takesScreenshot=true, javascriptEnabled=true, cssSelectorsEnabled=true}]
Session ID: a4ce3617-5825-4b5e-b4d1-f680bd7211ed
*** Element info: {Using=xpath, value=//*[@class='list-group scheduled-showings']/li[0]/div/div[1]/h3}
2016-05-04 12:42:44 ERROR - -----------------------------------------------------------------------
2016-05-04 12:53:25 ERROR - Test step has failed...
2016-05-04 12:53:25 ERROR - -----------------------------------------------------------------------
2016-05-04 13:10:04 ERROR - Test step has failed...
2016-05-04 13:10:04 ERROR - -----------------------------------------------------------------------
2016-05-04 13:18:14 ERROR - Test step has failed...
2016-05-04 13:18:14 ERROR - -----------------------------------------------------------------------
2016-05-04 13:23:29 ERROR - Test step has failed...
2016-05-04 13:23:29 ERROR - -----------------------------------------------------------------------
2016-05-04 13:29:50 ERROR - Test step has failed...
2016-05-04 13:29:50 ERROR - -----------------------------------------------------------------------
2016-05-04 15:18:28 ERROR - Unable to locate element: {"method":"xpath","selector":"div/div/h3"}
Command duration or timeout: 60.08 seconds
For documentation on this error, please visit: http://seleniumhq.org/exceptions/no_such_element.html
Build info: version: '2.53.0', revision: '35ae25b1534ae328c771e0856c93e187490ca824', time: '2016-03-15 10:43:46'
System info: host: 'DAMCO-PC', ip: '192.168.6.206', os.name: 'Windows 7', os.arch: 'amd64', os.version: '6.1', java.version: '1.8.0_71'
Driver info: org.openqa.selenium.firefox.FirefoxDriver
Capabilities [{applicationCacheEnabled=true, rotatable=false, handlesAlerts=true, databaseEnabled=true, version=45.0.1, platform=WINDOWS, nativeEvents=false, acceptSslCerts=true, webStorageEnabled=true, locationContextEnabled=true, browserName=firefox, takesScreenshot=true, javascriptEnabled=true, cssSelectorsEnabled=true}]
Session ID: 5bf27507-8486-4584-9e1f-eae2850be708
*** Element info: {Using=xpath, value=div/div/h3}
2016-05-04 15:18:28 ERROR - -----------------------------------------------------------------------
2016-05-04 15:22:19 ERROR - Unable to locate element: {"method":"xpath","selector":"div/div/h3"}
Command duration or timeout: 60.05 seconds
For documentation on this error, please visit: http://seleniumhq.org/exceptions/no_such_element.html
Build info: version: '2.53.0', revision: '35ae25b1534ae328c771e0856c93e187490ca824', time: '2016-03-15 10:43:46'
System info: host: 'DAMCO-PC', ip: '192.168.6.206', os.name: 'Windows 7', os.arch: 'amd64', os.version: '6.1', java.version: '1.8.0_71'
Driver info: org.openqa.selenium.firefox.FirefoxDriver
Capabilities [{applicationCacheEnabled=true, rotatable=false, handlesAlerts=true, databaseEnabled=true, version=45.0.1, platform=WINDOWS, nativeEvents=false, acceptSslCerts=true, webStorageEnabled=true, locationContextEnabled=true, browserName=firefox, takesScreenshot=true, javascriptEnabled=true, cssSelectorsEnabled=true}]
Session ID: 43688b5c-bec9-4cc2-82eb-4d8612507440
*** Element info: {Using=xpath, value=div/div/h3}
2016-05-04 15:22:19 ERROR - -----------------------------------------------------------------------
2016-05-04 15:28:22 ERROR - Unable to locate element: {"method":"xpath","selector":"div/div/h3"}
Command duration or timeout: 60.09 seconds
For documentation on this error, please visit: http://seleniumhq.org/exceptions/no_such_element.html
Build info: version: '2.53.0', revision: '35ae25b1534ae328c771e0856c93e187490ca824', time: '2016-03-15 10:43:46'
System info: host: 'DAMCO-PC', ip: '192.168.6.206', os.name: 'Windows 7', os.arch: 'amd64', os.version: '6.1', java.version: '1.8.0_71'
Driver info: org.openqa.selenium.firefox.FirefoxDriver
Capabilities [{applicationCacheEnabled=true, rotatable=false, handlesAlerts=true, databaseEnabled=true, version=45.0.1, platform=WINDOWS, nativeEvents=false, acceptSslCerts=true, webStorageEnabled=true, locationContextEnabled=true, browserName=firefox, takesScreenshot=true, javascriptEnabled=true, cssSelectorsEnabled=true}]
Session ID: 7f7b175d-0b10-41d0-b3cb-a36006606c46
*** Element info: {Using=xpath, value=div/div/h3}
2016-05-04 15:28:22 ERROR - -----------------------------------------------------------------------
2016-05-04 15:32:03 ERROR - Unable to locate element: {"method":"xpath","selector":"div/div/h3"}
Command duration or timeout: 60.10 seconds
For documentation on this error, please visit: http://seleniumhq.org/exceptions/no_such_element.html
Build info: version: '2.53.0', revision: '35ae25b1534ae328c771e0856c93e187490ca824', time: '2016-03-15 10:43:46'
System info: host: 'DAMCO-PC', ip: '192.168.6.206', os.name: 'Windows 7', os.arch: 'amd64', os.version: '6.1', java.version: '1.8.0_71'
Driver info: org.openqa.selenium.firefox.FirefoxDriver
Capabilities [{applicationCacheEnabled=true, rotatable=false, handlesAlerts=true, databaseEnabled=true, version=45.0.1, platform=WINDOWS, nativeEvents=false, acceptSslCerts=true, webStorageEnabled=true, locationContextEnabled=true, browserName=firefox, takesScreenshot=true, javascriptEnabled=true, cssSelectorsEnabled=true}]
Session ID: 91dc73d7-40d6-4275-9aaa-1e9bceb1de68
*** Element info: {Using=xpath, value=div/div/h3}
2016-05-04 15:32:03 ERROR - -----------------------------------------------------------------------
2016-05-04 15:36:50 ERROR - Unable to locate element: {"method":"xpath","selector":"div/div/h3"}
Command duration or timeout: 60.03 seconds
For documentation on this error, please visit: http://seleniumhq.org/exceptions/no_such_element.html
Build info: version: '2.53.0', revision: '35ae25b1534ae328c771e0856c93e187490ca824', time: '2016-03-15 10:43:46'
System info: host: 'DAMCO-PC', ip: '192.168.6.206', os.name: 'Windows 7', os.arch: 'amd64', os.version: '6.1', java.version: '1.8.0_71'
Driver info: org.openqa.selenium.firefox.FirefoxDriver
Capabilities [{applicationCacheEnabled=true, rotatable=false, handlesAlerts=true, databaseEnabled=true, version=45.0.1, platform=WINDOWS, nativeEvents=false, acceptSslCerts=true, webStorageEnabled=true, locationContextEnabled=true, browserName=firefox, takesScreenshot=true, javascriptEnabled=true, cssSelectorsEnabled=true}]
Session ID: 8a9eb47b-d605-4da5-a2ce-f36866808c49
*** Element info: {Using=xpath, value=div/div/h3}
2016-05-04 15:36:50 ERROR - -----------------------------------------------------------------------
2016-05-04 15:42:21 ERROR - Unable to locate element: {"method":"xpath","selector":"div/div/h3"}
Command duration or timeout: 5.12 seconds
For documentation on this error, please visit: http://seleniumhq.org/exceptions/no_such_element.html
Build info: version: '2.53.0', revision: '35ae25b1534ae328c771e0856c93e187490ca824', time: '2016-03-15 10:43:46'
System info: host: 'DAMCO-PC', ip: '192.168.6.206', os.name: 'Windows 7', os.arch: 'amd64', os.version: '6.1', java.version: '1.8.0_71'
Driver info: org.openqa.selenium.firefox.FirefoxDriver
Capabilities [{applicationCacheEnabled=true, rotatable=false, handlesAlerts=true, databaseEnabled=true, version=45.0.1, platform=WINDOWS, nativeEvents=false, acceptSslCerts=true, webStorageEnabled=true, locationContextEnabled=true, browserName=firefox, takesScreenshot=true, javascriptEnabled=true, cssSelectorsEnabled=true}]
Session ID: d405dbe7-7770-4394-82ff-ec0215ed1e9b
*** Element info: {Using=xpath, value=div/div/h3}
2016-05-04 15:42:21 ERROR - -----------------------------------------------------------------------
2016-05-04 15:49:53 ERROR - Unable to locate element: {"method":"xpath","selector":"div/div/h3"}
Command duration or timeout: 5.02 seconds
For documentation on this error, please visit: http://seleniumhq.org/exceptions/no_such_element.html
Build info: version: '2.53.0', revision: '35ae25b1534ae328c771e0856c93e187490ca824', time: '2016-03-15 10:43:46'
System info: host: 'DAMCO-PC', ip: '192.168.6.206', os.name: 'Windows 7', os.arch: 'amd64', os.version: '6.1', java.version: '1.8.0_71'
Driver info: org.openqa.selenium.firefox.FirefoxDriver
Capabilities [{applicationCacheEnabled=true, rotatable=false, handlesAlerts=true, databaseEnabled=true, version=45.0.1, platform=WINDOWS, nativeEvents=false, acceptSslCerts=true, webStorageEnabled=true, locationContextEnabled=true, browserName=firefox, takesScreenshot=true, javascriptEnabled=true, cssSelectorsEnabled=true}]
Session ID: a11a76af-02b5-4414-a6d4-d6cef0443bde
*** Element info: {Using=xpath, value=div/div/h3}
2016-05-04 15:49:53 ERROR - -----------------------------------------------------------------------
2016-05-04 16:07:46 ERROR - Unable to locate element: {"method":"xpath","selector":"div/div/h3"}
Command duration or timeout: 5.05 seconds
For documentation on this error, please visit: http://seleniumhq.org/exceptions/no_such_element.html
Build info: version: '2.53.0', revision: '35ae25b1534ae328c771e0856c93e187490ca824', time: '2016-03-15 10:43:46'
System info: host: 'DAMCO-PC', ip: '192.168.6.206', os.name: 'Windows 7', os.arch: 'amd64', os.version: '6.1', java.version: '1.8.0_71'
Driver info: org.openqa.selenium.firefox.FirefoxDriver
Capabilities [{applicationCacheEnabled=true, rotatable=false, handlesAlerts=true, databaseEnabled=true, version=45.0.1, platform=WINDOWS, nativeEvents=false, acceptSslCerts=true, webStorageEnabled=true, locationContextEnabled=true, browserName=firefox, takesScreenshot=true, javascriptEnabled=true, cssSelectorsEnabled=true}]
Session ID: 2021a969-4d90-40b4-b874-8cacffeaa785
*** Element info: {Using=xpath, value=div/div/h3}
2016-05-04 16:07:46 ERROR - -----------------------------------------------------------------------
2016-05-04 16:12:45 ERROR - Test step has failed...
2016-05-04 16:12:45 ERROR - -----------------------------------------------------------------------
2016-05-04 16:43:01 ERROR - 
2016-05-04 16:43:01 ERROR - -----------------------------------------------------------------------
2016-05-04 17:29:50 ERROR - 
2016-05-04 17:29:50 ERROR - -----------------------------------------------------------------------
2016-05-04 17:43:17 ERROR - 
2016-05-04 17:43:17 ERROR - -----------------------------------------------------------------------
2016-05-04 17:49:04 ERROR - 
2016-05-04 17:49:04 ERROR - -----------------------------------------------------------------------
2016-05-04 18:58:00 ERROR - There is no record
2016-05-04 18:58:00 ERROR - -----------------------------------------------------------------------
2016-05-04 18:59:41 ERROR - Element not found in the cache - perhaps the page has changed since it was looked up
Command duration or timeout: 551 milliseconds
For documentation on this error, please visit: http://seleniumhq.org/exceptions/stale_element_reference.html
Build info: version: '2.53.0', revision: '35ae25b1534ae328c771e0856c93e187490ca824', time: '2016-03-15 10:43:46'
System info: host: 'DAMCO-PC', ip: '192.168.6.206', os.name: 'Windows 7', os.arch: 'amd64', os.version: '6.1', java.version: '1.8.0_71'
Driver info: org.openqa.selenium.firefox.FirefoxDriver
Capabilities [{applicationCacheEnabled=true, rotatable=false, handlesAlerts=true, databaseEnabled=true, version=45.0.1, platform=WINDOWS, nativeEvents=false, acceptSslCerts=true, webStorageEnabled=true, locationContextEnabled=true, browserName=firefox, takesScreenshot=true, javascriptEnabled=true, cssSelectorsEnabled=true}]
Session ID: 3c918154-089a-4bb7-8d85-4e4914c353c2
*** Element info: {Using=xpath, value=div/div[3]/div/div/button[2]}
2016-05-04 18:59:41 ERROR - -----------------------------------------------------------------------
2016-05-04 19:01:55 ERROR - Unable to locate element: {"method":"xpath","selector":"div/div[3]/div/div/button[2]"}
Command duration or timeout: 60.04 seconds
For documentation on this error, please visit: http://seleniumhq.org/exceptions/no_such_element.html
Build info: version: '2.53.0', revision: '35ae25b1534ae328c771e0856c93e187490ca824', time: '2016-03-15 10:43:46'
System info: host: 'DAMCO-PC', ip: '192.168.6.206', os.name: 'Windows 7', os.arch: 'amd64', os.version: '6.1', java.version: '1.8.0_71'
Driver info: org.openqa.selenium.firefox.FirefoxDriver
Capabilities [{applicationCacheEnabled=true, rotatable=false, handlesAlerts=true, databaseEnabled=true, version=45.0.1, platform=WINDOWS, nativeEvents=false, acceptSslCerts=true, webStorageEnabled=true, locationContextEnabled=true, browserName=firefox, takesScreenshot=true, javascriptEnabled=true, cssSelectorsEnabled=true}]
Session ID: a2406285-5a47-4a52-88e7-e4dcaa815175
*** Element info: {Using=xpath, value=div/div[3]/div/div/button[2]}
2016-05-04 19:01:55 ERROR - -----------------------------------------------------------------------
2016-05-04 19:11:46 ERROR - There is no record
2016-05-04 19:11:46 ERROR - -----------------------------------------------------------------------
2016-05-04 19:15:59 ERROR - Test step has failed...
2016-05-04 19:15:59 ERROR - -----------------------------------------------------------------------
2016-05-05 12:13:50 ERROR - Test step has failed...
2016-05-05 12:13:50 ERROR - -----------------------------------------------------------------------
2016-05-05 12:17:28 ERROR - Test step has failed...
2016-05-05 12:17:28 ERROR - -----------------------------------------------------------------------
2016-05-05 12:25:28 ERROR - Test step has failed...
2016-05-05 12:25:28 ERROR - -----------------------------------------------------------------------
2016-05-05 12:34:33 ERROR - Test step has failed...
2016-05-05 12:34:33 ERROR - -----------------------------------------------------------------------
2016-05-05 12:37:48 ERROR - Test step has failed...
2016-05-05 12:37:48 ERROR - -----------------------------------------------------------------------
2016-05-05 12:42:33 ERROR - Test step has failed...
2016-05-05 12:42:33 ERROR - -----------------------------------------------------------------------
2016-05-05 12:45:53 ERROR - Test step has failed...
2016-05-05 12:45:53 ERROR - -----------------------------------------------------------------------
2016-05-05 12:47:32 ERROR - Test step has failed...
2016-05-05 12:47:32 ERROR - -----------------------------------------------------------------------
2016-05-05 12:49:52 ERROR - Test step has failed...
2016-05-05 12:49:52 ERROR - -----------------------------------------------------------------------
2016-05-05 13:21:24 ERROR - Test step has failed...
2016-05-05 13:21:24 ERROR - -----------------------------------------------------------------------
2016-05-05 14:46:17 ERROR - Test step has failed...
2016-05-05 14:46:17 ERROR - -----------------------------------------------------------------------
2016-05-05 15:51:15 ERROR - Element is not clickable at point (957.933349609375, 30). Other element would receive the click: <div class="modal-header"></div>
Command duration or timeout: 65 milliseconds
Build info: version: '2.53.0', revision: '35ae25b1534ae328c771e0856c93e187490ca824', time: '2016-03-15 10:43:46'
System info: host: 'DAMCO-PC', ip: '192.168.6.206', os.name: 'Windows 7', os.arch: 'amd64', os.version: '6.1', java.version: '1.8.0_71'
Driver info: org.openqa.selenium.firefox.FirefoxDriver
Capabilities [{applicationCacheEnabled=true, rotatable=false, handlesAlerts=true, databaseEnabled=true, version=45.0.1, platform=WINDOWS, nativeEvents=false, acceptSslCerts=true, webStorageEnabled=true, locationContextEnabled=true, browserName=firefox, takesScreenshot=true, javascriptEnabled=true, cssSelectorsEnabled=true}]
Session ID: d6354e8b-1530-4a33-9441-cd77fdf28d31
2016-05-05 15:51:15 ERROR - -----------------------------------------------------------------------
2016-05-05 15:51:16 ERROR - Element is not clickable at point (957.933349609375, 30). Other element would receive the click: <div class="modal-header"></div>
Command duration or timeout: 76 milliseconds
Build info: version: '2.53.0', revision: '35ae25b1534ae328c771e0856c93e187490ca824', time: '2016-03-15 10:43:46'
System info: host: 'DAMCO-PC', ip: '192.168.6.206', os.name: 'Windows 7', os.arch: 'amd64', os.version: '6.1', java.version: '1.8.0_71'
Driver info: org.openqa.selenium.firefox.FirefoxDriver
Capabilities [{applicationCacheEnabled=true, rotatable=false, handlesAlerts=true, databaseEnabled=true, version=45.0.1, platform=WINDOWS, nativeEvents=false, acceptSslCerts=true, webStorageEnabled=true, locationContextEnabled=true, browserName=firefox, takesScreenshot=true, javascriptEnabled=true, cssSelectorsEnabled=true}]
Session ID: d6354e8b-1530-4a33-9441-cd77fdf28d31
2016-05-05 15:51:16 ERROR - -----------------------------------------------------------------------
2016-05-05 15:51:17 ERROR - Element is not clickable at point (957.933349609375, 30). Other element would receive the click: <div class="modal-header"></div>
Command duration or timeout: 67 milliseconds
Build info: version: '2.53.0', revision: '35ae25b1534ae328c771e0856c93e187490ca824', time: '2016-03-15 10:43:46'
System info: host: 'DAMCO-PC', ip: '192.168.6.206', os.name: 'Windows 7', os.arch: 'amd64', os.version: '6.1', java.version: '1.8.0_71'
Driver info: org.openqa.selenium.firefox.FirefoxDriver
Capabilities [{applicationCacheEnabled=true, rotatable=false, handlesAlerts=true, databaseEnabled=true, version=45.0.1, platform=WINDOWS, nativeEvents=false, acceptSslCerts=true, webStorageEnabled=true, locationContextEnabled=true, browserName=firefox, takesScreenshot=true, javascriptEnabled=true, cssSelectorsEnabled=true}]
Session ID: d6354e8b-1530-4a33-9441-cd77fdf28d31
2016-05-05 15:51:17 ERROR - -----------------------------------------------------------------------
2016-05-05 15:51:18 ERROR - Element is not clickable at point (957.933349609375, 30). Other element would receive the click: <div class="modal-header"></div>
Command duration or timeout: 68 milliseconds
Build info: version: '2.53.0', revision: '35ae25b1534ae328c771e0856c93e187490ca824', time: '2016-03-15 10:43:46'
System info: host: 'DAMCO-PC', ip: '192.168.6.206', os.name: 'Windows 7', os.arch: 'amd64', os.version: '6.1', java.version: '1.8.0_71'
Driver info: org.openqa.selenium.firefox.FirefoxDriver
Capabilities [{applicationCacheEnabled=true, rotatable=false, handlesAlerts=true, databaseEnabled=true, version=45.0.1, platform=WINDOWS, nativeEvents=false, acceptSslCerts=true, webStorageEnabled=true, locationContextEnabled=true, browserName=firefox, takesScreenshot=true, javascriptEnabled=true, cssSelectorsEnabled=true}]
Session ID: d6354e8b-1530-4a33-9441-cd77fdf28d31
2016-05-05 15:51:18 ERROR - -----------------------------------------------------------------------
2016-05-05 15:51:19 ERROR - Element is not clickable at point (957.933349609375, 30). Other element would receive the click: <div class="modal-header"></div>
Command duration or timeout: 71 milliseconds
Build info: version: '2.53.0', revision: '35ae25b1534ae328c771e0856c93e187490ca824', time: '2016-03-15 10:43:46'
System info: host: 'DAMCO-PC', ip: '192.168.6.206', os.name: 'Windows 7', os.arch: 'amd64', os.version: '6.1', java.version: '1.8.0_71'
Driver info: org.openqa.selenium.firefox.FirefoxDriver
Capabilities [{applicationCacheEnabled=true, rotatable=false, handlesAlerts=true, databaseEnabled=true, version=45.0.1, platform=WINDOWS, nativeEvents=false, acceptSslCerts=true, webStorageEnabled=true, locationContextEnabled=true, browserName=firefox, takesScreenshot=true, javascriptEnabled=true, cssSelectorsEnabled=true}]
Session ID: d6354e8b-1530-4a33-9441-cd77fdf28d31
2016-05-05 15:51:19 ERROR - -----------------------------------------------------------------------
2016-05-05 15:51:20 ERROR - Element is not clickable at point (957.933349609375, 30). Other element would receive the click: <div class="modal-header"></div>
Command duration or timeout: 72 milliseconds
Build info: version: '2.53.0', revision: '35ae25b1534ae328c771e0856c93e187490ca824', time: '2016-03-15 10:43:46'
System info: host: 'DAMCO-PC', ip: '192.168.6.206', os.name: 'Windows 7', os.arch: 'amd64', os.version: '6.1', java.version: '1.8.0_71'
Driver info: org.openqa.selenium.firefox.FirefoxDriver
Capabilities [{applicationCacheEnabled=true, rotatable=false, handlesAlerts=true, databaseEnabled=true, version=45.0.1, platform=WINDOWS, nativeEvents=false, acceptSslCerts=true, webStorageEnabled=true, locationContextEnabled=true, browserName=firefox, takesScreenshot=true, javascriptEnabled=true, cssSelectorsEnabled=true}]
Session ID: d6354e8b-1530-4a33-9441-cd77fdf28d31
2016-05-05 15:51:20 ERROR - -----------------------------------------------------------------------
2016-05-05 15:51:21 ERROR - Element is not clickable at point (957.933349609375, 30). Other element would receive the click: <div class="modal-header"></div>
Command duration or timeout: 62 milliseconds
Build info: version: '2.53.0', revision: '35ae25b1534ae328c771e0856c93e187490ca824', time: '2016-03-15 10:43:46'
System info: host: 'DAMCO-PC', ip: '192.168.6.206', os.name: 'Windows 7', os.arch: 'amd64', os.version: '6.1', java.version: '1.8.0_71'
Driver info: org.openqa.selenium.firefox.FirefoxDriver
Capabilities [{applicationCacheEnabled=true, rotatable=false, handlesAlerts=true, databaseEnabled=true, version=45.0.1, platform=WINDOWS, nativeEvents=false, acceptSslCerts=true, webStorageEnabled=true, locationContextEnabled=true, browserName=firefox, takesScreenshot=true, javascriptEnabled=true, cssSelectorsEnabled=true}]
Session ID: d6354e8b-1530-4a33-9441-cd77fdf28d31
2016-05-05 15:51:21 ERROR - -----------------------------------------------------------------------
2016-05-05 15:51:22 ERROR - Element is not clickable at point (957.933349609375, 30). Other element would receive the click: <div class="modal-header"></div>
Command duration or timeout: 62 milliseconds
Build info: version: '2.53.0', revision: '35ae25b1534ae328c771e0856c93e187490ca824', time: '2016-03-15 10:43:46'
System info: host: 'DAMCO-PC', ip: '192.168.6.206', os.name: 'Windows 7', os.arch: 'amd64', os.version: '6.1', java.version: '1.8.0_71'
Driver info: org.openqa.selenium.firefox.FirefoxDriver
Capabilities [{applicationCacheEnabled=true, rotatable=false, handlesAlerts=true, databaseEnabled=true, version=45.0.1, platform=WINDOWS, nativeEvents=false, acceptSslCerts=true, webStorageEnabled=true, locationContextEnabled=true, browserName=firefox, takesScreenshot=true, javascriptEnabled=true, cssSelectorsEnabled=true}]
Session ID: d6354e8b-1530-4a33-9441-cd77fdf28d31
2016-05-05 15:51:22 ERROR - -----------------------------------------------------------------------
2016-05-05 15:51:23 ERROR - Element is not clickable at point (957.933349609375, 30). Other element would receive the click: <div class="modal-header"></div>
Command duration or timeout: 67 milliseconds
Build info: version: '2.53.0', revision: '35ae25b1534ae328c771e0856c93e187490ca824', time: '2016-03-15 10:43:46'
System info: host: 'DAMCO-PC', ip: '192.168.6.206', os.name: 'Windows 7', os.arch: 'amd64', os.version: '6.1', java.version: '1.8.0_71'
Driver info: org.openqa.selenium.firefox.FirefoxDriver
Capabilities [{applicationCacheEnabled=true, rotatable=false, handlesAlerts=true, databaseEnabled=true, version=45.0.1, platform=WINDOWS, nativeEvents=false, acceptSslCerts=true, webStorageEnabled=true, locationContextEnabled=true, browserName=firefox, takesScreenshot=true, javascriptEnabled=true, cssSelectorsEnabled=true}]
Session ID: d6354e8b-1530-4a33-9441-cd77fdf28d31
2016-05-05 15:51:23 ERROR - -----------------------------------------------------------------------
2016-05-05 15:51:24 ERROR - Element is not clickable at point (957.933349609375, 30). Other element would receive the click: <div class="modal-header"></div>
Command duration or timeout: 65 milliseconds
Build info: version: '2.53.0', revision: '35ae25b1534ae328c771e0856c93e187490ca824', time: '2016-03-15 10:43:46'
System info: host: 'DAMCO-PC', ip: '192.168.6.206', os.name: 'Windows 7', os.arch: 'amd64', os.version: '6.1', java.version: '1.8.0_71'
Driver info: org.openqa.selenium.firefox.FirefoxDriver
Capabilities [{applicationCacheEnabled=true, rotatable=false, handlesAlerts=true, databaseEnabled=true, version=45.0.1, platform=WINDOWS, nativeEvents=false, acceptSslCerts=true, webStorageEnabled=true, locationContextEnabled=true, browserName=firefox, takesScreenshot=true, javascriptEnabled=true, cssSelectorsEnabled=true}]
Session ID: d6354e8b-1530-4a33-9441-cd77fdf28d31
2016-05-05 15:51:24 ERROR - -----------------------------------------------------------------------
2016-05-05 15:51:25 ERROR - Element is not clickable at point (957.933349609375, 30). Other element would receive the click: <div class="modal-header"></div>
Command duration or timeout: 76 milliseconds
Build info: version: '2.53.0', revision: '35ae25b1534ae328c771e0856c93e187490ca824', time: '2016-03-15 10:43:46'
System info: host: 'DAMCO-PC', ip: '192.168.6.206', os.name: 'Windows 7', os.arch: 'amd64', os.version: '6.1', java.version: '1.8.0_71'
Driver info: org.openqa.selenium.firefox.FirefoxDriver
Capabilities [{applicationCacheEnabled=true, rotatable=false, handlesAlerts=true, databaseEnabled=true, version=45.0.1, platform=WINDOWS, nativeEvents=false, acceptSslCerts=true, webStorageEnabled=true, locationContextEnabled=true, browserName=firefox, takesScreenshot=true, javascriptEnabled=true, cssSelectorsEnabled=true}]
Session ID: d6354e8b-1530-4a33-9441-cd77fdf28d31
2016-05-05 15:51:25 ERROR - -----------------------------------------------------------------------
2016-05-05 15:51:26 ERROR - Element is not clickable at point (957.933349609375, 30). Other element would receive the click: <div class="modal-header"></div>
Command duration or timeout: 61 milliseconds
Build info: version: '2.53.0', revision: '35ae25b1534ae328c771e0856c93e187490ca824', time: '2016-03-15 10:43:46'
System info: host: 'DAMCO-PC', ip: '192.168.6.206', os.name: 'Windows 7', os.arch: 'amd64', os.version: '6.1', java.version: '1.8.0_71'
Driver info: org.openqa.selenium.firefox.FirefoxDriver
Capabilities [{applicationCacheEnabled=true, rotatable=false, handlesAlerts=true, databaseEnabled=true, version=45.0.1, platform=WINDOWS, nativeEvents=false, acceptSslCerts=true, webStorageEnabled=true, locationContextEnabled=true, browserName=firefox, takesScreenshot=true, javascriptEnabled=true, cssSelectorsEnabled=true}]
Session ID: d6354e8b-1530-4a33-9441-cd77fdf28d31
2016-05-05 15:51:26 ERROR - -----------------------------------------------------------------------
2016-05-05 15:51:27 ERROR - Element is not clickable at point (957.933349609375, 30). Other element would receive the click: <div class="modal-header"></div>
Command duration or timeout: 63 milliseconds
Build info: version: '2.53.0', revision: '35ae25b1534ae328c771e0856c93e187490ca824', time: '2016-03-15 10:43:46'
System info: host: 'DAMCO-PC', ip: '192.168.6.206', os.name: 'Windows 7', os.arch: 'amd64', os.version: '6.1', java.version: '1.8.0_71'
Driver info: org.openqa.selenium.firefox.FirefoxDriver
Capabilities [{applicationCacheEnabled=true, rotatable=false, handlesAlerts=true, databaseEnabled=true, version=45.0.1, platform=WINDOWS, nativeEvents=false, acceptSslCerts=true, webStorageEnabled=true, locationContextEnabled=true, browserName=firefox, takesScreenshot=true, javascriptEnabled=true, cssSelectorsEnabled=true}]
Session ID: d6354e8b-1530-4a33-9441-cd77fdf28d31
2016-05-05 15:51:27 ERROR - -----------------------------------------------------------------------
2016-05-05 15:51:28 ERROR - Element is not clickable at point (957.933349609375, 30). Other element would receive the click: <div class="modal-header"></div>
Command duration or timeout: 68 milliseconds
Build info: version: '2.53.0', revision: '35ae25b1534ae328c771e0856c93e187490ca824', time: '2016-03-15 10:43:46'
System info: host: 'DAMCO-PC', ip: '192.168.6.206', os.name: 'Windows 7', os.arch: 'amd64', os.version: '6.1', java.version: '1.8.0_71'
Driver info: org.openqa.selenium.firefox.FirefoxDriver
Capabilities [{applicationCacheEnabled=true, rotatable=false, handlesAlerts=true, databaseEnabled=true, version=45.0.1, platform=WINDOWS, nativeEvents=false, acceptSslCerts=true, webStorageEnabled=true, locationContextEnabled=true, browserName=firefox, takesScreenshot=true, javascriptEnabled=true, cssSelectorsEnabled=true}]
Session ID: d6354e8b-1530-4a33-9441-cd77fdf28d31
2016-05-05 15:51:28 ERROR - -----------------------------------------------------------------------
2016-05-05 15:51:29 ERROR - Element is not clickable at point (957.933349609375, 30). Other element would receive the click: <div class="modal-header"></div>
Command duration or timeout: 70 milliseconds
Build info: version: '2.53.0', revision: '35ae25b1534ae328c771e0856c93e187490ca824', time: '2016-03-15 10:43:46'
System info: host: 'DAMCO-PC', ip: '192.168.6.206', os.name: 'Windows 7', os.arch: 'amd64', os.version: '6.1', java.version: '1.8.0_71'
Driver info: org.openqa.selenium.firefox.FirefoxDriver
Capabilities [{applicationCacheEnabled=true, rotatable=false, handlesAlerts=true, databaseEnabled=true, version=45.0.1, platform=WINDOWS, nativeEvents=false, acceptSslCerts=true, webStorageEnabled=true, locationContextEnabled=true, browserName=firefox, takesScreenshot=true, javascriptEnabled=true, cssSelectorsEnabled=true}]
Session ID: d6354e8b-1530-4a33-9441-cd77fdf28d31
2016-05-05 15:51:29 ERROR - -----------------------------------------------------------------------
2016-05-05 15:51:30 ERROR - Element is not clickable at point (957.933349609375, 30). Other element would receive the click: <div class="modal-header"></div>
Command duration or timeout: 60 milliseconds
Build info: version: '2.53.0', revision: '35ae25b1534ae328c771e0856c93e187490ca824', time: '2016-03-15 10:43:46'
System info: host: 'DAMCO-PC', ip: '192.168.6.206', os.name: 'Windows 7', os.arch: 'amd64', os.version: '6.1', java.version: '1.8.0_71'
Driver info: org.openqa.selenium.firefox.FirefoxDriver
Capabilities [{applicationCacheEnabled=true, rotatable=false, handlesAlerts=true, databaseEnabled=true, version=45.0.1, platform=WINDOWS, nativeEvents=false, acceptSslCerts=true, webStorageEnabled=true, locationContextEnabled=true, browserName=firefox, takesScreenshot=true, javascriptEnabled=true, cssSelectorsEnabled=true}]
Session ID: d6354e8b-1530-4a33-9441-cd77fdf28d31
2016-05-05 15:51:30 ERROR - -----------------------------------------------------------------------
2016-05-05 15:51:31 ERROR - Element is not clickable at point (957.933349609375, 30). Other element would receive the click: <div class="modal-header"></div>
Command duration or timeout: 62 milliseconds
Build info: version: '2.53.0', revision: '35ae25b1534ae328c771e0856c93e187490ca824', time: '2016-03-15 10:43:46'
System info: host: 'DAMCO-PC', ip: '192.168.6.206', os.name: 'Windows 7', os.arch: 'amd64', os.version: '6.1', java.version: '1.8.0_71'
Driver info: org.openqa.selenium.firefox.FirefoxDriver
Capabilities [{applicationCacheEnabled=true, rotatable=false, handlesAlerts=true, databaseEnabled=true, version=45.0.1, platform=WINDOWS, nativeEvents=false, acceptSslCerts=true, webStorageEnabled=true, locationContextEnabled=true, browserName=firefox, takesScreenshot=true, javascriptEnabled=true, cssSelectorsEnabled=true}]
Session ID: d6354e8b-1530-4a33-9441-cd77fdf28d31
2016-05-05 15:51:31 ERROR - -----------------------------------------------------------------------
2016-05-05 15:51:32 ERROR - Element is not clickable at point (957.933349609375, 30). Other element would receive the click: <div class="modal-header"></div>
Command duration or timeout: 64 milliseconds
Build info: version: '2.53.0', revision: '35ae25b1534ae328c771e0856c93e187490ca824', time: '2016-03-15 10:43:46'
System info: host: 'DAMCO-PC', ip: '192.168.6.206', os.name: 'Windows 7', os.arch: 'amd64', os.version: '6.1', java.version: '1.8.0_71'
Driver info: org.openqa.selenium.firefox.FirefoxDriver
Capabilities [{applicationCacheEnabled=true, rotatable=false, handlesAlerts=true, databaseEnabled=true, version=45.0.1, platform=WINDOWS, nativeEvents=false, acceptSslCerts=true, webStorageEnabled=true, locationContextEnabled=true, browserName=firefox, takesScreenshot=true, javascriptEnabled=true, cssSelectorsEnabled=true}]
Session ID: d6354e8b-1530-4a33-9441-cd77fdf28d31
2016-05-05 15:51:32 ERROR - -----------------------------------------------------------------------
2016-05-05 15:51:33 ERROR - Element is not clickable at point (957.933349609375, 30). Other element would receive the click: <div class="modal-header"></div>
Command duration or timeout: 67 milliseconds
Build info: version: '2.53.0', revision: '35ae25b1534ae328c771e0856c93e187490ca824', time: '2016-03-15 10:43:46'
System info: host: 'DAMCO-PC', ip: '192.168.6.206', os.name: 'Windows 7', os.arch: 'amd64', os.version: '6.1', java.version: '1.8.0_71'
Driver info: org.openqa.selenium.firefox.FirefoxDriver
Capabilities [{applicationCacheEnabled=true, rotatable=false, handlesAlerts=true, databaseEnabled=true, version=45.0.1, platform=WINDOWS, nativeEvents=false, acceptSslCerts=true, webStorageEnabled=true, locationContextEnabled=true, browserName=firefox, takesScreenshot=true, javascriptEnabled=true, cssSelectorsEnabled=true}]
Session ID: d6354e8b-1530-4a33-9441-cd77fdf28d31
2016-05-05 15:51:33 ERROR - -----------------------------------------------------------------------
2016-05-05 15:51:34 ERROR - Element is not clickable at point (957.933349609375, 30). Other element would receive the click: <div class="modal-header"></div>
Command duration or timeout: 73 milliseconds
Build info: version: '2.53.0', revision: '35ae25b1534ae328c771e0856c93e187490ca824', time: '2016-03-15 10:43:46'
System info: host: 'DAMCO-PC', ip: '192.168.6.206', os.name: 'Windows 7', os.arch: 'amd64', os.version: '6.1', java.version: '1.8.0_71'
Driver info: org.openqa.selenium.firefox.FirefoxDriver
Capabilities [{applicationCacheEnabled=true, rotatable=false, handlesAlerts=true, databaseEnabled=true, version=45.0.1, platform=WINDOWS, nativeEvents=false, acceptSslCerts=true, webStorageEnabled=true, locationContextEnabled=true, browserName=firefox, takesScreenshot=true, javascriptEnabled=true, cssSelectorsEnabled=true}]
Session ID: d6354e8b-1530-4a33-9441-cd77fdf28d31
2016-05-05 15:51:34 ERROR - -----------------------------------------------------------------------
2016-05-05 15:51:35 ERROR - Element is not clickable at point (957.933349609375, 30). Other element would receive the click: <div class="modal-header"></div>
Command duration or timeout: 70 milliseconds
Build info: version: '2.53.0', revision: '35ae25b1534ae328c771e0856c93e187490ca824', time: '2016-03-15 10:43:46'
System info: host: 'DAMCO-PC', ip: '192.168.6.206', os.name: 'Windows 7', os.arch: 'amd64', os.version: '6.1', java.version: '1.8.0_71'
Driver info: org.openqa.selenium.firefox.FirefoxDriver
Capabilities [{applicationCacheEnabled=true, rotatable=false, handlesAlerts=true, databaseEnabled=true, version=45.0.1, platform=WINDOWS, nativeEvents=false, acceptSslCerts=true, webStorageEnabled=true, locationContextEnabled=true, browserName=firefox, takesScreenshot=true, javascriptEnabled=true, cssSelectorsEnabled=true}]
Session ID: d6354e8b-1530-4a33-9441-cd77fdf28d31
2016-05-05 15:51:35 ERROR - -----------------------------------------------------------------------
2016-05-05 15:56:52 ERROR - Test step has failed...
2016-05-05 15:56:52 ERROR - -----------------------------------------------------------------------
2016-05-05 16:00:38 ERROR - Test step has failed...
2016-05-05 16:00:38 ERROR - -----------------------------------------------------------------------
2016-05-05 16:16:02 ERROR - Unable to locate element: {"method":"xpath","selector":"div/div/h3"}
Command duration or timeout: 5.10 seconds
For documentation on this error, please visit: http://seleniumhq.org/exceptions/no_such_element.html
Build info: version: '2.53.0', revision: '35ae25b1534ae328c771e0856c93e187490ca824', time: '2016-03-15 10:43:46'
System info: host: 'DAMCO-PC', ip: '192.168.6.206', os.name: 'Windows 7', os.arch: 'amd64', os.version: '6.1', java.version: '1.8.0_71'
Driver info: org.openqa.selenium.firefox.FirefoxDriver
Capabilities [{applicationCacheEnabled=true, rotatable=false, handlesAlerts=true, databaseEnabled=true, version=45.0.1, platform=WINDOWS, nativeEvents=false, acceptSslCerts=true, webStorageEnabled=true, locationContextEnabled=true, browserName=firefox, takesScreenshot=true, javascriptEnabled=true, cssSelectorsEnabled=true}]
Session ID: 36bbd6ae-1a7a-49fb-a391-7e9c9cf940b4
*** Element info: {Using=xpath, value=div/div/h3}
2016-05-05 16:16:02 ERROR - -----------------------------------------------------------------------
2016-05-05 16:16:43 ERROR - Element is not clickable at point (957.933349609375, 30). Other element would receive the click: <div class="modal-header"></div>
Command duration or timeout: 60 milliseconds
Build info: version: '2.53.0', revision: '35ae25b1534ae328c771e0856c93e187490ca824', time: '2016-03-15 10:43:46'
System info: host: 'DAMCO-PC', ip: '192.168.6.206', os.name: 'Windows 7', os.arch: 'amd64', os.version: '6.1', java.version: '1.8.0_71'
Driver info: org.openqa.selenium.firefox.FirefoxDriver
Capabilities [{applicationCacheEnabled=true, rotatable=false, handlesAlerts=true, databaseEnabled=true, version=45.0.1, platform=WINDOWS, nativeEvents=false, acceptSslCerts=true, webStorageEnabled=true, locationContextEnabled=true, browserName=firefox, takesScreenshot=true, javascriptEnabled=true, cssSelectorsEnabled=true}]
Session ID: 36bbd6ae-1a7a-49fb-a391-7e9c9cf940b4
2016-05-05 16:16:43 ERROR - -----------------------------------------------------------------------
2016-05-05 16:16:44 ERROR - Element is not clickable at point (957.933349609375, 30). Other element would receive the click: <div class="modal-header"></div>
Command duration or timeout: 70 milliseconds
Build info: version: '2.53.0', revision: '35ae25b1534ae328c771e0856c93e187490ca824', time: '2016-03-15 10:43:46'
System info: host: 'DAMCO-PC', ip: '192.168.6.206', os.name: 'Windows 7', os.arch: 'amd64', os.version: '6.1', java.version: '1.8.0_71'
Driver info: org.openqa.selenium.firefox.FirefoxDriver
Capabilities [{applicationCacheEnabled=true, rotatable=false, handlesAlerts=true, databaseEnabled=true, version=45.0.1, platform=WINDOWS, nativeEvents=false, acceptSslCerts=true, webStorageEnabled=true, locationContextEnabled=true, browserName=firefox, takesScreenshot=true, javascriptEnabled=true, cssSelectorsEnabled=true}]
Session ID: 36bbd6ae-1a7a-49fb-a391-7e9c9cf940b4
2016-05-05 16:16:44 ERROR - -----------------------------------------------------------------------
2016-05-05 16:16:45 ERROR - Element is not clickable at point (957.933349609375, 30). Other element would receive the click: <div class="modal-header"></div>
Command duration or timeout: 65 milliseconds
Build info: version: '2.53.0', revision: '35ae25b1534ae328c771e0856c93e187490ca824', time: '2016-03-15 10:43:46'
System info: host: 'DAMCO-PC', ip: '192.168.6.206', os.name: 'Windows 7', os.arch: 'amd64', os.version: '6.1', java.version: '1.8.0_71'
Driver info: org.openqa.selenium.firefox.FirefoxDriver
Capabilities [{applicationCacheEnabled=true, rotatable=false, handlesAlerts=true, databaseEnabled=true, version=45.0.1, platform=WINDOWS, nativeEvents=false, acceptSslCerts=true, webStorageEnabled=true, locationContextEnabled=true, browserName=firefox, takesScreenshot=true, javascriptEnabled=true, cssSelectorsEnabled=true}]
Session ID: 36bbd6ae-1a7a-49fb-a391-7e9c9cf940b4
2016-05-05 16:16:45 ERROR - -----------------------------------------------------------------------
2016-05-05 16:16:46 ERROR - Element is not clickable at point (957.933349609375, 30). Other element would receive the click: <div class="modal-header"></div>
Command duration or timeout: 69 milliseconds
Build info: version: '2.53.0', revision: '35ae25b1534ae328c771e0856c93e187490ca824', time: '2016-03-15 10:43:46'
System info: host: 'DAMCO-PC', ip: '192.168.6.206', os.name: 'Windows 7', os.arch: 'amd64', os.version: '6.1', java.version: '1.8.0_71'
Driver info: org.openqa.selenium.firefox.FirefoxDriver
Capabilities [{applicationCacheEnabled=true, rotatable=false, handlesAlerts=true, databaseEnabled=true, version=45.0.1, platform=WINDOWS, nativeEvents=false, acceptSslCerts=true, webStorageEnabled=true, locationContextEnabled=true, browserName=firefox, takesScreenshot=true, javascriptEnabled=true, cssSelectorsEnabled=true}]
Session ID: 36bbd6ae-1a7a-49fb-a391-7e9c9cf940b4
2016-05-05 16:16:46 ERROR - -----------------------------------------------------------------------
2016-05-05 16:16:47 ERROR - Element is not clickable at point (957.933349609375, 30). Other element would receive the click: <div class="modal-header"></div>
Command duration or timeout: 68 milliseconds
Build info: version: '2.53.0', revision: '35ae25b1534ae328c771e0856c93e187490ca824', time: '2016-03-15 10:43:46'
System info: host: 'DAMCO-PC', ip: '192.168.6.206', os.name: 'Windows 7', os.arch: 'amd64', os.version: '6.1', java.version: '1.8.0_71'
Driver info: org.openqa.selenium.firefox.FirefoxDriver
Capabilities [{applicationCacheEnabled=true, rotatable=false, handlesAlerts=true, databaseEnabled=true, version=45.0.1, platform=WINDOWS, nativeEvents=false, acceptSslCerts=true, webStorageEnabled=true, locationContextEnabled=true, browserName=firefox, takesScreenshot=true, javascriptEnabled=true, cssSelectorsEnabled=true}]
Session ID: 36bbd6ae-1a7a-49fb-a391-7e9c9cf940b4
2016-05-05 16:16:47 ERROR - -----------------------------------------------------------------------
2016-05-05 16:16:48 ERROR - Element is not clickable at point (957.933349609375, 30). Other element would receive the click: <div class="modal-header"></div>
Command duration or timeout: 67 milliseconds
Build info: version: '2.53.0', revision: '35ae25b1534ae328c771e0856c93e187490ca824', time: '2016-03-15 10:43:46'
System info: host: 'DAMCO-PC', ip: '192.168.6.206', os.name: 'Windows 7', os.arch: 'amd64', os.version: '6.1', java.version: '1.8.0_71'
Driver info: org.openqa.selenium.firefox.FirefoxDriver
Capabilities [{applicationCacheEnabled=true, rotatable=false, handlesAlerts=true, databaseEnabled=true, version=45.0.1, platform=WINDOWS, nativeEvents=false, acceptSslCerts=true, webStorageEnabled=true, locationContextEnabled=true, browserName=firefox, takesScreenshot=true, javascriptEnabled=true, cssSelectorsEnabled=true}]
Session ID: 36bbd6ae-1a7a-49fb-a391-7e9c9cf940b4
2016-05-05 16:16:48 ERROR - -----------------------------------------------------------------------
2016-05-05 16:16:49 ERROR - Element is not clickable at point (957.933349609375, 30). Other element would receive the click: <div class="modal-header"></div>
Command duration or timeout: 72 milliseconds
Build info: version: '2.53.0', revision: '35ae25b1534ae328c771e0856c93e187490ca824', time: '2016-03-15 10:43:46'
System info: host: 'DAMCO-PC', ip: '192.168.6.206', os.name: 'Windows 7', os.arch: 'amd64', os.version: '6.1', java.version: '1.8.0_71'
Driver info: org.openqa.selenium.firefox.FirefoxDriver
Capabilities [{applicationCacheEnabled=true, rotatable=false, handlesAlerts=true, databaseEnabled=true, version=45.0.1, platform=WINDOWS, nativeEvents=false, acceptSslCerts=true, webStorageEnabled=true, locationContextEnabled=true, browserName=firefox, takesScreenshot=true, javascriptEnabled=true, cssSelectorsEnabled=true}]
Session ID: 36bbd6ae-1a7a-49fb-a391-7e9c9cf940b4
2016-05-05 16:16:49 ERROR - -----------------------------------------------------------------------
2016-05-05 16:16:50 ERROR - Element is not clickable at point (957.933349609375, 30). Other element would receive the click: <div class="modal-header"></div>
Command duration or timeout: 70 milliseconds
Build info: version: '2.53.0', revision: '35ae25b1534ae328c771e0856c93e187490ca824', time: '2016-03-15 10:43:46'
System info: host: 'DAMCO-PC', ip: '192.168.6.206', os.name: 'Windows 7', os.arch: 'amd64', os.version: '6.1', java.version: '1.8.0_71'
Driver info: org.openqa.selenium.firefox.FirefoxDriver
Capabilities [{applicationCacheEnabled=true, rotatable=false, handlesAlerts=true, databaseEnabled=true, version=45.0.1, platform=WINDOWS, nativeEvents=false, acceptSslCerts=true, webStorageEnabled=true, locationContextEnabled=true, browserName=firefox, takesScreenshot=true, javascriptEnabled=true, cssSelectorsEnabled=true}]
Session ID: 36bbd6ae-1a7a-49fb-a391-7e9c9cf940b4
2016-05-05 16:16:50 ERROR - -----------------------------------------------------------------------
2016-05-05 16:16:51 ERROR - Element is not clickable at point (957.933349609375, 30). Other element would receive the click: <div class="modal-header"></div>
Command duration or timeout: 71 milliseconds
Build info: version: '2.53.0', revision: '35ae25b1534ae328c771e0856c93e187490ca824', time: '2016-03-15 10:43:46'
System info: host: 'DAMCO-PC', ip: '192.168.6.206', os.name: 'Windows 7', os.arch: 'amd64', os.version: '6.1', java.version: '1.8.0_71'
Driver info: org.openqa.selenium.firefox.FirefoxDriver
Capabilities [{applicationCacheEnabled=true, rotatable=false, handlesAlerts=true, databaseEnabled=true, version=45.0.1, platform=WINDOWS, nativeEvents=false, acceptSslCerts=true, webStorageEnabled=true, locationContextEnabled=true, browserName=firefox, takesScreenshot=true, javascriptEnabled=true, cssSelectorsEnabled=true}]
Session ID: 36bbd6ae-1a7a-49fb-a391-7e9c9cf940b4
2016-05-05 16:16:51 ERROR - -----------------------------------------------------------------------
2016-05-05 16:16:52 ERROR - Element is not clickable at point (957.933349609375, 30). Other element would receive the click: <div class="modal-header"></div>
Command duration or timeout: 66 milliseconds
Build info: version: '2.53.0', revision: '35ae25b1534ae328c771e0856c93e187490ca824', time: '2016-03-15 10:43:46'
System info: host: 'DAMCO-PC', ip: '192.168.6.206', os.name: 'Windows 7', os.arch: 'amd64', os.version: '6.1', java.version: '1.8.0_71'
Driver info: org.openqa.selenium.firefox.FirefoxDriver
Capabilities [{applicationCacheEnabled=true, rotatable=false, handlesAlerts=true, databaseEnabled=true, version=45.0.1, platform=WINDOWS, nativeEvents=false, acceptSslCerts=true, webStorageEnabled=true, locationContextEnabled=true, browserName=firefox, takesScreenshot=true, javascriptEnabled=true, cssSelectorsEnabled=true}]
Session ID: 36bbd6ae-1a7a-49fb-a391-7e9c9cf940b4
2016-05-05 16:16:52 ERROR - -----------------------------------------------------------------------
2016-05-05 16:16:53 ERROR - Element is not clickable at point (957.933349609375, 30). Other element would receive the click: <div class="modal-header"></div>
Command duration or timeout: 64 milliseconds
Build info: version: '2.53.0', revision: '35ae25b1534ae328c771e0856c93e187490ca824', time: '2016-03-15 10:43:46'
System info: host: 'DAMCO-PC', ip: '192.168.6.206', os.name: 'Windows 7', os.arch: 'amd64', os.version: '6.1', java.version: '1.8.0_71'
Driver info: org.openqa.selenium.firefox.FirefoxDriver
Capabilities [{applicationCacheEnabled=true, rotatable=false, handlesAlerts=true, databaseEnabled=true, version=45.0.1, platform=WINDOWS, nativeEvents=false, acceptSslCerts=true, webStorageEnabled=true, locationContextEnabled=true, browserName=firefox, takesScreenshot=true, javascriptEnabled=true, cssSelectorsEnabled=true}]
Session ID: 36bbd6ae-1a7a-49fb-a391-7e9c9cf940b4
2016-05-05 16:16:53 ERROR - -----------------------------------------------------------------------
2016-05-05 16:16:54 ERROR - Element is not clickable at point (957.933349609375, 30). Other element would receive the click: <div class="modal-header"></div>
Command duration or timeout: 71 milliseconds
Build info: version: '2.53.0', revision: '35ae25b1534ae328c771e0856c93e187490ca824', time: '2016-03-15 10:43:46'
System info: host: 'DAMCO-PC', ip: '192.168.6.206', os.name: 'Windows 7', os.arch: 'amd64', os.version: '6.1', java.version: '1.8.0_71'
Driver info: org.openqa.selenium.firefox.FirefoxDriver
Capabilities [{applicationCacheEnabled=true, rotatable=false, handlesAlerts=true, databaseEnabled=true, version=45.0.1, platform=WINDOWS, nativeEvents=false, acceptSslCerts=true, webStorageEnabled=true, locationContextEnabled=true, browserName=firefox, takesScreenshot=true, javascriptEnabled=true, cssSelectorsEnabled=true}]
Session ID: 36bbd6ae-1a7a-49fb-a391-7e9c9cf940b4
2016-05-05 16:16:54 ERROR - -----------------------------------------------------------------------
2016-05-05 16:16:55 ERROR - Element is not clickable at point (957.933349609375, 30). Other element would receive the click: <div class="modal-header"></div>
Command duration or timeout: 68 milliseconds
Build info: version: '2.53.0', revision: '35ae25b1534ae328c771e0856c93e187490ca824', time: '2016-03-15 10:43:46'
System info: host: 'DAMCO-PC', ip: '192.168.6.206', os.name: 'Windows 7', os.arch: 'amd64', os.version: '6.1', java.version: '1.8.0_71'
Driver info: org.openqa.selenium.firefox.FirefoxDriver
Capabilities [{applicationCacheEnabled=true, rotatable=false, handlesAlerts=true, databaseEnabled=true, version=45.0.1, platform=WINDOWS, nativeEvents=false, acceptSslCerts=true, webStorageEnabled=true, locationContextEnabled=true, browserName=firefox, takesScreenshot=true, javascriptEnabled=true, cssSelectorsEnabled=true}]
Session ID: 36bbd6ae-1a7a-49fb-a391-7e9c9cf940b4
2016-05-05 16:16:55 ERROR - -----------------------------------------------------------------------
2016-05-05 16:16:56 ERROR - Element is not clickable at point (957.933349609375, 30). Other element would receive the click: <div class="modal-header"></div>
Command duration or timeout: 68 milliseconds
Build info: version: '2.53.0', revision: '35ae25b1534ae328c771e0856c93e187490ca824', time: '2016-03-15 10:43:46'
System info: host: 'DAMCO-PC', ip: '192.168.6.206', os.name: 'Windows 7', os.arch: 'amd64', os.version: '6.1', java.version: '1.8.0_71'
Driver info: org.openqa.selenium.firefox.FirefoxDriver
Capabilities [{applicationCacheEnabled=true, rotatable=false, handlesAlerts=true, databaseEnabled=true, version=45.0.1, platform=WINDOWS, nativeEvents=false, acceptSslCerts=true, webStorageEnabled=true, locationContextEnabled=true, browserName=firefox, takesScreenshot=true, javascriptEnabled=true, cssSelectorsEnabled=true}]
Session ID: 36bbd6ae-1a7a-49fb-a391-7e9c9cf940b4
2016-05-05 16:16:56 ERROR - -----------------------------------------------------------------------
2016-05-05 16:16:57 ERROR - Element is not clickable at point (957.933349609375, 30). Other element would receive the click: <div class="modal-header"></div>
Command duration or timeout: 74 milliseconds
Build info: version: '2.53.0', revision: '35ae25b1534ae328c771e0856c93e187490ca824', time: '2016-03-15 10:43:46'
System info: host: 'DAMCO-PC', ip: '192.168.6.206', os.name: 'Windows 7', os.arch: 'amd64', os.version: '6.1', java.version: '1.8.0_71'
Driver info: org.openqa.selenium.firefox.FirefoxDriver
Capabilities [{applicationCacheEnabled=true, rotatable=false, handlesAlerts=true, databaseEnabled=true, version=45.0.1, platform=WINDOWS, nativeEvents=false, acceptSslCerts=true, webStorageEnabled=true, locationContextEnabled=true, browserName=firefox, takesScreenshot=true, javascriptEnabled=true, cssSelectorsEnabled=true}]
Session ID: 36bbd6ae-1a7a-49fb-a391-7e9c9cf940b4
2016-05-05 16:16:57 ERROR - -----------------------------------------------------------------------
2016-05-05 16:16:58 ERROR - Element is not clickable at point (957.933349609375, 30). Other element would receive the click: <div class="modal-header"></div>
Command duration or timeout: 63 milliseconds
Build info: version: '2.53.0', revision: '35ae25b1534ae328c771e0856c93e187490ca824', time: '2016-03-15 10:43:46'
System info: host: 'DAMCO-PC', ip: '192.168.6.206', os.name: 'Windows 7', os.arch: 'amd64', os.version: '6.1', java.version: '1.8.0_71'
Driver info: org.openqa.selenium.firefox.FirefoxDriver
Capabilities [{applicationCacheEnabled=true, rotatable=false, handlesAlerts=true, databaseEnabled=true, version=45.0.1, platform=WINDOWS, nativeEvents=false, acceptSslCerts=true, webStorageEnabled=true, locationContextEnabled=true, browserName=firefox, takesScreenshot=true, javascriptEnabled=true, cssSelectorsEnabled=true}]
Session ID: 36bbd6ae-1a7a-49fb-a391-7e9c9cf940b4
2016-05-05 16:16:58 ERROR - -----------------------------------------------------------------------
2016-05-05 16:16:59 ERROR - Element is not clickable at point (957.933349609375, 30). Other element would receive the click: <div class="modal-header"></div>
Command duration or timeout: 68 milliseconds
Build info: version: '2.53.0', revision: '35ae25b1534ae328c771e0856c93e187490ca824', time: '2016-03-15 10:43:46'
System info: host: 'DAMCO-PC', ip: '192.168.6.206', os.name: 'Windows 7', os.arch: 'amd64', os.version: '6.1', java.version: '1.8.0_71'
Driver info: org.openqa.selenium.firefox.FirefoxDriver
Capabilities [{applicationCacheEnabled=true, rotatable=false, handlesAlerts=true, databaseEnabled=true, version=45.0.1, platform=WINDOWS, nativeEvents=false, acceptSslCerts=true, webStorageEnabled=true, locationContextEnabled=true, browserName=firefox, takesScreenshot=true, javascriptEnabled=true, cssSelectorsEnabled=true}]
Session ID: 36bbd6ae-1a7a-49fb-a391-7e9c9cf940b4
2016-05-05 16:16:59 ERROR - -----------------------------------------------------------------------
2016-05-05 16:17:00 ERROR - Element is not clickable at point (957.933349609375, 30). Other element would receive the click: <div class="modal-header"></div>
Command duration or timeout: 70 milliseconds
Build info: version: '2.53.0', revision: '35ae25b1534ae328c771e0856c93e187490ca824', time: '2016-03-15 10:43:46'
System info: host: 'DAMCO-PC', ip: '192.168.6.206', os.name: 'Windows 7', os.arch: 'amd64', os.version: '6.1', java.version: '1.8.0_71'
Driver info: org.openqa.selenium.firefox.FirefoxDriver
Capabilities [{applicationCacheEnabled=true, rotatable=false, handlesAlerts=true, databaseEnabled=true, version=45.0.1, platform=WINDOWS, nativeEvents=false, acceptSslCerts=true, webStorageEnabled=true, locationContextEnabled=true, browserName=firefox, takesScreenshot=true, javascriptEnabled=true, cssSelectorsEnabled=true}]
Session ID: 36bbd6ae-1a7a-49fb-a391-7e9c9cf940b4
2016-05-05 16:17:00 ERROR - -----------------------------------------------------------------------
2016-05-05 16:17:02 ERROR - Element is not clickable at point (957.933349609375, 30). Other element would receive the click: <div class="modal-header"></div>
Command duration or timeout: 62 milliseconds
Build info: version: '2.53.0', revision: '35ae25b1534ae328c771e0856c93e187490ca824', time: '2016-03-15 10:43:46'
System info: host: 'DAMCO-PC', ip: '192.168.6.206', os.name: 'Windows 7', os.arch: 'amd64', os.version: '6.1', java.version: '1.8.0_71'
Driver info: org.openqa.selenium.firefox.FirefoxDriver
Capabilities [{applicationCacheEnabled=true, rotatable=false, handlesAlerts=true, databaseEnabled=true, version=45.0.1, platform=WINDOWS, nativeEvents=false, acceptSslCerts=true, webStorageEnabled=true, locationContextEnabled=true, browserName=firefox, takesScreenshot=true, javascriptEnabled=true, cssSelectorsEnabled=true}]
Session ID: 36bbd6ae-1a7a-49fb-a391-7e9c9cf940b4
2016-05-05 16:17:02 ERROR - -----------------------------------------------------------------------
2016-05-05 16:17:02 ERROR - Element is not clickable at point (957.933349609375, 30). Other element would receive the click: <div class="modal-header"></div>
Command duration or timeout: 65 milliseconds
Build info: version: '2.53.0', revision: '35ae25b1534ae328c771e0856c93e187490ca824', time: '2016-03-15 10:43:46'
System info: host: 'DAMCO-PC', ip: '192.168.6.206', os.name: 'Windows 7', os.arch: 'amd64', os.version: '6.1', java.version: '1.8.0_71'
Driver info: org.openqa.selenium.firefox.FirefoxDriver
Capabilities [{applicationCacheEnabled=true, rotatable=false, handlesAlerts=true, databaseEnabled=true, version=45.0.1, platform=WINDOWS, nativeEvents=false, acceptSslCerts=true, webStorageEnabled=true, locationContextEnabled=true, browserName=firefox, takesScreenshot=true, javascriptEnabled=true, cssSelectorsEnabled=true}]
Session ID: 36bbd6ae-1a7a-49fb-a391-7e9c9cf940b4
2016-05-05 16:17:02 ERROR - -----------------------------------------------------------------------
2016-05-05 16:50:05 ERROR - Unable to locate element: {"method":"xpath","selector":"div/div/h3"}
Command duration or timeout: 5.13 seconds
For documentation on this error, please visit: http://seleniumhq.org/exceptions/no_such_element.html
Build info: version: '2.53.0', revision: '35ae25b1534ae328c771e0856c93e187490ca824', time: '2016-03-15 10:43:46'
System info: host: 'DAMCO-PC', ip: '192.168.6.206', os.name: 'Windows 7', os.arch: 'amd64', os.version: '6.1', java.version: '1.8.0_71'
Driver info: org.openqa.selenium.firefox.FirefoxDriver
Capabilities [{applicationCacheEnabled=true, rotatable=false, handlesAlerts=true, databaseEnabled=true, version=45.0.1, platform=WINDOWS, nativeEvents=false, acceptSslCerts=true, webStorageEnabled=true, locationContextEnabled=true, browserName=firefox, takesScreenshot=true, javascriptEnabled=true, cssSelectorsEnabled=true}]
Session ID: a2c2f70b-db9c-4692-8b2e-501e2cc2078f
*** Element info: {Using=xpath, value=div/div/h3}
2016-05-05 16:50:05 ERROR - -----------------------------------------------------------------------
2016-05-05 16:51:16 ERROR - Test step has failed...
2016-05-05 16:51:16 ERROR - -----------------------------------------------------------------------
2016-05-05 16:52:02 ERROR - Unable to locate element: {"method":"xpath","selector":"div/div/h3"}
Command duration or timeout: 5.10 seconds
For documentation on this error, please visit: http://seleniumhq.org/exceptions/no_such_element.html
Build info: version: '2.53.0', revision: '35ae25b1534ae328c771e0856c93e187490ca824', time: '2016-03-15 10:43:46'
System info: host: 'DAMCO-PC', ip: '192.168.6.206', os.name: 'Windows 7', os.arch: 'amd64', os.version: '6.1', java.version: '1.8.0_71'
Driver info: org.openqa.selenium.firefox.FirefoxDriver
Capabilities [{applicationCacheEnabled=true, rotatable=false, handlesAlerts=true, databaseEnabled=true, version=45.0.1, platform=WINDOWS, nativeEvents=false, acceptSslCerts=true, webStorageEnabled=true, locationContextEnabled=true, browserName=firefox, takesScreenshot=true, javascriptEnabled=true, cssSelectorsEnabled=true}]
Session ID: a2c2f70b-db9c-4692-8b2e-501e2cc2078f
*** Element info: {Using=xpath, value=div/div/h3}
2016-05-05 16:52:02 ERROR - -----------------------------------------------------------------------
2016-05-05 16:52:48 ERROR - Unable to locate element: {"method":"xpath","selector":"div/div/h3"}
Command duration or timeout: 5.10 seconds
For documentation on this error, please visit: http://seleniumhq.org/exceptions/no_such_element.html
Build info: version: '2.53.0', revision: '35ae25b1534ae328c771e0856c93e187490ca824', time: '2016-03-15 10:43:46'
System info: host: 'DAMCO-PC', ip: '192.168.6.206', os.name: 'Windows 7', os.arch: 'amd64', os.version: '6.1', java.version: '1.8.0_71'
Driver info: org.openqa.selenium.firefox.FirefoxDriver
Capabilities [{applicationCacheEnabled=true, rotatable=false, handlesAlerts=true, databaseEnabled=true, version=45.0.1, platform=WINDOWS, nativeEvents=false, acceptSslCerts=true, webStorageEnabled=true, locationContextEnabled=true, browserName=firefox, takesScreenshot=true, javascriptEnabled=true, cssSelectorsEnabled=true}]
Session ID: a2c2f70b-db9c-4692-8b2e-501e2cc2078f
*** Element info: {Using=xpath, value=div/div/h3}
2016-05-05 16:52:48 ERROR - -----------------------------------------------------------------------
2016-05-05 16:57:12 ERROR - Timed out waiting for page load.
Command duration or timeout: 180.04 seconds
Build info: version: '2.53.0', revision: '35ae25b1534ae328c771e0856c93e187490ca824', time: '2016-03-15 10:43:46'
System info: host: 'DAMCO-PC', ip: '192.168.6.206', os.name: 'Windows 7', os.arch: 'amd64', os.version: '6.1', java.version: '1.8.0_71'
Driver info: org.openqa.selenium.firefox.FirefoxDriver
Capabilities [{applicationCacheEnabled=true, rotatable=false, handlesAlerts=true, databaseEnabled=true, version=45.0.1, platform=WINDOWS, nativeEvents=false, acceptSslCerts=true, webStorageEnabled=true, locationContextEnabled=true, browserName=firefox, takesScreenshot=true, javascriptEnabled=true, cssSelectorsEnabled=true}]
Session ID: a2c2f70b-db9c-4692-8b2e-501e2cc2078f
2016-05-05 16:57:12 ERROR - -----------------------------------------------------------------------
2016-05-05 17:00:12 ERROR - Timed out waiting for page load.
Command duration or timeout: 180.03 seconds
Build info: version: '2.53.0', revision: '35ae25b1534ae328c771e0856c93e187490ca824', time: '2016-03-15 10:43:46'
System info: host: 'DAMCO-PC', ip: '192.168.6.206', os.name: 'Windows 7', os.arch: 'amd64', os.version: '6.1', java.version: '1.8.0_71'
Driver info: org.openqa.selenium.firefox.FirefoxDriver
Capabilities [{applicationCacheEnabled=true, rotatable=false, handlesAlerts=true, databaseEnabled=true, version=45.0.1, platform=WINDOWS, nativeEvents=false, acceptSslCerts=true, webStorageEnabled=true, locationContextEnabled=true, browserName=firefox, takesScreenshot=true, javascriptEnabled=true, cssSelectorsEnabled=true}]
Session ID: a2c2f70b-db9c-4692-8b2e-501e2cc2078f
2016-05-05 17:00:12 ERROR - -----------------------------------------------------------------------
2016-05-05 17:03:12 ERROR - Timed out waiting for page load.
Command duration or timeout: 180.03 seconds
Build info: version: '2.53.0', revision: '35ae25b1534ae328c771e0856c93e187490ca824', time: '2016-03-15 10:43:46'
System info: host: 'DAMCO-PC', ip: '192.168.6.206', os.name: 'Windows 7', os.arch: 'amd64', os.version: '6.1', java.version: '1.8.0_71'
Driver info: org.openqa.selenium.firefox.FirefoxDriver
Capabilities [{applicationCacheEnabled=true, rotatable=false, handlesAlerts=true, databaseEnabled=true, version=45.0.1, platform=WINDOWS, nativeEvents=false, acceptSslCerts=true, webStorageEnabled=true, locationContextEnabled=true, browserName=firefox, takesScreenshot=true, javascriptEnabled=true, cssSelectorsEnabled=true}]
Session ID: a2c2f70b-db9c-4692-8b2e-501e2cc2078f
2016-05-05 17:03:12 ERROR - -----------------------------------------------------------------------
2016-05-05 17:05:57 ERROR - Element is not clickable at point (153.5, 180.4499969482422). Other element would receive the click: <div style="display: block; padding-right: 17px;" class="modal  in" id="ssModal" tabindex="-1" role="dialog" aria-labelledby="ssModalLabel" aria-hidden="false"></div>
Command duration or timeout: 68 milliseconds
Build info: version: '2.53.0', revision: '35ae25b1534ae328c771e0856c93e187490ca824', time: '2016-03-15 10:43:46'
System info: host: 'DAMCO-PC', ip: '192.168.6.206', os.name: 'Windows 7', os.arch: 'amd64', os.version: '6.1', java.version: '1.8.0_71'
Driver info: org.openqa.selenium.firefox.FirefoxDriver
Capabilities [{applicationCacheEnabled=true, rotatable=false, handlesAlerts=true, databaseEnabled=true, version=45.0.1, platform=WINDOWS, nativeEvents=false, acceptSslCerts=true, webStorageEnabled=true, locationContextEnabled=true, browserName=firefox, takesScreenshot=true, javascriptEnabled=true, cssSelectorsEnabled=true}]
Session ID: a2c2f70b-db9c-4692-8b2e-501e2cc2078f
2016-05-05 17:05:57 ERROR - -----------------------------------------------------------------------
2016-05-05 17:13:30 ERROR - Test step has failed...
2016-05-05 17:13:30 ERROR - -----------------------------------------------------------------------
2016-05-05 17:13:58 ERROR - Test step has failed...
2016-05-05 17:13:58 ERROR - -----------------------------------------------------------------------
2016-05-09 12:18:06 ERROR - Unable to locate element: {"method":"partial link text","selector":"Showings"}
Command duration or timeout: 60.04 seconds
For documentation on this error, please visit: http://seleniumhq.org/exceptions/no_such_element.html
Build info: version: '2.53.0', revision: '35ae25b1534ae328c771e0856c93e187490ca824', time: '2016-03-15 10:43:46'
System info: host: 'DAMCO-PC', ip: '192.168.6.206', os.name: 'Windows 7', os.arch: 'amd64', os.version: '6.1', java.version: '1.8.0_71'
Driver info: org.openqa.selenium.firefox.FirefoxDriver
Capabilities [{applicationCacheEnabled=true, rotatable=false, handlesAlerts=true, databaseEnabled=true, version=45.0.1, platform=WINDOWS, nativeEvents=false, acceptSslCerts=true, webStorageEnabled=true, locationContextEnabled=true, browserName=firefox, takesScreenshot=true, javascriptEnabled=true, cssSelectorsEnabled=true}]
Session ID: 84347174-c8bc-4c7b-9921-94d87f0a3462
*** Element info: {Using=partial link text, value=Showings}
2016-05-09 12:18:06 ERROR - -----------------------------------------------------------------------
2016-05-09 12:31:38 ERROR - Window not found. The browser window may have been closed.
Command duration or timeout: 7 milliseconds
Build info: version: '2.53.0', revision: '35ae25b1534ae328c771e0856c93e187490ca824', time: '2016-03-15 10:43:46'
System info: host: 'DAMCO-PC', ip: '192.168.6.206', os.name: 'Windows 7', os.arch: 'amd64', os.version: '6.1', java.version: '1.8.0_71'
Driver info: org.openqa.selenium.firefox.FirefoxDriver
Capabilities [{applicationCacheEnabled=true, rotatable=false, handlesAlerts=true, databaseEnabled=true, version=45.0.1, platform=WINDOWS, nativeEvents=false, acceptSslCerts=true, webStorageEnabled=true, locationContextEnabled=true, browserName=firefox, takesScreenshot=true, javascriptEnabled=true, cssSelectorsEnabled=true}]
Session ID: 3cf6b6b8-aca4-4e1b-a94c-d65a59fe5914
2016-05-09 12:31:38 ERROR - -----------------------------------------------------------------------
2016-05-09 12:35:46 ERROR - Window not found. The browser window may have been closed.
Command duration or timeout: 5 milliseconds
Build info: version: '2.53.0', revision: '35ae25b1534ae328c771e0856c93e187490ca824', time: '2016-03-15 10:43:46'
System info: host: 'DAMCO-PC', ip: '192.168.6.206', os.name: 'Windows 7', os.arch: 'amd64', os.version: '6.1', java.version: '1.8.0_71'
Driver info: org.openqa.selenium.firefox.FirefoxDriver
Capabilities [{applicationCacheEnabled=true, rotatable=false, handlesAlerts=true, databaseEnabled=true, version=45.0.1, platform=WINDOWS, nativeEvents=false, acceptSslCerts=true, webStorageEnabled=true, locationContextEnabled=true, browserName=firefox, takesScreenshot=true, javascriptEnabled=true, cssSelectorsEnabled=true}]
Session ID: 2bce1bd7-2484-418d-b8a2-5e4fff86bda1
2016-05-09 12:35:46 ERROR - -----------------------------------------------------------------------
2016-05-09 12:41:51 ERROR - Unable to locate element: {"method":"partial link text","selector":"Showings"}
Command duration or timeout: 60.11 seconds
For documentation on this error, please visit: http://seleniumhq.org/exceptions/no_such_element.html
Build info: version: '2.53.0', revision: '35ae25b1534ae328c771e0856c93e187490ca824', time: '2016-03-15 10:43:46'
System info: host: 'DAMCO-PC', ip: '192.168.6.206', os.name: 'Windows 7', os.arch: 'amd64', os.version: '6.1', java.version: '1.8.0_71'
Driver info: org.openqa.selenium.firefox.FirefoxDriver
Capabilities [{applicationCacheEnabled=true, rotatable=false, handlesAlerts=true, databaseEnabled=true, version=45.0.1, platform=WINDOWS, nativeEvents=false, acceptSslCerts=true, webStorageEnabled=true, locationContextEnabled=true, browserName=firefox, takesScreenshot=true, javascriptEnabled=true, cssSelectorsEnabled=true}]
Session ID: 143e9b5c-e9c8-4285-bc8f-ea46898a8bc3
*** Element info: {Using=partial link text, value=Showings}
2016-05-09 12:41:51 ERROR - -----------------------------------------------------------------------
2016-05-09 12:48:28 ERROR - Unable to locate element: {"method":"partial link text","selector":"Showings"}
Command duration or timeout: 60.14 seconds
For documentation on this error, please visit: http://seleniumhq.org/exceptions/no_such_element.html
Build info: version: '2.53.0', revision: '35ae25b1534ae328c771e0856c93e187490ca824', time: '2016-03-15 10:43:46'
System info: host: 'DAMCO-PC', ip: '192.168.6.206', os.name: 'Windows 7', os.arch: 'amd64', os.version: '6.1', java.version: '1.8.0_71'
Driver info: org.openqa.selenium.firefox.FirefoxDriver
Capabilities [{applicationCacheEnabled=true, rotatable=false, handlesAlerts=true, databaseEnabled=true, version=45.0.1, platform=WINDOWS, nativeEvents=false, acceptSslCerts=true, webStorageEnabled=true, locationContextEnabled=true, browserName=firefox, takesScreenshot=true, javascriptEnabled=true, cssSelectorsEnabled=true}]
Session ID: a726e10a-0f0c-4488-89f4-1e9c3c4c0139
*** Element info: {Using=partial link text, value=Showings}
2016-05-09 12:48:28 ERROR - -----------------------------------------------------------------------
2016-05-09 13:02:56 ERROR - Unable to locate element: {"method":"partial link text","selector":"Showings"}
Command duration or timeout: 60.08 seconds
For documentation on this error, please visit: http://seleniumhq.org/exceptions/no_such_element.html
Build info: version: '2.53.0', revision: '35ae25b1534ae328c771e0856c93e187490ca824', time: '2016-03-15 10:43:46'
System info: host: 'DAMCO-PC', ip: '192.168.6.206', os.name: 'Windows 7', os.arch: 'amd64', os.version: '6.1', java.version: '1.8.0_71'
Driver info: org.openqa.selenium.firefox.FirefoxDriver
Capabilities [{applicationCacheEnabled=true, rotatable=false, handlesAlerts=true, databaseEnabled=true, version=45.0.1, platform=WINDOWS, nativeEvents=false, acceptSslCerts=true, webStorageEnabled=true, locationContextEnabled=true, browserName=firefox, takesScreenshot=true, javascriptEnabled=true, cssSelectorsEnabled=true}]
Session ID: 0b3f0d45-b449-4de9-ba48-f14447a88e7d
*** Element info: {Using=partial link text, value=Showings}
2016-05-09 13:02:56 ERROR - -----------------------------------------------------------------------
2016-05-09 13:23:16 ERROR - Test step has failed...
2016-05-09 13:23:16 ERROR - -----------------------------------------------------------------------
2016-05-09 13:24:02 ERROR - Unable to locate element: {"method":"xpath","selector":"div/div/h3"}
Command duration or timeout: 5.01 seconds
For documentation on this error, please visit: http://seleniumhq.org/exceptions/no_such_element.html
Build info: version: '2.53.0', revision: '35ae25b1534ae328c771e0856c93e187490ca824', time: '2016-03-15 10:43:46'
System info: host: 'DAMCO-PC', ip: '192.168.6.206', os.name: 'Windows 7', os.arch: 'amd64', os.version: '6.1', java.version: '1.8.0_71'
Driver info: org.openqa.selenium.firefox.FirefoxDriver
Capabilities [{applicationCacheEnabled=true, rotatable=false, handlesAlerts=true, databaseEnabled=true, version=45.0.1, platform=WINDOWS, nativeEvents=false, acceptSslCerts=true, webStorageEnabled=true, locationContextEnabled=true, browserName=firefox, takesScreenshot=true, javascriptEnabled=true, cssSelectorsEnabled=true}]
Session ID: 1fee8b10-a5f3-4ce4-b0bb-621af94a66e9
*** Element info: {Using=xpath, value=div/div/h3}
2016-05-09 13:24:02 ERROR - -----------------------------------------------------------------------
2016-05-09 13:24:47 ERROR - Unable to locate element: {"method":"xpath","selector":"div/div/h3"}
Command duration or timeout: 5.07 seconds
For documentation on this error, please visit: http://seleniumhq.org/exceptions/no_such_element.html
Build info: version: '2.53.0', revision: '35ae25b1534ae328c771e0856c93e187490ca824', time: '2016-03-15 10:43:46'
System info: host: 'DAMCO-PC', ip: '192.168.6.206', os.name: 'Windows 7', os.arch: 'amd64', os.version: '6.1', java.version: '1.8.0_71'
Driver info: org.openqa.selenium.firefox.FirefoxDriver
Capabilities [{applicationCacheEnabled=true, rotatable=false, handlesAlerts=true, databaseEnabled=true, version=45.0.1, platform=WINDOWS, nativeEvents=false, acceptSslCerts=true, webStorageEnabled=true, locationContextEnabled=true, browserName=firefox, takesScreenshot=true, javascriptEnabled=true, cssSelectorsEnabled=true}]
Session ID: 1fee8b10-a5f3-4ce4-b0bb-621af94a66e9
*** Element info: {Using=xpath, value=div/div/h3}
2016-05-09 13:24:47 ERROR - -----------------------------------------------------------------------
2016-05-09 13:28:46 ERROR - Element is not clickable at point (153.5, 180.4499969482422). Other element would receive the click: <div style="display: block; padding-right: 17px;" class="modal  in" id="ssModal" tabindex="-1" role="dialog" aria-labelledby="ssModalLabel" aria-hidden="false"></div>
Command duration or timeout: 62 milliseconds
Build info: version: '2.53.0', revision: '35ae25b1534ae328c771e0856c93e187490ca824', time: '2016-03-15 10:43:46'
System info: host: 'DAMCO-PC', ip: '192.168.6.206', os.name: 'Windows 7', os.arch: 'amd64', os.version: '6.1', java.version: '1.8.0_71'
Driver info: org.openqa.selenium.firefox.FirefoxDriver
Capabilities [{applicationCacheEnabled=true, rotatable=false, handlesAlerts=true, databaseEnabled=true, version=45.0.1, platform=WINDOWS, nativeEvents=false, acceptSslCerts=true, webStorageEnabled=true, locationContextEnabled=true, browserName=firefox, takesScreenshot=true, javascriptEnabled=true, cssSelectorsEnabled=true}]
Session ID: 1fee8b10-a5f3-4ce4-b0bb-621af94a66e9
2016-05-09 13:28:46 ERROR - -----------------------------------------------------------------------
2016-05-09 13:31:06 ERROR - Unable to locate element: {"method":"xpath","selector":"div/div/h3"}
Command duration or timeout: 5.04 seconds
For documentation on this error, please visit: http://seleniumhq.org/exceptions/no_such_element.html
Build info: version: '2.53.0', revision: '35ae25b1534ae328c771e0856c93e187490ca824', time: '2016-03-15 10:43:46'
System info: host: 'DAMCO-PC', ip: '192.168.6.206', os.name: 'Windows 7', os.arch: 'amd64', os.version: '6.1', java.version: '1.8.0_71'
Driver info: org.openqa.selenium.firefox.FirefoxDriver
Capabilities [{applicationCacheEnabled=true, rotatable=false, handlesAlerts=true, databaseEnabled=true, version=45.0.1, platform=WINDOWS, nativeEvents=false, acceptSslCerts=true, webStorageEnabled=true, locationContextEnabled=true, browserName=firefox, takesScreenshot=true, javascriptEnabled=true, cssSelectorsEnabled=true}]
Session ID: 505f3bf6-1dfb-4b35-9340-020064c70698
*** Element info: {Using=xpath, value=div/div/h3}
2016-05-09 13:31:06 ERROR - -----------------------------------------------------------------------
2016-05-09 13:31:24 ERROR - Test step has failed...
2016-05-09 13:31:24 ERROR - -----------------------------------------------------------------------
2016-05-09 13:32:08 ERROR - Unable to locate element: {"method":"xpath","selector":"div/div/h3"}
Command duration or timeout: 5.07 seconds
For documentation on this error, please visit: http://seleniumhq.org/exceptions/no_such_element.html
Build info: version: '2.53.0', revision: '35ae25b1534ae328c771e0856c93e187490ca824', time: '2016-03-15 10:43:46'
System info: host: 'DAMCO-PC', ip: '192.168.6.206', os.name: 'Windows 7', os.arch: 'amd64', os.version: '6.1', java.version: '1.8.0_71'
Driver info: org.openqa.selenium.firefox.FirefoxDriver
Capabilities [{applicationCacheEnabled=true, rotatable=false, handlesAlerts=true, databaseEnabled=true, version=45.0.1, platform=WINDOWS, nativeEvents=false, acceptSslCerts=true, webStorageEnabled=true, locationContextEnabled=true, browserName=firefox, takesScreenshot=true, javascriptEnabled=true, cssSelectorsEnabled=true}]
Session ID: 505f3bf6-1dfb-4b35-9340-020064c70698
*** Element info: {Using=xpath, value=div/div/h3}
2016-05-09 13:32:08 ERROR - -----------------------------------------------------------------------
2016-05-09 13:32:53 ERROR - Unable to locate element: {"method":"xpath","selector":"div/div/h3"}
Command duration or timeout: 5.07 seconds
For documentation on this error, please visit: http://seleniumhq.org/exceptions/no_such_element.html
Build info: version: '2.53.0', revision: '35ae25b1534ae328c771e0856c93e187490ca824', time: '2016-03-15 10:43:46'
System info: host: 'DAMCO-PC', ip: '192.168.6.206', os.name: 'Windows 7', os.arch: 'amd64', os.version: '6.1', java.version: '1.8.0_71'
Driver info: org.openqa.selenium.firefox.FirefoxDriver
Capabilities [{applicationCacheEnabled=true, rotatable=false, handlesAlerts=true, databaseEnabled=true, version=45.0.1, platform=WINDOWS, nativeEvents=false, acceptSslCerts=true, webStorageEnabled=true, locationContextEnabled=true, browserName=firefox, takesScreenshot=true, javascriptEnabled=true, cssSelectorsEnabled=true}]
Session ID: 505f3bf6-1dfb-4b35-9340-020064c70698
*** Element info: {Using=xpath, value=div/div/h3}
2016-05-09 13:32:53 ERROR - -----------------------------------------------------------------------
2016-05-09 13:35:32 ERROR - Test step has failed...
2016-05-09 13:35:32 ERROR - -----------------------------------------------------------------------
2016-05-09 13:40:50 ERROR - 
2016-05-09 13:40:50 ERROR - -----------------------------------------------------------------------
2016-05-09 13:43:58 ERROR - 
2016-05-09 13:43:58 ERROR - -----------------------------------------------------------------------
2016-05-09 13:53:15 ERROR - 
2016-05-09 13:53:15 ERROR - -----------------------------------------------------------------------
2016-05-09 13:58:54 ERROR - Unable to locate element: {"method":"xpath","selector":"div/div/h3"}
Command duration or timeout: 60.03 seconds
For documentation on this error, please visit: http://seleniumhq.org/exceptions/no_such_element.html
Build info: version: '2.53.0', revision: '35ae25b1534ae328c771e0856c93e187490ca824', time: '2016-03-15 10:43:46'
System info: host: 'DAMCO-PC', ip: '192.168.6.206', os.name: 'Windows 7', os.arch: 'amd64', os.version: '6.1', java.version: '1.8.0_71'
Driver info: org.openqa.selenium.firefox.FirefoxDriver
Capabilities [{applicationCacheEnabled=true, rotatable=false, handlesAlerts=true, databaseEnabled=true, version=45.0.1, platform=WINDOWS, nativeEvents=false, acceptSslCerts=true, webStorageEnabled=true, locationContextEnabled=true, browserName=firefox, takesScreenshot=true, javascriptEnabled=true, cssSelectorsEnabled=true}]
Session ID: 8b922ae9-2672-4a6e-8711-cdad1076a02a
*** Element info: {Using=xpath, value=div/div/h3}
2016-05-09 13:58:54 ERROR - -----------------------------------------------------------------------
2016-05-09 14:48:17 ERROR - Unable to locate element: {"method":"xpath","selector":"div/div/h3"}
Command duration or timeout: 60.04 seconds
For documentation on this error, please visit: http://seleniumhq.org/exceptions/no_such_element.html
Build info: version: '2.53.0', revision: '35ae25b1534ae328c771e0856c93e187490ca824', time: '2016-03-15 10:43:46'
System info: host: 'DAMCO-PC', ip: '192.168.6.206', os.name: 'Windows 7', os.arch: 'amd64', os.version: '6.1', java.version: '1.8.0_71'
Driver info: org.openqa.selenium.firefox.FirefoxDriver
Capabilities [{applicationCacheEnabled=true, rotatable=false, handlesAlerts=true, databaseEnabled=true, version=45.0.1, platform=WINDOWS, nativeEvents=false, acceptSslCerts=true, webStorageEnabled=true, locationContextEnabled=true, browserName=firefox, takesScreenshot=true, javascriptEnabled=true, cssSelectorsEnabled=true}]
Session ID: f69bb3dc-7771-472f-a3d5-73e549e27952
*** Element info: {Using=xpath, value=div/div/h3}
2016-05-09 14:48:17 ERROR - -----------------------------------------------------------------------
2016-05-09 15:09:52 ERROR - Unable to locate element: {"method":"xpath","selector":"div/div/h3"}
Command duration or timeout: 60.06 seconds
For documentation on this error, please visit: http://seleniumhq.org/exceptions/no_such_element.html
Build info: version: '2.53.0', revision: '35ae25b1534ae328c771e0856c93e187490ca824', time: '2016-03-15 10:43:46'
System info: host: 'DAMCO-PC', ip: '192.168.6.206', os.name: 'Windows 7', os.arch: 'amd64', os.version: '6.1', java.version: '1.8.0_71'
Driver info: org.openqa.selenium.firefox.FirefoxDriver
Capabilities [{applicationCacheEnabled=true, rotatable=false, handlesAlerts=true, databaseEnabled=true, version=45.0.1, platform=WINDOWS, nativeEvents=false, acceptSslCerts=true, webStorageEnabled=true, locationContextEnabled=true, browserName=firefox, takesScreenshot=true, javascriptEnabled=true, cssSelectorsEnabled=true}]
Session ID: 41075a7e-8239-42aa-b2e0-6f4a3fdc1f66
*** Element info: {Using=xpath, value=div/div/h3}
2016-05-09 15:09:52 ERROR - -----------------------------------------------------------------------
2016-05-09 15:20:15 ERROR - Test step has failed...
2016-05-09 15:20:15 ERROR - -----------------------------------------------------------------------
2016-05-09 15:24:26 ERROR - Test step has failed...
2016-05-09 15:24:26 ERROR - -----------------------------------------------------------------------
2016-05-09 15:28:01 ERROR - Test step has failed...
2016-05-09 15:28:01 ERROR - -----------------------------------------------------------------------
2016-05-09 15:37:40 ERROR - Test step has failed...
2016-05-09 15:37:40 ERROR - -----------------------------------------------------------------------
2016-05-09 15:48:09 ERROR - Test step has failed...
2016-05-09 15:48:09 ERROR - -----------------------------------------------------------------------
2016-05-09 15:54:50 ERROR - Test step has failed...
2016-05-09 15:54:50 ERROR - -----------------------------------------------------------------------
2016-05-09 16:01:52 ERROR - Test step has failed...
2016-05-09 16:01:52 ERROR - -----------------------------------------------------------------------
2016-05-09 16:13:08 ERROR - Unable to locate element: {"method":"xpath","selector":".//*[@id='alerts']/div/div"}
Command duration or timeout: 60.05 seconds
For documentation on this error, please visit: http://seleniumhq.org/exceptions/no_such_element.html
Build info: version: '2.53.0', revision: '35ae25b1534ae328c771e0856c93e187490ca824', time: '2016-03-15 10:43:46'
System info: host: 'DAMCO-PC', ip: '192.168.6.206', os.name: 'Windows 7', os.arch: 'amd64', os.version: '6.1', java.version: '1.8.0_71'
Driver info: org.openqa.selenium.firefox.FirefoxDriver
Capabilities [{applicationCacheEnabled=true, rotatable=false, handlesAlerts=true, databaseEnabled=true, version=45.0.1, platform=WINDOWS, nativeEvents=false, acceptSslCerts=true, webStorageEnabled=true, locationContextEnabled=true, browserName=firefox, takesScreenshot=true, javascriptEnabled=true, cssSelectorsEnabled=true}]
Session ID: a352e502-d8c1-4361-a50b-da9c70b0ab53
*** Element info: {Using=xpath, value=.//*[@id='alerts']/div/div}
2016-05-09 16:13:08 ERROR - -----------------------------------------------------------------------
2016-05-09 16:14:32 ERROR - Test step has failed...
2016-05-09 16:14:32 ERROR - -----------------------------------------------------------------------
2016-05-09 16:18:08 ERROR - Test step has failed...
2016-05-09 16:18:08 ERROR - -----------------------------------------------------------------------
2016-05-09 16:20:29 ERROR - Test step has failed...
2016-05-09 16:20:29 ERROR - -----------------------------------------------------------------------
2016-05-09 16:28:32 ERROR - Test step has failed...
2016-05-09 16:28:32 ERROR - -----------------------------------------------------------------------
2016-05-09 16:39:05 ERROR - Unable to locate element: {"method":"xpath","selector":".//*[@id='alerts']/div/div"}
Command duration or timeout: 60.17 seconds
For documentation on this error, please visit: http://seleniumhq.org/exceptions/no_such_element.html
Build info: version: '2.53.0', revision: '35ae25b1534ae328c771e0856c93e187490ca824', time: '2016-03-15 10:43:46'
System info: host: 'DAMCO-PC', ip: '192.168.6.206', os.name: 'Windows 7', os.arch: 'amd64', os.version: '6.1', java.version: '1.8.0_71'
Driver info: org.openqa.selenium.firefox.FirefoxDriver
Capabilities [{applicationCacheEnabled=true, rotatable=false, handlesAlerts=true, databaseEnabled=true, version=45.0.1, platform=WINDOWS, nativeEvents=false, acceptSslCerts=true, webStorageEnabled=true, locationContextEnabled=true, browserName=firefox, takesScreenshot=true, javascriptEnabled=true, cssSelectorsEnabled=true}]
Session ID: ae7fe8fc-ceae-4d5e-a4db-05df88533764
*** Element info: {Using=xpath, value=.//*[@id='alerts']/div/div}
2016-05-09 16:39:05 ERROR - -----------------------------------------------------------------------
2016-05-09 16:41:54 ERROR - Unable to locate element: {"method":"partial link text","selector":"Showings"}
Command duration or timeout: 60.11 seconds
For documentation on this error, please visit: http://seleniumhq.org/exceptions/no_such_element.html
Build info: version: '2.53.0', revision: '35ae25b1534ae328c771e0856c93e187490ca824', time: '2016-03-15 10:43:46'
System info: host: 'DAMCO-PC', ip: '192.168.6.206', os.name: 'Windows 7', os.arch: 'amd64', os.version: '6.1', java.version: '1.8.0_71'
Driver info: org.openqa.selenium.firefox.FirefoxDriver
Capabilities [{applicationCacheEnabled=true, rotatable=false, handlesAlerts=true, databaseEnabled=true, version=45.0.1, platform=WINDOWS, nativeEvents=false, acceptSslCerts=true, webStorageEnabled=true, locationContextEnabled=true, browserName=firefox, takesScreenshot=true, javascriptEnabled=true, cssSelectorsEnabled=true}]
Session ID: 71382f92-4a9a-44a5-8d17-81f530001890
*** Element info: {Using=partial link text, value=Showings}
2016-05-09 16:41:54 ERROR - -----------------------------------------------------------------------
2016-05-09 16:42:58 ERROR - Unable to locate element: {"method":"partial link text","selector":"Showings"}
Command duration or timeout: 60.05 seconds
For documentation on this error, please visit: http://seleniumhq.org/exceptions/no_such_element.html
Build info: version: '2.53.0', revision: '35ae25b1534ae328c771e0856c93e187490ca824', time: '2016-03-15 10:43:46'
System info: host: 'DAMCO-PC', ip: '192.168.6.206', os.name: 'Windows 7', os.arch: 'amd64', os.version: '6.1', java.version: '1.8.0_71'
Driver info: org.openqa.selenium.firefox.FirefoxDriver
Capabilities [{applicationCacheEnabled=true, rotatable=false, handlesAlerts=true, databaseEnabled=true, version=45.0.1, platform=WINDOWS, nativeEvents=false, acceptSslCerts=true, webStorageEnabled=true, locationContextEnabled=true, browserName=firefox, takesScreenshot=true, javascriptEnabled=true, cssSelectorsEnabled=true}]
Session ID: 71382f92-4a9a-44a5-8d17-81f530001890
*** Element info: {Using=partial link text, value=Showings}
2016-05-09 16:42:58 ERROR - -----------------------------------------------------------------------
2016-05-09 16:44:01 ERROR - Unable to locate element: {"method":"partial link text","selector":"Showings"}
Command duration or timeout: 60.04 seconds
For documentation on this error, please visit: http://seleniumhq.org/exceptions/no_such_element.html
Build info: version: '2.53.0', revision: '35ae25b1534ae328c771e0856c93e187490ca824', time: '2016-03-15 10:43:46'
System info: host: 'DAMCO-PC', ip: '192.168.6.206', os.name: 'Windows 7', os.arch: 'amd64', os.version: '6.1', java.version: '1.8.0_71'
Driver info: org.openqa.selenium.firefox.FirefoxDriver
Capabilities [{applicationCacheEnabled=true, rotatable=false, handlesAlerts=true, databaseEnabled=true, version=45.0.1, platform=WINDOWS, nativeEvents=false, acceptSslCerts=true, webStorageEnabled=true, locationContextEnabled=true, browserName=firefox, takesScreenshot=true, javascriptEnabled=true, cssSelectorsEnabled=true}]
Session ID: 71382f92-4a9a-44a5-8d17-81f530001890
*** Element info: {Using=partial link text, value=Showings}
2016-05-09 16:44:01 ERROR - -----------------------------------------------------------------------
2016-05-09 16:47:02 ERROR - Unable to locate element: {"method":"xpath","selector":"div/div/h3"}
Command duration or timeout: 5.09 seconds
For documentation on this error, please visit: http://seleniumhq.org/exceptions/no_such_element.html
Build info: version: '2.53.0', revision: '35ae25b1534ae328c771e0856c93e187490ca824', time: '2016-03-15 10:43:46'
System info: host: 'DAMCO-PC', ip: '192.168.6.206', os.name: 'Windows 7', os.arch: 'amd64', os.version: '6.1', java.version: '1.8.0_71'
Driver info: org.openqa.selenium.firefox.FirefoxDriver
Capabilities [{applicationCacheEnabled=true, rotatable=false, handlesAlerts=true, databaseEnabled=true, version=45.0.1, platform=WINDOWS, nativeEvents=false, acceptSslCerts=true, webStorageEnabled=true, locationContextEnabled=true, browserName=firefox, takesScreenshot=true, javascriptEnabled=true, cssSelectorsEnabled=true}]
Session ID: 74c63e36-0e7e-4855-ab6a-00c8e3358732
*** Element info: {Using=xpath, value=div/div/h3}
2016-05-09 16:47:02 ERROR - -----------------------------------------------------------------------
2016-05-09 16:47:21 ERROR - Test step has failed...
2016-05-09 16:47:21 ERROR - -----------------------------------------------------------------------
2016-05-09 16:48:07 ERROR - Unable to locate element: {"method":"xpath","selector":"div/div/h3"}
Command duration or timeout: 5.02 seconds
For documentation on this error, please visit: http://seleniumhq.org/exceptions/no_such_element.html
Build info: version: '2.53.0', revision: '35ae25b1534ae328c771e0856c93e187490ca824', time: '2016-03-15 10:43:46'
System info: host: 'DAMCO-PC', ip: '192.168.6.206', os.name: 'Windows 7', os.arch: 'amd64', os.version: '6.1', java.version: '1.8.0_71'
Driver info: org.openqa.selenium.firefox.FirefoxDriver
Capabilities [{applicationCacheEnabled=true, rotatable=false, handlesAlerts=true, databaseEnabled=true, version=45.0.1, platform=WINDOWS, nativeEvents=false, acceptSslCerts=true, webStorageEnabled=true, locationContextEnabled=true, browserName=firefox, takesScreenshot=true, javascriptEnabled=true, cssSelectorsEnabled=true}]
Session ID: 74c63e36-0e7e-4855-ab6a-00c8e3358732
*** Element info: {Using=xpath, value=div/div/h3}
2016-05-09 16:48:07 ERROR - -----------------------------------------------------------------------
2016-05-09 16:48:39 ERROR - Unable to locate element: {"method":"xpath","selector":".//*[@id='alerts']/div/div"}
Command duration or timeout: 5.09 seconds
For documentation on this error, please visit: http://seleniumhq.org/exceptions/no_such_element.html
Build info: version: '2.53.0', revision: '35ae25b1534ae328c771e0856c93e187490ca824', time: '2016-03-15 10:43:46'
System info: host: 'DAMCO-PC', ip: '192.168.6.206', os.name: 'Windows 7', os.arch: 'amd64', os.version: '6.1', java.version: '1.8.0_71'
Driver info: org.openqa.selenium.firefox.FirefoxDriver
Capabilities [{applicationCacheEnabled=true, rotatable=false, handlesAlerts=true, databaseEnabled=true, version=45.0.1, platform=WINDOWS, nativeEvents=false, acceptSslCerts=true, webStorageEnabled=true, locationContextEnabled=true, browserName=firefox, takesScreenshot=true, javascriptEnabled=true, cssSelectorsEnabled=true}]
Session ID: 74c63e36-0e7e-4855-ab6a-00c8e3358732
*** Element info: {Using=xpath, value=.//*[@id='alerts']/div/div}
2016-05-09 16:48:39 ERROR - -----------------------------------------------------------------------
2016-05-09 16:58:37 ERROR - Unable to locate element: {"method":"xpath","selector":".//*[@id='alerts']/div/div"}
Command duration or timeout: 60.11 seconds
For documentation on this error, please visit: http://seleniumhq.org/exceptions/no_such_element.html
Build info: version: '2.53.0', revision: '35ae25b1534ae328c771e0856c93e187490ca824', time: '2016-03-15 10:43:46'
System info: host: 'DAMCO-PC', ip: '192.168.6.206', os.name: 'Windows 7', os.arch: 'amd64', os.version: '6.1', java.version: '1.8.0_71'
Driver info: org.openqa.selenium.firefox.FirefoxDriver
Capabilities [{applicationCacheEnabled=true, rotatable=false, handlesAlerts=true, databaseEnabled=true, version=45.0.1, platform=WINDOWS, nativeEvents=false, acceptSslCerts=true, webStorageEnabled=true, locationContextEnabled=true, browserName=firefox, takesScreenshot=true, javascriptEnabled=true, cssSelectorsEnabled=true}]
Session ID: f6c9fb5f-0008-4f5e-803b-b018f10f4ba5
*** Element info: {Using=xpath, value=.//*[@id='alerts']/div/div}
2016-05-09 16:58:37 ERROR - -----------------------------------------------------------------------
2016-05-09 17:09:15 ERROR - Unable to locate element: {"method":"xpath","selector":"div/div/h3"}
Command duration or timeout: 5.05 seconds
For documentation on this error, please visit: http://seleniumhq.org/exceptions/no_such_element.html
Build info: version: '2.53.0', revision: '35ae25b1534ae328c771e0856c93e187490ca824', time: '2016-03-15 10:43:46'
System info: host: 'DAMCO-PC', ip: '192.168.6.206', os.name: 'Windows 7', os.arch: 'amd64', os.version: '6.1', java.version: '1.8.0_71'
Driver info: org.openqa.selenium.firefox.FirefoxDriver
Capabilities [{applicationCacheEnabled=true, rotatable=false, handlesAlerts=true, databaseEnabled=true, version=45.0.1, platform=WINDOWS, nativeEvents=false, acceptSslCerts=true, webStorageEnabled=true, locationContextEnabled=true, browserName=firefox, takesScreenshot=true, javascriptEnabled=true, cssSelectorsEnabled=true}]
Session ID: 52f38a1b-4487-42c9-bc26-c7992b09294e
*** Element info: {Using=xpath, value=div/div/h3}
2016-05-09 17:09:15 ERROR - -----------------------------------------------------------------------
2016-05-09 17:09:31 ERROR - Test step has failed...
2016-05-09 17:09:31 ERROR - -----------------------------------------------------------------------
2016-05-09 17:10:17 ERROR - Unable to locate element: {"method":"xpath","selector":"div/div/h3"}
Command duration or timeout: 5.13 seconds
For documentation on this error, please visit: http://seleniumhq.org/exceptions/no_such_element.html
Build info: version: '2.53.0', revision: '35ae25b1534ae328c771e0856c93e187490ca824', time: '2016-03-15 10:43:46'
System info: host: 'DAMCO-PC', ip: '192.168.6.206', os.name: 'Windows 7', os.arch: 'amd64', os.version: '6.1', java.version: '1.8.0_71'
Driver info: org.openqa.selenium.firefox.FirefoxDriver
Capabilities [{applicationCacheEnabled=true, rotatable=false, handlesAlerts=true, databaseEnabled=true, version=45.0.1, platform=WINDOWS, nativeEvents=false, acceptSslCerts=true, webStorageEnabled=true, locationContextEnabled=true, browserName=firefox, takesScreenshot=true, javascriptEnabled=true, cssSelectorsEnabled=true}]
Session ID: 52f38a1b-4487-42c9-bc26-c7992b09294e
*** Element info: {Using=xpath, value=div/div/h3}
2016-05-09 17:10:17 ERROR - -----------------------------------------------------------------------
2016-05-09 17:10:52 ERROR - Unable to locate element: {"method":"xpath","selector":".//*[@id='alerts']/div/div"}
Command duration or timeout: 5.10 seconds
For documentation on this error, please visit: http://seleniumhq.org/exceptions/no_such_element.html
Build info: version: '2.53.0', revision: '35ae25b1534ae328c771e0856c93e187490ca824', time: '2016-03-15 10:43:46'
System info: host: 'DAMCO-PC', ip: '192.168.6.206', os.name: 'Windows 7', os.arch: 'amd64', os.version: '6.1', java.version: '1.8.0_71'
Driver info: org.openqa.selenium.firefox.FirefoxDriver
Capabilities [{applicationCacheEnabled=true, rotatable=false, handlesAlerts=true, databaseEnabled=true, version=45.0.1, platform=WINDOWS, nativeEvents=false, acceptSslCerts=true, webStorageEnabled=true, locationContextEnabled=true, browserName=firefox, takesScreenshot=true, javascriptEnabled=true, cssSelectorsEnabled=true}]
Session ID: 52f38a1b-4487-42c9-bc26-c7992b09294e
*** Element info: {Using=xpath, value=.//*[@id='alerts']/div/div}
2016-05-09 17:10:52 ERROR - -----------------------------------------------------------------------
2016-05-09 17:13:03 ERROR - Test step has failed...
2016-05-09 17:13:03 ERROR - -----------------------------------------------------------------------
2016-05-09 17:13:21 ERROR - Test step has failed...
2016-05-09 17:13:21 ERROR - -----------------------------------------------------------------------
2016-05-09 17:29:48 ERROR - Unable to locate element: {"method":"xpath","selector":"div/div/h3"}
Command duration or timeout: 5.10 seconds
For documentation on this error, please visit: http://seleniumhq.org/exceptions/no_such_element.html
Build info: version: '2.53.0', revision: '35ae25b1534ae328c771e0856c93e187490ca824', time: '2016-03-15 10:43:46'
System info: host: 'DAMCO-PC', ip: '192.168.6.206', os.name: 'Windows 7', os.arch: 'amd64', os.version: '6.1', java.version: '1.8.0_71'
Driver info: org.openqa.selenium.firefox.FirefoxDriver
Capabilities [{applicationCacheEnabled=true, rotatable=false, handlesAlerts=true, databaseEnabled=true, version=45.0.1, platform=WINDOWS, nativeEvents=false, acceptSslCerts=true, webStorageEnabled=true, locationContextEnabled=true, browserName=firefox, takesScreenshot=true, javascriptEnabled=true, cssSelectorsEnabled=true}]
Session ID: cd5b261b-b690-4354-a152-276cce5c5ed2
*** Element info: {Using=xpath, value=div/div/h3}
2016-05-09 17:29:48 ERROR - -----------------------------------------------------------------------
2016-05-09 17:31:00 ERROR - Test step has failed...
2016-05-09 17:31:00 ERROR - -----------------------------------------------------------------------
2016-05-09 17:31:37 ERROR - Unable to locate element: {"method":"xpath","selector":".//*[@id='alerts']/div/div"}
Command duration or timeout: 5.10 seconds
For documentation on this error, please visit: http://seleniumhq.org/exceptions/no_such_element.html
Build info: version: '2.53.0', revision: '35ae25b1534ae328c771e0856c93e187490ca824', time: '2016-03-15 10:43:46'
System info: host: 'DAMCO-PC', ip: '192.168.6.206', os.name: 'Windows 7', os.arch: 'amd64', os.version: '6.1', java.version: '1.8.0_71'
Driver info: org.openqa.selenium.firefox.FirefoxDriver
Capabilities [{applicationCacheEnabled=true, rotatable=false, handlesAlerts=true, databaseEnabled=true, version=45.0.1, platform=WINDOWS, nativeEvents=false, acceptSslCerts=true, webStorageEnabled=true, locationContextEnabled=true, browserName=firefox, takesScreenshot=true, javascriptEnabled=true, cssSelectorsEnabled=true}]
Session ID: cd5b261b-b690-4354-a152-276cce5c5ed2
*** Element info: {Using=xpath, value=.//*[@id='alerts']/div/div}
2016-05-09 17:31:37 ERROR - -----------------------------------------------------------------------
2016-05-09 17:32:13 ERROR - Unable to locate element: {"method":"xpath","selector":".//*[@id='alerts']/div/div"}
Command duration or timeout: 5.09 seconds
For documentation on this error, please visit: http://seleniumhq.org/exceptions/no_such_element.html
Build info: version: '2.53.0', revision: '35ae25b1534ae328c771e0856c93e187490ca824', time: '2016-03-15 10:43:46'
System info: host: 'DAMCO-PC', ip: '192.168.6.206', os.name: 'Windows 7', os.arch: 'amd64', os.version: '6.1', java.version: '1.8.0_71'
Driver info: org.openqa.selenium.firefox.FirefoxDriver
Capabilities [{applicationCacheEnabled=true, rotatable=false, handlesAlerts=true, databaseEnabled=true, version=45.0.1, platform=WINDOWS, nativeEvents=false, acceptSslCerts=true, webStorageEnabled=true, locationContextEnabled=true, browserName=firefox, takesScreenshot=true, javascriptEnabled=true, cssSelectorsEnabled=true}]
Session ID: cd5b261b-b690-4354-a152-276cce5c5ed2
*** Element info: {Using=xpath, value=.//*[@id='alerts']/div/div}
2016-05-09 17:32:13 ERROR - -----------------------------------------------------------------------
2016-05-09 17:43:40 ERROR - Test step has failed...
2016-05-09 17:43:40 ERROR - -----------------------------------------------------------------------
2016-05-09 18:32:08 ERROR - Unable to locate element: {"method":"xpath","selector":".//*[@id='alerts']/div/div"}
Command duration or timeout: 60.10 seconds
For documentation on this error, please visit: http://seleniumhq.org/exceptions/no_such_element.html
Build info: version: '2.53.0', revision: '35ae25b1534ae328c771e0856c93e187490ca824', time: '2016-03-15 10:43:46'
System info: host: 'DAMCO-PC', ip: '192.168.6.206', os.name: 'Windows 7', os.arch: 'amd64', os.version: '6.1', java.version: '1.8.0_71'
Driver info: org.openqa.selenium.firefox.FirefoxDriver
Capabilities [{applicationCacheEnabled=true, rotatable=false, handlesAlerts=true, databaseEnabled=true, version=45.0.1, platform=WINDOWS, nativeEvents=false, acceptSslCerts=true, webStorageEnabled=true, locationContextEnabled=true, browserName=firefox, takesScreenshot=true, javascriptEnabled=true, cssSelectorsEnabled=true}]
Session ID: c086bb7f-9780-4524-9803-dbd7b0289bde
*** Element info: {Using=xpath, value=.//*[@id='alerts']/div/div}
2016-05-09 18:32:08 ERROR - -----------------------------------------------------------------------
2016-05-09 18:39:21 ERROR - Unable to locate element: {"method":"xpath","selector":".//*[@id='alerts']/div/div"}
Command duration or timeout: 60.08 seconds
For documentation on this error, please visit: http://seleniumhq.org/exceptions/no_such_element.html
Build info: version: '2.53.0', revision: '35ae25b1534ae328c771e0856c93e187490ca824', time: '2016-03-15 10:43:46'
System info: host: 'DAMCO-PC', ip: '192.168.6.206', os.name: 'Windows 7', os.arch: 'amd64', os.version: '6.1', java.version: '1.8.0_71'
Driver info: org.openqa.selenium.firefox.FirefoxDriver
Capabilities [{applicationCacheEnabled=true, rotatable=false, handlesAlerts=true, databaseEnabled=true, version=45.0.1, platform=WINDOWS, nativeEvents=false, acceptSslCerts=true, webStorageEnabled=true, locationContextEnabled=true, browserName=firefox, takesScreenshot=true, javascriptEnabled=true, cssSelectorsEnabled=true}]
Session ID: 3780d45a-3244-413b-a84b-57f85bb8b9c5
*** Element info: {Using=xpath, value=.//*[@id='alerts']/div/div}
2016-05-09 18:39:21 ERROR - -----------------------------------------------------------------------
2016-05-09 18:45:51 ERROR - Unable to locate element: {"method":"xpath","selector":".//*[@id='alerts']/div/div"}
Command duration or timeout: 60.13 seconds
For documentation on this error, please visit: http://seleniumhq.org/exceptions/no_such_element.html
Build info: version: '2.53.0', revision: '35ae25b1534ae328c771e0856c93e187490ca824', time: '2016-03-15 10:43:46'
System info: host: 'DAMCO-PC', ip: '192.168.6.206', os.name: 'Windows 7', os.arch: 'amd64', os.version: '6.1', java.version: '1.8.0_71'
Driver info: org.openqa.selenium.firefox.FirefoxDriver
Capabilities [{applicationCacheEnabled=true, rotatable=false, handlesAlerts=true, databaseEnabled=true, version=45.0.1, platform=WINDOWS, nativeEvents=false, acceptSslCerts=true, webStorageEnabled=true, locationContextEnabled=true, browserName=firefox, takesScreenshot=true, javascriptEnabled=true, cssSelectorsEnabled=true}]
Session ID: 82ffcbe3-ad86-4ca4-9200-fdd46132e013
*** Element info: {Using=xpath, value=.//*[@id='alerts']/div/div}
2016-05-09 18:45:51 ERROR - -----------------------------------------------------------------------
2016-05-09 18:53:53 ERROR - Unable to locate element: {"method":"xpath","selector":".//*[@id='alerts']/div/div"}
Command duration or timeout: 60.05 seconds
For documentation on this error, please visit: http://seleniumhq.org/exceptions/no_such_element.html
Build info: version: '2.53.0', revision: '35ae25b1534ae328c771e0856c93e187490ca824', time: '2016-03-15 10:43:46'
System info: host: 'DAMCO-PC', ip: '192.168.6.206', os.name: 'Windows 7', os.arch: 'amd64', os.version: '6.1', java.version: '1.8.0_71'
Driver info: org.openqa.selenium.firefox.FirefoxDriver
Capabilities [{applicationCacheEnabled=true, rotatable=false, handlesAlerts=true, databaseEnabled=true, version=45.0.1, platform=WINDOWS, nativeEvents=false, acceptSslCerts=true, webStorageEnabled=true, locationContextEnabled=true, browserName=firefox, takesScreenshot=true, javascriptEnabled=true, cssSelectorsEnabled=true}]
Session ID: 9a47d049-ccdc-4f9f-b2ea-d86ff431c836
*** Element info: {Using=xpath, value=.//*[@id='alerts']/div/div}
2016-05-09 18:53:53 ERROR - -----------------------------------------------------------------------
2016-05-09 18:56:37 ERROR - Unable to locate element: {"method":"xpath","selector":".//*[@id='alerts']/div/div"}
Command duration or timeout: 60.05 seconds
For documentation on this error, please visit: http://seleniumhq.org/exceptions/no_such_element.html
Build info: version: '2.53.0', revision: '35ae25b1534ae328c771e0856c93e187490ca824', time: '2016-03-15 10:43:46'
System info: host: 'DAMCO-PC', ip: '192.168.6.206', os.name: 'Windows 7', os.arch: 'amd64', os.version: '6.1', java.version: '1.8.0_71'
Driver info: org.openqa.selenium.firefox.FirefoxDriver
Capabilities [{applicationCacheEnabled=true, rotatable=false, handlesAlerts=true, databaseEnabled=true, version=45.0.1, platform=WINDOWS, nativeEvents=false, acceptSslCerts=true, webStorageEnabled=true, locationContextEnabled=true, browserName=firefox, takesScreenshot=true, javascriptEnabled=true, cssSelectorsEnabled=true}]
Session ID: 73790dcd-9214-46cb-9adb-974087ebaa93
*** Element info: {Using=xpath, value=.//*[@id='alerts']/div/div}
2016-05-09 18:56:37 ERROR - -----------------------------------------------------------------------
2016-05-09 19:00:34 ERROR - Unable to locate element: {"method":"xpath","selector":".//*[@id='alerts']/div/div"}
Command duration or timeout: 60.07 seconds
For documentation on this error, please visit: http://seleniumhq.org/exceptions/no_such_element.html
Build info: version: '2.53.0', revision: '35ae25b1534ae328c771e0856c93e187490ca824', time: '2016-03-15 10:43:46'
System info: host: 'DAMCO-PC', ip: '192.168.6.206', os.name: 'Windows 7', os.arch: 'amd64', os.version: '6.1', java.version: '1.8.0_71'
Driver info: org.openqa.selenium.firefox.FirefoxDriver
Capabilities [{applicationCacheEnabled=true, rotatable=false, handlesAlerts=true, databaseEnabled=true, version=45.0.1, platform=WINDOWS, nativeEvents=false, acceptSslCerts=true, webStorageEnabled=true, locationContextEnabled=true, browserName=firefox, takesScreenshot=true, javascriptEnabled=true, cssSelectorsEnabled=true}]
Session ID: 2e5e0528-6ea9-46de-86af-2c04b3adbdb6
*** Element info: {Using=xpath, value=.//*[@id='alerts']/div/div}
2016-05-09 19:00:34 ERROR - -----------------------------------------------------------------------
2016-05-09 19:03:08 ERROR - Unable to locate element: {"method":"xpath","selector":".//*[@id='alerts']/div/div"}
Command duration or timeout: 60.05 seconds
For documentation on this error, please visit: http://seleniumhq.org/exceptions/no_such_element.html
Build info: version: '2.53.0', revision: '35ae25b1534ae328c771e0856c93e187490ca824', time: '2016-03-15 10:43:46'
System info: host: 'DAMCO-PC', ip: '192.168.6.206', os.name: 'Windows 7', os.arch: 'amd64', os.version: '6.1', java.version: '1.8.0_71'
Driver info: org.openqa.selenium.firefox.FirefoxDriver
Capabilities [{applicationCacheEnabled=true, rotatable=false, handlesAlerts=true, databaseEnabled=true, version=45.0.1, platform=WINDOWS, nativeEvents=false, acceptSslCerts=true, webStorageEnabled=true, locationContextEnabled=true, browserName=firefox, takesScreenshot=true, javascriptEnabled=true, cssSelectorsEnabled=true}]
Session ID: c3875d06-016f-42a2-af8f-a5a0339f2b0a
*** Element info: {Using=xpath, value=.//*[@id='alerts']/div/div}
2016-05-09 19:03:08 ERROR - -----------------------------------------------------------------------
2016-05-09 19:05:55 ERROR - Unable to locate element: {"method":"xpath","selector":".//*[@id='alerts']/div/div"}
Command duration or timeout: 60.09 seconds
For documentation on this error, please visit: http://seleniumhq.org/exceptions/no_such_element.html
Build info: version: '2.53.0', revision: '35ae25b1534ae328c771e0856c93e187490ca824', time: '2016-03-15 10:43:46'
System info: host: 'DAMCO-PC', ip: '192.168.6.206', os.name: 'Windows 7', os.arch: 'amd64', os.version: '6.1', java.version: '1.8.0_71'
Driver info: org.openqa.selenium.firefox.FirefoxDriver
Capabilities [{applicationCacheEnabled=true, rotatable=false, handlesAlerts=true, databaseEnabled=true, version=45.0.1, platform=WINDOWS, nativeEvents=false, acceptSslCerts=true, webStorageEnabled=true, locationContextEnabled=true, browserName=firefox, takesScreenshot=true, javascriptEnabled=true, cssSelectorsEnabled=true}]
Session ID: 2075ae32-866d-4d0f-a60b-83bac6f598f9
*** Element info: {Using=xpath, value=.//*[@id='alerts']/div/div}
2016-05-09 19:05:55 ERROR - -----------------------------------------------------------------------
2016-05-09 19:06:51 ERROR - Unable to locate element: {"method":"xpath","selector":"/div"}
Command duration or timeout: 60.04 seconds
For documentation on this error, please visit: http://seleniumhq.org/exceptions/no_such_element.html
Build info: version: '2.53.0', revision: '35ae25b1534ae328c771e0856c93e187490ca824', time: '2016-03-15 10:43:46'
System info: host: 'DAMCO-PC', ip: '192.168.6.206', os.name: 'Windows 7', os.arch: 'amd64', os.version: '6.1', java.version: '1.8.0_71'
Driver info: org.openqa.selenium.firefox.FirefoxDriver
Capabilities [{applicationCacheEnabled=true, rotatable=false, handlesAlerts=true, databaseEnabled=true, version=45.0.1, platform=WINDOWS, nativeEvents=false, acceptSslCerts=true, webStorageEnabled=true, locationContextEnabled=true, browserName=firefox, takesScreenshot=true, javascriptEnabled=true, cssSelectorsEnabled=true}]
Session ID: ee04f852-bbd8-4bd1-8439-10ce5203d9a9
*** Element info: {Using=xpath, value=/div}
2016-05-09 19:06:51 ERROR - -----------------------------------------------------------------------
2016-05-09 19:10:02 ERROR - Element is not currently visible and so may not be interacted with
Command duration or timeout: 60.07 seconds
Build info: version: '2.53.0', revision: '35ae25b1534ae328c771e0856c93e187490ca824', time: '2016-03-15 10:43:46'
System info: host: 'DAMCO-PC', ip: '192.168.6.206', os.name: 'Windows 7', os.arch: 'amd64', os.version: '6.1', java.version: '1.8.0_71'
Driver info: org.openqa.selenium.firefox.FirefoxDriver
Capabilities [{applicationCacheEnabled=true, rotatable=false, handlesAlerts=true, databaseEnabled=true, version=45.0.1, platform=WINDOWS, nativeEvents=false, acceptSslCerts=true, webStorageEnabled=true, locationContextEnabled=true, browserName=firefox, takesScreenshot=true, javascriptEnabled=true, cssSelectorsEnabled=true}]
Session ID: 457ae85c-cc60-4a55-8edb-33efe5e73282
2016-05-09 19:10:02 ERROR - -----------------------------------------------------------------------
2016-05-09 19:11:11 ERROR - Element is not currently visible and so may not be interacted with (WARNING: The server did not provide any stacktrace information)
Command duration or timeout: 6 milliseconds
Build info: version: '2.53.0', revision: '35ae25b1534ae328c771e0856c93e187490ca824', time: '2016-03-15 10:43:46'
System info: host: 'DAMCO-PC', ip: '192.168.6.206', os.name: 'Windows 7', os.arch: 'amd64', os.version: '6.1', java.version: '1.8.0_71'
Driver info: org.openqa.selenium.firefox.FirefoxDriver
Capabilities [{applicationCacheEnabled=true, rotatable=false, handlesAlerts=true, databaseEnabled=true, version=45.0.1, platform=WINDOWS, nativeEvents=false, acceptSslCerts=true, webStorageEnabled=true, locationContextEnabled=true, browserName=firefox, takesScreenshot=true, javascriptEnabled=true, cssSelectorsEnabled=true}]
Session ID: aee499d3-aa9b-4b40-b54a-b57981339c16
2016-05-09 19:11:11 ERROR - -----------------------------------------------------------------------
2016-05-09 20:02:02 ERROR - Test step has failed...
2016-05-09 20:02:02 ERROR - -----------------------------------------------------------------------
2016-05-09 20:04:57 ERROR - java.lang.Long cannot be cast to java.lang.Integer
2016-05-09 20:04:57 ERROR - -----------------------------------------------------------------------
2016-05-09 20:08:34 ERROR - java.lang.Long cannot be cast to java.lang.String
2016-05-09 20:08:34 ERROR - -----------------------------------------------------------------------
2016-05-09 20:11:13 ERROR - java.lang.Long cannot be cast to java.lang.String
2016-05-09 20:11:13 ERROR - -----------------------------------------------------------------------
2016-05-09 20:17:56 ERROR - Test step has failed...
2016-05-09 20:17:56 ERROR - -----------------------------------------------------------------------
2016-05-10 11:01:23 ERROR - Error communicating with the remote browser. It may have died.
Build info: version: '2.53.0', revision: '35ae25b1534ae328c771e0856c93e187490ca824', time: '2016-03-15 10:43:46'
System info: host: 'DAMCO-PC', ip: '192.168.6.206', os.name: 'Windows 7', os.arch: 'amd64', os.version: '6.1', java.version: '1.8.0_71'
Driver info: driver.version: FirefoxDriver
Capabilities [{applicationCacheEnabled=true, rotatable=false, handlesAlerts=true, databaseEnabled=true, version=45.0.1, platform=WINDOWS, nativeEvents=false, acceptSslCerts=true, webStorageEnabled=true, locationContextEnabled=true, browserName=firefox, takesScreenshot=true, javascriptEnabled=true, cssSelectorsEnabled=true}]
Session ID: 56cc5956-37a7-4f68-85d5-8a8758988463
2016-05-10 11:01:23 ERROR - -----------------------------------------------------------------------
2016-05-10 11:01:26 ERROR - Error communicating with the remote browser. It may have died.
Build info: version: '2.53.0', revision: '35ae25b1534ae328c771e0856c93e187490ca824', time: '2016-03-15 10:43:46'
System info: host: 'DAMCO-PC', ip: '192.168.6.206', os.name: 'Windows 7', os.arch: 'amd64', os.version: '6.1', java.version: '1.8.0_71'
Driver info: driver.version: FirefoxDriver
Capabilities [{applicationCacheEnabled=true, rotatable=false, handlesAlerts=true, databaseEnabled=true, version=45.0.1, platform=WINDOWS, nativeEvents=false, acceptSslCerts=true, webStorageEnabled=true, locationContextEnabled=true, browserName=firefox, takesScreenshot=true, javascriptEnabled=true, cssSelectorsEnabled=true}]
Session ID: 56cc5956-37a7-4f68-85d5-8a8758988463
2016-05-10 11:01:26 ERROR - -----------------------------------------------------------------------
2016-05-10 11:01:28 ERROR - Error communicating with the remote browser. It may have died.
Build info: version: '2.53.0', revision: '35ae25b1534ae328c771e0856c93e187490ca824', time: '2016-03-15 10:43:46'
System info: host: 'DAMCO-PC', ip: '192.168.6.206', os.name: 'Windows 7', os.arch: 'amd64', os.version: '6.1', java.version: '1.8.0_71'
Driver info: driver.version: FirefoxDriver
Capabilities [{applicationCacheEnabled=true, rotatable=false, handlesAlerts=true, databaseEnabled=true, version=45.0.1, platform=WINDOWS, nativeEvents=false, acceptSslCerts=true, webStorageEnabled=true, locationContextEnabled=true, browserName=firefox, takesScreenshot=true, javascriptEnabled=true, cssSelectorsEnabled=true}]
Session ID: 56cc5956-37a7-4f68-85d5-8a8758988463
2016-05-10 11:01:28 ERROR - -----------------------------------------------------------------------
2016-05-10 11:01:31 ERROR - Error communicating with the remote browser. It may have died.
Build info: version: '2.53.0', revision: '35ae25b1534ae328c771e0856c93e187490ca824', time: '2016-03-15 10:43:46'
System info: host: 'DAMCO-PC', ip: '192.168.6.206', os.name: 'Windows 7', os.arch: 'amd64', os.version: '6.1', java.version: '1.8.0_71'
Driver info: driver.version: FirefoxDriver
Capabilities [{applicationCacheEnabled=true, rotatable=false, handlesAlerts=true, databaseEnabled=true, version=45.0.1, platform=WINDOWS, nativeEvents=false, acceptSslCerts=true, webStorageEnabled=true, locationContextEnabled=true, browserName=firefox, takesScreenshot=true, javascriptEnabled=true, cssSelectorsEnabled=true}]
Session ID: 56cc5956-37a7-4f68-85d5-8a8758988463
2016-05-10 11:01:31 ERROR - -----------------------------------------------------------------------
2016-05-10 11:01:33 ERROR - Error communicating with the remote browser. It may have died.
Build info: version: '2.53.0', revision: '35ae25b1534ae328c771e0856c93e187490ca824', time: '2016-03-15 10:43:46'
System info: host: 'DAMCO-PC', ip: '192.168.6.206', os.name: 'Windows 7', os.arch: 'amd64', os.version: '6.1', java.version: '1.8.0_71'
Driver info: driver.version: FirefoxDriver
Capabilities [{applicationCacheEnabled=true, rotatable=false, handlesAlerts=true, databaseEnabled=true, version=45.0.1, platform=WINDOWS, nativeEvents=false, acceptSslCerts=true, webStorageEnabled=true, locationContextEnabled=true, browserName=firefox, takesScreenshot=true, javascriptEnabled=true, cssSelectorsEnabled=true}]
Session ID: 56cc5956-37a7-4f68-85d5-8a8758988463
2016-05-10 11:01:33 ERROR - -----------------------------------------------------------------------
2016-05-10 11:01:35 ERROR - Error communicating with the remote browser. It may have died.
Build info: version: '2.53.0', revision: '35ae25b1534ae328c771e0856c93e187490ca824', time: '2016-03-15 10:43:46'
System info: host: 'DAMCO-PC', ip: '192.168.6.206', os.name: 'Windows 7', os.arch: 'amd64', os.version: '6.1', java.version: '1.8.0_71'
Driver info: driver.version: FirefoxDriver
Capabilities [{applicationCacheEnabled=true, rotatable=false, handlesAlerts=true, databaseEnabled=true, version=45.0.1, platform=WINDOWS, nativeEvents=false, acceptSslCerts=true, webStorageEnabled=true, locationContextEnabled=true, browserName=firefox, takesScreenshot=true, javascriptEnabled=true, cssSelectorsEnabled=true}]
Session ID: 56cc5956-37a7-4f68-85d5-8a8758988463
2016-05-10 11:01:35 ERROR - -----------------------------------------------------------------------
2016-05-10 11:01:37 ERROR - Error communicating with the remote browser. It may have died.
Build info: version: '2.53.0', revision: '35ae25b1534ae328c771e0856c93e187490ca824', time: '2016-03-15 10:43:46'
System info: host: 'DAMCO-PC', ip: '192.168.6.206', os.name: 'Windows 7', os.arch: 'amd64', os.version: '6.1', java.version: '1.8.0_71'
Driver info: driver.version: FirefoxDriver
Capabilities [{applicationCacheEnabled=true, rotatable=false, handlesAlerts=true, databaseEnabled=true, version=45.0.1, platform=WINDOWS, nativeEvents=false, acceptSslCerts=true, webStorageEnabled=true, locationContextEnabled=true, browserName=firefox, takesScreenshot=true, javascriptEnabled=true, cssSelectorsEnabled=true}]
Session ID: 56cc5956-37a7-4f68-85d5-8a8758988463
2016-05-10 11:01:37 ERROR - -----------------------------------------------------------------------
2016-05-10 11:01:39 ERROR - Session not found: 56cc5956-37a7-4f68-85d5-8a8758988463
Command duration or timeout: 146 milliseconds
Build info: version: '2.53.0', revision: '35ae25b1534ae328c771e0856c93e187490ca824', time: '2016-03-15 10:43:46'
System info: host: 'DAMCO-PC', ip: '192.168.6.206', os.name: 'Windows 7', os.arch: 'amd64', os.version: '6.1', java.version: '1.8.0_71'
Driver info: org.openqa.selenium.firefox.FirefoxDriver
Capabilities [{applicationCacheEnabled=true, rotatable=false, handlesAlerts=true, databaseEnabled=true, version=45.0.1, platform=WINDOWS, nativeEvents=false, acceptSslCerts=true, webStorageEnabled=true, locationContextEnabled=true, browserName=firefox, takesScreenshot=true, javascriptEnabled=true, cssSelectorsEnabled=true}]
Session ID: 56cc5956-37a7-4f68-85d5-8a8758988463
2016-05-10 11:01:39 ERROR - -----------------------------------------------------------------------
2016-05-10 11:01:39 ERROR - Session not found: 56cc5956-37a7-4f68-85d5-8a8758988463
Command duration or timeout: 11 milliseconds
Build info: version: '2.53.0', revision: '35ae25b1534ae328c771e0856c93e187490ca824', time: '2016-03-15 10:43:46'
System info: host: 'DAMCO-PC', ip: '192.168.6.206', os.name: 'Windows 7', os.arch: 'amd64', os.version: '6.1', java.version: '1.8.0_71'
Driver info: org.openqa.selenium.firefox.FirefoxDriver
Capabilities [{applicationCacheEnabled=true, rotatable=false, handlesAlerts=true, databaseEnabled=true, version=45.0.1, platform=WINDOWS, nativeEvents=false, acceptSslCerts=true, webStorageEnabled=true, locationContextEnabled=true, browserName=firefox, takesScreenshot=true, javascriptEnabled=true, cssSelectorsEnabled=true}]
Session ID: 56cc5956-37a7-4f68-85d5-8a8758988463
2016-05-10 11:01:39 ERROR - -----------------------------------------------------------------------
2016-05-10 11:01:40 ERROR - Session not found: 56cc5956-37a7-4f68-85d5-8a8758988463
Command duration or timeout: 26 milliseconds
Build info: version: '2.53.0', revision: '35ae25b1534ae328c771e0856c93e187490ca824', time: '2016-03-15 10:43:46'
System info: host: 'DAMCO-PC', ip: '192.168.6.206', os.name: 'Windows 7', os.arch: 'amd64', os.version: '6.1', java.version: '1.8.0_71'
Driver info: org.openqa.selenium.firefox.FirefoxDriver
Capabilities [{applicationCacheEnabled=true, rotatable=false, handlesAlerts=true, databaseEnabled=true, version=45.0.1, platform=WINDOWS, nativeEvents=false, acceptSslCerts=true, webStorageEnabled=true, locationContextEnabled=true, browserName=firefox, takesScreenshot=true, javascriptEnabled=true, cssSelectorsEnabled=true}]
Session ID: 56cc5956-37a7-4f68-85d5-8a8758988463
2016-05-10 11:01:40 ERROR - -----------------------------------------------------------------------
2016-05-10 11:01:40 ERROR - Session not found: 56cc5956-37a7-4f68-85d5-8a8758988463
Command duration or timeout: 10 milliseconds
Build info: version: '2.53.0', revision: '35ae25b1534ae328c771e0856c93e187490ca824', time: '2016-03-15 10:43:46'
System info: host: 'DAMCO-PC', ip: '192.168.6.206', os.name: 'Windows 7', os.arch: 'amd64', os.version: '6.1', java.version: '1.8.0_71'
Driver info: org.openqa.selenium.firefox.FirefoxDriver
Capabilities [{applicationCacheEnabled=true, rotatable=false, handlesAlerts=true, databaseEnabled=true, version=45.0.1, platform=WINDOWS, nativeEvents=false, acceptSslCerts=true, webStorageEnabled=true, locationContextEnabled=true, browserName=firefox, takesScreenshot=true, javascriptEnabled=true, cssSelectorsEnabled=true}]
Session ID: 56cc5956-37a7-4f68-85d5-8a8758988463
2016-05-10 11:01:40 ERROR - -----------------------------------------------------------------------
2016-05-10 11:01:40 ERROR - Session not found: 56cc5956-37a7-4f68-85d5-8a8758988463
Command duration or timeout: 17 milliseconds
Build info: version: '2.53.0', revision: '35ae25b1534ae328c771e0856c93e187490ca824', time: '2016-03-15 10:43:46'
System info: host: 'DAMCO-PC', ip: '192.168.6.206', os.name: 'Windows 7', os.arch: 'amd64', os.version: '6.1', java.version: '1.8.0_71'
Driver info: org.openqa.selenium.firefox.FirefoxDriver
Capabilities [{applicationCacheEnabled=true, rotatable=false, handlesAlerts=true, databaseEnabled=true, version=45.0.1, platform=WINDOWS, nativeEvents=false, acceptSslCerts=true, webStorageEnabled=true, locationContextEnabled=true, browserName=firefox, takesScreenshot=true, javascriptEnabled=true, cssSelectorsEnabled=true}]
Session ID: 56cc5956-37a7-4f68-85d5-8a8758988463
2016-05-10 11:01:40 ERROR - -----------------------------------------------------------------------
2016-05-10 11:01:40 ERROR - Session not found: 56cc5956-37a7-4f68-85d5-8a8758988463
Command duration or timeout: 8 milliseconds
Build info: version: '2.53.0', revision: '35ae25b1534ae328c771e0856c93e187490ca824', time: '2016-03-15 10:43:46'
System info: host: 'DAMCO-PC', ip: '192.168.6.206', os.name: 'Windows 7', os.arch: 'amd64', os.version: '6.1', java.version: '1.8.0_71'
Driver info: org.openqa.selenium.firefox.FirefoxDriver
Capabilities [{applicationCacheEnabled=true, rotatable=false, handlesAlerts=true, databaseEnabled=true, version=45.0.1, platform=WINDOWS, nativeEvents=false, acceptSslCerts=true, webStorageEnabled=true, locationContextEnabled=true, browserName=firefox, takesScreenshot=true, javascriptEnabled=true, cssSelectorsEnabled=true}]
Session ID: 56cc5956-37a7-4f68-85d5-8a8758988463
2016-05-10 11:01:40 ERROR - -----------------------------------------------------------------------
2016-05-10 11:01:41 ERROR - Session not found: 56cc5956-37a7-4f68-85d5-8a8758988463
Command duration or timeout: 14 milliseconds
Build info: version: '2.53.0', revision: '35ae25b1534ae328c771e0856c93e187490ca824', time: '2016-03-15 10:43:46'
System info: host: 'DAMCO-PC', ip: '192.168.6.206', os.name: 'Windows 7', os.arch: 'amd64', os.version: '6.1', java.version: '1.8.0_71'
Driver info: org.openqa.selenium.firefox.FirefoxDriver
Capabilities [{applicationCacheEnabled=true, rotatable=false, handlesAlerts=true, databaseEnabled=true, version=45.0.1, platform=WINDOWS, nativeEvents=false, acceptSslCerts=true, webStorageEnabled=true, locationContextEnabled=true, browserName=firefox, takesScreenshot=true, javascriptEnabled=true, cssSelectorsEnabled=true}]
Session ID: 56cc5956-37a7-4f68-85d5-8a8758988463
2016-05-10 11:01:41 ERROR - -----------------------------------------------------------------------
2016-05-10 11:01:41 ERROR - Session not found: 56cc5956-37a7-4f68-85d5-8a8758988463
Command duration or timeout: 6 milliseconds
Build info: version: '2.53.0', revision: '35ae25b1534ae328c771e0856c93e187490ca824', time: '2016-03-15 10:43:46'
System info: host: 'DAMCO-PC', ip: '192.168.6.206', os.name: 'Windows 7', os.arch: 'amd64', os.version: '6.1', java.version: '1.8.0_71'
Driver info: org.openqa.selenium.firefox.FirefoxDriver
Capabilities [{applicationCacheEnabled=true, rotatable=false, handlesAlerts=true, databaseEnabled=true, version=45.0.1, platform=WINDOWS, nativeEvents=false, acceptSslCerts=true, webStorageEnabled=true, locationContextEnabled=true, browserName=firefox, takesScreenshot=true, javascriptEnabled=true, cssSelectorsEnabled=true}]
Session ID: 56cc5956-37a7-4f68-85d5-8a8758988463
2016-05-10 11:01:41 ERROR - -----------------------------------------------------------------------
2016-05-10 11:01:41 ERROR - Session not found: 56cc5956-37a7-4f68-85d5-8a8758988463
Command duration or timeout: 7 milliseconds
Build info: version: '2.53.0', revision: '35ae25b1534ae328c771e0856c93e187490ca824', time: '2016-03-15 10:43:46'
System info: host: 'DAMCO-PC', ip: '192.168.6.206', os.name: 'Windows 7', os.arch: 'amd64', os.version: '6.1', java.version: '1.8.0_71'
Driver info: org.openqa.selenium.firefox.FirefoxDriver
Capabilities [{applicationCacheEnabled=true, rotatable=false, handlesAlerts=true, databaseEnabled=true, version=45.0.1, platform=WINDOWS, nativeEvents=false, acceptSslCerts=true, webStorageEnabled=true, locationContextEnabled=true, browserName=firefox, takesScreenshot=true, javascriptEnabled=true, cssSelectorsEnabled=true}]
Session ID: 56cc5956-37a7-4f68-85d5-8a8758988463
2016-05-10 11:01:41 ERROR - -----------------------------------------------------------------------
2016-05-10 11:01:41 ERROR - Session not found: 56cc5956-37a7-4f68-85d5-8a8758988463
Command duration or timeout: 8 milliseconds
Build info: version: '2.53.0', revision: '35ae25b1534ae328c771e0856c93e187490ca824', time: '2016-03-15 10:43:46'
System info: host: 'DAMCO-PC', ip: '192.168.6.206', os.name: 'Windows 7', os.arch: 'amd64', os.version: '6.1', java.version: '1.8.0_71'
Driver info: org.openqa.selenium.firefox.FirefoxDriver
Capabilities [{applicationCacheEnabled=true, rotatable=false, handlesAlerts=true, databaseEnabled=true, version=45.0.1, platform=WINDOWS, nativeEvents=false, acceptSslCerts=true, webStorageEnabled=true, locationContextEnabled=true, browserName=firefox, takesScreenshot=true, javascriptEnabled=true, cssSelectorsEnabled=true}]
Session ID: 56cc5956-37a7-4f68-85d5-8a8758988463
2016-05-10 11:01:41 ERROR - -----------------------------------------------------------------------
2016-05-10 11:01:41 ERROR - Session not found: 56cc5956-37a7-4f68-85d5-8a8758988463
Command duration or timeout: 7 milliseconds
Build info: version: '2.53.0', revision: '35ae25b1534ae328c771e0856c93e187490ca824', time: '2016-03-15 10:43:46'
System info: host: 'DAMCO-PC', ip: '192.168.6.206', os.name: 'Windows 7', os.arch: 'amd64', os.version: '6.1', java.version: '1.8.0_71'
Driver info: org.openqa.selenium.firefox.FirefoxDriver
Capabilities [{applicationCacheEnabled=true, rotatable=false, handlesAlerts=true, databaseEnabled=true, version=45.0.1, platform=WINDOWS, nativeEvents=false, acceptSslCerts=true, webStorageEnabled=true, locationContextEnabled=true, browserName=firefox, takesScreenshot=true, javascriptEnabled=true, cssSelectorsEnabled=true}]
Session ID: 56cc5956-37a7-4f68-85d5-8a8758988463
2016-05-10 11:01:41 ERROR - -----------------------------------------------------------------------
2016-05-10 11:01:42 ERROR - Session not found: 56cc5956-37a7-4f68-85d5-8a8758988463
Command duration or timeout: 5 milliseconds
Build info: version: '2.53.0', revision: '35ae25b1534ae328c771e0856c93e187490ca824', time: '2016-03-15 10:43:46'
System info: host: 'DAMCO-PC', ip: '192.168.6.206', os.name: 'Windows 7', os.arch: 'amd64', os.version: '6.1', java.version: '1.8.0_71'
Driver info: org.openqa.selenium.firefox.FirefoxDriver
Capabilities [{applicationCacheEnabled=true, rotatable=false, handlesAlerts=true, databaseEnabled=true, version=45.0.1, platform=WINDOWS, nativeEvents=false, acceptSslCerts=true, webStorageEnabled=true, locationContextEnabled=true, browserName=firefox, takesScreenshot=true, javascriptEnabled=true, cssSelectorsEnabled=true}]
Session ID: 56cc5956-37a7-4f68-85d5-8a8758988463
2016-05-10 11:01:42 ERROR - -----------------------------------------------------------------------
2016-05-10 11:01:42 ERROR - Session not found: 56cc5956-37a7-4f68-85d5-8a8758988463
Command duration or timeout: 11 milliseconds
Build info: version: '2.53.0', revision: '35ae25b1534ae328c771e0856c93e187490ca824', time: '2016-03-15 10:43:46'
System info: host: 'DAMCO-PC', ip: '192.168.6.206', os.name: 'Windows 7', os.arch: 'amd64', os.version: '6.1', java.version: '1.8.0_71'
Driver info: org.openqa.selenium.firefox.FirefoxDriver
Capabilities [{applicationCacheEnabled=true, rotatable=false, handlesAlerts=true, databaseEnabled=true, version=45.0.1, platform=WINDOWS, nativeEvents=false, acceptSslCerts=true, webStorageEnabled=true, locationContextEnabled=true, browserName=firefox, takesScreenshot=true, javascriptEnabled=true, cssSelectorsEnabled=true}]
Session ID: 56cc5956-37a7-4f68-85d5-8a8758988463
2016-05-10 11:01:42 ERROR - -----------------------------------------------------------------------
2016-05-10 11:01:42 ERROR - Session not found: 56cc5956-37a7-4f68-85d5-8a8758988463
Command duration or timeout: 14 milliseconds
Build info: version: '2.53.0', revision: '35ae25b1534ae328c771e0856c93e187490ca824', time: '2016-03-15 10:43:46'
System info: host: 'DAMCO-PC', ip: '192.168.6.206', os.name: 'Windows 7', os.arch: 'amd64', os.version: '6.1', java.version: '1.8.0_71'
Driver info: org.openqa.selenium.firefox.FirefoxDriver
Capabilities [{applicationCacheEnabled=true, rotatable=false, handlesAlerts=true, databaseEnabled=true, version=45.0.1, platform=WINDOWS, nativeEvents=false, acceptSslCerts=true, webStorageEnabled=true, locationContextEnabled=true, browserName=firefox, takesScreenshot=true, javascriptEnabled=true, cssSelectorsEnabled=true}]
Session ID: 56cc5956-37a7-4f68-85d5-8a8758988463
2016-05-10 11:01:42 ERROR - -----------------------------------------------------------------------
2016-05-10 11:03:03 ERROR - Error communicating with the remote browser. It may have died.
Build info: version: '2.53.0', revision: '35ae25b1534ae328c771e0856c93e187490ca824', time: '2016-03-15 10:43:46'
System info: host: 'DAMCO-PC', ip: '192.168.6.206', os.name: 'Windows 7', os.arch: 'amd64', os.version: '6.1', java.version: '1.8.0_71'
Driver info: driver.version: FirefoxDriver
Capabilities [{applicationCacheEnabled=true, rotatable=false, handlesAlerts=true, databaseEnabled=true, version=45.0.1, platform=WINDOWS, nativeEvents=false, acceptSslCerts=true, webStorageEnabled=true, locationContextEnabled=true, browserName=firefox, takesScreenshot=true, javascriptEnabled=true, cssSelectorsEnabled=true}]
Session ID: 13c26a9e-5498-4142-ac3b-d1208155a7b5
2016-05-10 11:03:03 ERROR - -----------------------------------------------------------------------
2016-05-10 11:12:38 ERROR - Test step has failed...
2016-05-10 11:12:38 ERROR - -----------------------------------------------------------------------
2016-05-10 11:13:29 ERROR - Unable to locate element: {"method":"xpath","selector":"div/div/h3"}
Command duration or timeout: 5.08 seconds
For documentation on this error, please visit: http://seleniumhq.org/exceptions/no_such_element.html
Build info: version: '2.53.0', revision: '35ae25b1534ae328c771e0856c93e187490ca824', time: '2016-03-15 10:43:46'
System info: host: 'DAMCO-PC', ip: '192.168.6.206', os.name: 'Windows 7', os.arch: 'amd64', os.version: '6.1', java.version: '1.8.0_71'
Driver info: org.openqa.selenium.firefox.FirefoxDriver
Capabilities [{applicationCacheEnabled=true, rotatable=false, handlesAlerts=true, databaseEnabled=true, version=45.0.1, platform=WINDOWS, nativeEvents=false, acceptSslCerts=true, webStorageEnabled=true, locationContextEnabled=true, browserName=firefox, takesScreenshot=true, javascriptEnabled=true, cssSelectorsEnabled=true}]
Session ID: 3a2c1dbd-01a5-4f65-b652-6e78cc8c5d33
*** Element info: {Using=xpath, value=div/div/h3}
2016-05-10 11:13:29 ERROR - -----------------------------------------------------------------------
2016-05-10 11:26:14 ERROR - Test step has failed...
2016-05-10 11:26:14 ERROR - -----------------------------------------------------------------------
2016-05-10 12:18:22 ERROR - Test step has failed...
2016-05-10 12:18:22 ERROR - -----------------------------------------------------------------------
2016-05-10 12:21:01 ERROR - Test step has failed...
2016-05-10 12:21:01 ERROR - -----------------------------------------------------------------------
2016-05-10 12:25:11 ERROR - Test step has failed...
2016-05-10 12:25:11 ERROR - -----------------------------------------------------------------------
2016-05-10 12:27:03 ERROR - Test step has failed...
2016-05-10 12:27:03 ERROR - -----------------------------------------------------------------------
2016-05-10 12:30:51 ERROR - Test step has failed...
2016-05-10 12:30:51 ERROR - -----------------------------------------------------------------------
2016-05-10 12:54:12 ERROR - Unable to locate element: {"method":"partial link text","selector":"Showings"}
Command duration or timeout: 60.07 seconds
For documentation on this error, please visit: http://seleniumhq.org/exceptions/no_such_element.html
Build info: version: '2.53.0', revision: '35ae25b1534ae328c771e0856c93e187490ca824', time: '2016-03-15 10:43:46'
System info: host: 'DAMCO-PC', ip: '192.168.6.206', os.name: 'Windows 7', os.arch: 'amd64', os.version: '6.1', java.version: '1.8.0_71'
Driver info: org.openqa.selenium.firefox.FirefoxDriver
Capabilities [{applicationCacheEnabled=true, rotatable=false, handlesAlerts=true, databaseEnabled=true, version=45.0.1, platform=WINDOWS, nativeEvents=false, acceptSslCerts=true, webStorageEnabled=true, locationContextEnabled=true, browserName=firefox, takesScreenshot=true, javascriptEnabled=true, cssSelectorsEnabled=true}]
Session ID: 78a55a17-0d46-4642-b634-d399b5421ec7
*** Element info: {Using=partial link text, value=Showings}
2016-05-10 12:54:12 ERROR - -----------------------------------------------------------------------
2016-05-10 12:58:21 ERROR - 
2016-05-10 12:58:21 ERROR - -----------------------------------------------------------------------
2016-05-10 13:02:50 ERROR - Test step has failed...
2016-05-10 13:02:50 ERROR - -----------------------------------------------------------------------
2016-05-10 13:16:56 ERROR - Test step has failed...
2016-05-10 13:16:56 ERROR - -----------------------------------------------------------------------
2016-05-10 13:41:05 ERROR - Test step has failed...
2016-05-10 13:41:05 ERROR - -----------------------------------------------------------------------
2016-05-10 13:48:33 ERROR - Test step has failed...
2016-05-10 13:48:33 ERROR - -----------------------------------------------------------------------
2016-05-10 14:45:55 ERROR - Unable to locate element: {"method":"partial link text","selector":"Showings"}
Command duration or timeout: 60.14 seconds
For documentation on this error, please visit: http://seleniumhq.org/exceptions/no_such_element.html
Build info: version: '2.53.0', revision: '35ae25b1534ae328c771e0856c93e187490ca824', time: '2016-03-15 10:43:46'
System info: host: 'DAMCO-PC', ip: '192.168.6.206', os.name: 'Windows 7', os.arch: 'amd64', os.version: '6.1', java.version: '1.8.0_71'
Driver info: org.openqa.selenium.firefox.FirefoxDriver
Capabilities [{applicationCacheEnabled=true, rotatable=false, handlesAlerts=true, databaseEnabled=true, version=45.0.1, platform=WINDOWS, nativeEvents=false, acceptSslCerts=true, webStorageEnabled=true, locationContextEnabled=true, browserName=firefox, takesScreenshot=true, javascriptEnabled=true, cssSelectorsEnabled=true}]
Session ID: f9233acc-3856-4de7-931f-a2d6654c4b4e
*** Element info: {Using=partial link text, value=Showings}
2016-05-10 14:45:55 ERROR - -----------------------------------------------------------------------
2016-05-10 14:46:47 ERROR - Error communicating with the remote browser. It may have died.
Build info: version: '2.53.0', revision: '35ae25b1534ae328c771e0856c93e187490ca824', time: '2016-03-15 10:43:46'
System info: host: 'DAMCO-PC', ip: '192.168.6.206', os.name: 'Windows 7', os.arch: 'amd64', os.version: '6.1', java.version: '1.8.0_71'
Driver info: driver.version: FirefoxDriver
Capabilities [{applicationCacheEnabled=true, rotatable=false, handlesAlerts=true, databaseEnabled=true, version=45.0.1, platform=WINDOWS, nativeEvents=false, acceptSslCerts=true, webStorageEnabled=true, locationContextEnabled=true, browserName=firefox, takesScreenshot=true, javascriptEnabled=true, cssSelectorsEnabled=true}]
Session ID: 640416db-bce0-4989-808c-df453070a371
2016-05-10 14:46:47 ERROR - -----------------------------------------------------------------------
2016-05-10 15:48:49 ERROR - Error communicating with the remote browser. It may have died.
Build info: version: '2.53.0', revision: '35ae25b1534ae328c771e0856c93e187490ca824', time: '2016-03-15 10:43:46'
System info: host: 'DAMCO-PC', ip: '192.168.6.206', os.name: 'Windows 7', os.arch: 'amd64', os.version: '6.1', java.version: '1.8.0_71'
Driver info: driver.version: FirefoxDriver
Capabilities [{applicationCacheEnabled=true, rotatable=false, handlesAlerts=true, databaseEnabled=true, version=45.0.1, platform=WINDOWS, nativeEvents=false, acceptSslCerts=true, webStorageEnabled=true, locationContextEnabled=true, browserName=firefox, takesScreenshot=true, javascriptEnabled=true, cssSelectorsEnabled=true}]
Session ID: 47c287e7-7904-4605-bf33-5a852f11457d
2016-05-10 15:48:49 ERROR - -----------------------------------------------------------------------
2016-05-10 16:27:59 ERROR - Test step has failed...
2016-05-10 16:27:59 ERROR - -----------------------------------------------------------------------
2016-05-10 16:35:04 ERROR - Test step has failed...
2016-05-10 16:35:04 ERROR - -----------------------------------------------------------------------
2016-08-31 13:33:37 ERROR - 
2016-08-31 13:33:37 ERROR - -----------------------------------------------------------------------
2016-08-31 13:33:48 ERROR - 
2016-08-31 13:33:48 ERROR - -----------------------------------------------------------------------
2016-08-31 13:33:48 ERROR - 
2016-08-31 13:33:48 ERROR - -----------------------------------------------------------------------
2016-08-31 13:33:48 ERROR - 
2016-08-31 13:33:48 ERROR - -----------------------------------------------------------------------
2016-08-31 13:33:49 ERROR - 
2016-08-31 13:33:49 ERROR - -----------------------------------------------------------------------
2016-08-31 13:33:49 ERROR - 
2016-08-31 13:33:49 ERROR - -----------------------------------------------------------------------
2016-08-31 13:33:49 ERROR - 
2016-08-31 13:33:49 ERROR - -----------------------------------------------------------------------
2016-08-31 13:33:49 ERROR - 
2016-08-31 13:33:49 ERROR - -----------------------------------------------------------------------
2016-08-31 13:33:49 ERROR - 
2016-08-31 13:33:49 ERROR - -----------------------------------------------------------------------
2016-08-31 13:33:50 ERROR - 
2016-08-31 13:33:50 ERROR - -----------------------------------------------------------------------
2016-08-31 13:33:50 ERROR - 
2016-08-31 13:33:50 ERROR - -----------------------------------------------------------------------
2016-08-31 13:33:50 ERROR - 
2016-08-31 13:33:50 ERROR - -----------------------------------------------------------------------
2016-08-31 13:33:50 ERROR - 
2016-08-31 13:33:50 ERROR - -----------------------------------------------------------------------
2016-08-31 13:33:51 ERROR - 
2016-08-31 13:33:51 ERROR - -----------------------------------------------------------------------
2016-08-31 13:33:51 ERROR - 
2016-08-31 13:33:51 ERROR - -----------------------------------------------------------------------
2016-08-31 13:33:51 ERROR - 
2016-08-31 13:33:51 ERROR - -----------------------------------------------------------------------
2016-08-31 13:33:51 ERROR - 
2016-08-31 13:33:51 ERROR - -----------------------------------------------------------------------
2016-08-31 13:33:51 ERROR - 
2016-08-31 13:33:51 ERROR - -----------------------------------------------------------------------
2016-08-31 13:33:52 ERROR - 
2016-08-31 13:33:52 ERROR - -----------------------------------------------------------------------
2016-08-31 13:33:52 ERROR - 
2016-08-31 13:33:52 ERROR - -----------------------------------------------------------------------
2016-08-31 13:33:52 ERROR - 
2016-08-31 13:33:52 ERROR - -----------------------------------------------------------------------
2016-08-31 13:33:52 ERROR - 
2016-08-31 13:33:52 ERROR - -----------------------------------------------------------------------
2016-08-31 13:33:52 ERROR - 
2016-08-31 13:33:52 ERROR - -----------------------------------------------------------------------
2016-08-31 13:33:52 ERROR - 
2016-08-31 13:33:52 ERROR - -----------------------------------------------------------------------
2016-08-31 13:33:53 ERROR - 
2016-08-31 13:33:53 ERROR - -----------------------------------------------------------------------
2016-08-31 13:33:53 ERROR - 
2016-08-31 13:33:53 ERROR - -----------------------------------------------------------------------
2016-09-06 19:32:19 ERROR - 
2016-09-06 19:32:19 ERROR - -----------------------------------------------------------------------
2016-09-07 12:01:38 ERROR - no such window: target window already closed
from unknown error: web view not found
  (Session info: chrome=52.0.2743.116)
  (Driver info: chromedriver=2.21.371459 (36d3d07f660ff2bc1bf28a75d1cdabed0983e7c4),platform=Windows NT 6.1 SP1 x86_64) (WARNING: The server did not provide any stacktrace information)
Command duration or timeout: 13 milliseconds
Build info: version: '2.53.0', revision: '35ae25b1534ae328c771e0856c93e187490ca824', time: '2016-03-15 10:43:46'
System info: host: 'DSCHD-015', ip: '192.168.6.49', os.name: 'Windows 7', os.arch: 'amd64', os.version: '6.1', java.version: '1.8.0_71'
Driver info: org.openqa.selenium.chrome.ChromeDriver
Capabilities [{applicationCacheEnabled=false, rotatable=false, mobileEmulationEnabled=false, chrome={chromedriverVersion=2.21.371459 (36d3d07f660ff2bc1bf28a75d1cdabed0983e7c4), userDataDir=C:\Users\SUKHJI~1\AppData\Local\Temp\scoped_dir6064_31135}, takesHeapSnapshot=true, databaseEnabled=false, handlesAlerts=true, hasTouchScreen=false, version=52.0.2743.116, platform=XP, browserConnectionEnabled=false, nativeEvents=true, acceptSslCerts=true, locationContextEnabled=true, webStorageEnabled=true, browserName=chrome, takesScreenshot=true, javascriptEnabled=true, cssSelectorsEnabled=true}]
Session ID: 5f23c260cdf7e28a2a337aad4c471576
2016-09-07 12:01:38 ERROR - -----------------------------------------------------------------------
2016-09-07 13:13:16 ERROR - Test has following errors --> Skipping this exception
org.testng.SkipException: Skipping this exception
	at FrameworkUnitTests.ExcelTest1.test1(ExcelTest1.java:29)
	at sun.reflect.NativeMethodAccessorImpl.invoke0(Native Method)
	at sun.reflect.NativeMethodAccessorImpl.invoke(NativeMethodAccessorImpl.java:62)
	at sun.reflect.DelegatingMethodAccessorImpl.invoke(DelegatingMethodAccessorImpl.java:43)
	at java.lang.reflect.Method.invoke(Method.java:497)
	at org.testng.internal.MethodInvocationHelper.invokeMethod(MethodInvocationHelper.java:86)
	at org.testng.internal.Invoker.invokeMethod(Invoker.java:643)
	at org.testng.internal.Invoker.invokeTestMethod(Invoker.java:820)
	at org.testng.internal.Invoker.invokeTestMethods(Invoker.java:1128)
	at org.testng.internal.TestMethodWorker.invokeTestMethods(TestMethodWorker.java:129)
	at org.testng.internal.TestMethodWorker.run(TestMethodWorker.java:112)
	at org.testng.TestRunner.privateRun(TestRunner.java:782)
	at org.testng.TestRunner.run(TestRunner.java:632)
	at org.testng.SuiteRunner.runTest(SuiteRunner.java:366)
	at org.testng.SuiteRunner.runSequentially(SuiteRunner.java:361)
	at org.testng.SuiteRunner.privateRun(SuiteRunner.java:319)
	at org.testng.SuiteRunner.run(SuiteRunner.java:268)
	at org.testng.SuiteRunnerWorker.runSuite(SuiteRunnerWorker.java:52)
	at org.testng.SuiteRunnerWorker.run(SuiteRunnerWorker.java:86)
	at org.testng.TestNG.runSuitesSequentially(TestNG.java:1244)
	at org.testng.TestNG.runSuitesLocally(TestNG.java:1169)
	at org.testng.TestNG.run(TestNG.java:1064)
	at org.testng.remote.AbstractRemoteTestNG.run(AbstractRemoteTestNG.java:126)
	at org.testng.remote.RemoteTestNG.initAndRun(RemoteTestNG.java:152)
	at org.testng.remote.RemoteTestNG.main(RemoteTestNG.java:57)
2016-09-07 13:13:16 ERROR - -----------------------------------------------------------------------
2016-09-07 13:14:06 ERROR - Test has following errors --> Skipping this exception
org.testng.SkipException: Skipping this exception
	at FrameworkUnitTests.ExcelTest1.test1(ExcelTest1.java:29)
	at sun.reflect.NativeMethodAccessorImpl.invoke0(Native Method)
	at sun.reflect.NativeMethodAccessorImpl.invoke(NativeMethodAccessorImpl.java:62)
	at sun.reflect.DelegatingMethodAccessorImpl.invoke(DelegatingMethodAccessorImpl.java:43)
	at java.lang.reflect.Method.invoke(Method.java:497)
	at org.testng.internal.MethodInvocationHelper.invokeMethod(MethodInvocationHelper.java:86)
	at org.testng.internal.Invoker.invokeMethod(Invoker.java:643)
	at org.testng.internal.Invoker.invokeTestMethod(Invoker.java:820)
	at org.testng.internal.Invoker.invokeTestMethods(Invoker.java:1128)
	at org.testng.internal.TestMethodWorker.invokeTestMethods(TestMethodWorker.java:129)
	at org.testng.internal.TestMethodWorker.run(TestMethodWorker.java:112)
	at org.testng.TestRunner.privateRun(TestRunner.java:782)
	at org.testng.TestRunner.run(TestRunner.java:632)
	at org.testng.SuiteRunner.runTest(SuiteRunner.java:366)
	at org.testng.SuiteRunner.runSequentially(SuiteRunner.java:361)
	at org.testng.SuiteRunner.privateRun(SuiteRunner.java:319)
	at org.testng.SuiteRunner.run(SuiteRunner.java:268)
	at org.testng.SuiteRunnerWorker.runSuite(SuiteRunnerWorker.java:52)
	at org.testng.SuiteRunnerWorker.run(SuiteRunnerWorker.java:86)
	at org.testng.TestNG.runSuitesSequentially(TestNG.java:1244)
	at org.testng.TestNG.runSuitesLocally(TestNG.java:1169)
	at org.testng.TestNG.run(TestNG.java:1064)
	at org.testng.remote.AbstractRemoteTestNG.run(AbstractRemoteTestNG.java:126)
	at org.testng.remote.RemoteTestNG.initAndRun(RemoteTestNG.java:152)
	at org.testng.remote.RemoteTestNG.main(RemoteTestNG.java:57)
2016-09-07 13:14:06 ERROR - -----------------------------------------------------------------------
2016-09-07 13:48:53 ERROR - no such element: Unable to locate element: {"method":"xpath","selector":"div/div/h3"}
  (Session info: chrome=52.0.2743.116)
  (Driver info: chromedriver=2.21.371459 (36d3d07f660ff2bc1bf28a75d1cdabed0983e7c4),platform=Windows NT 6.1 SP1 x86_64) (WARNING: The server did not provide any stacktrace information)
Command duration or timeout: 5.06 seconds
For documentation on this error, please visit: http://seleniumhq.org/exceptions/no_such_element.html
Build info: version: '2.53.0', revision: '35ae25b1534ae328c771e0856c93e187490ca824', time: '2016-03-15 10:43:46'
System info: host: 'DSCHD-015', ip: '192.168.6.49', os.name: 'Windows 7', os.arch: 'amd64', os.version: '6.1', java.version: '1.8.0_71'
Driver info: org.openqa.selenium.chrome.ChromeDriver
Capabilities [{applicationCacheEnabled=false, rotatable=false, mobileEmulationEnabled=false, chrome={chromedriverVersion=2.21.371459 (36d3d07f660ff2bc1bf28a75d1cdabed0983e7c4), userDataDir=C:\Users\SUKHJI~1\AppData\Local\Temp\scoped_dir6720_11182}, takesHeapSnapshot=true, databaseEnabled=false, handlesAlerts=true, hasTouchScreen=false, version=52.0.2743.116, platform=XP, browserConnectionEnabled=false, nativeEvents=true, acceptSslCerts=true, locationContextEnabled=true, webStorageEnabled=true, browserName=chrome, takesScreenshot=true, javascriptEnabled=true, cssSelectorsEnabled=true}]
Session ID: ac9d5f812978674b0a1f3b49c7cca6fc
*** Element info: {Using=xpath, value=div/div/h3}
2016-09-07 13:48:53 ERROR - -----------------------------------------------------------------------
2016-09-07 18:07:15 ERROR - no such element: Unable to locate element: {"method":"xpath","selector":"div/div/h3"}
  (Session info: chrome=52.0.2743.116)
  (Driver info: chromedriver=2.21.371459 (36d3d07f660ff2bc1bf28a75d1cdabed0983e7c4),platform=Windows NT 6.1 SP1 x86_64) (WARNING: The server did not provide any stacktrace information)
Command duration or timeout: 5.08 seconds
For documentation on this error, please visit: http://seleniumhq.org/exceptions/no_such_element.html
Build info: version: '2.53.0', revision: '35ae25b1534ae328c771e0856c93e187490ca824', time: '2016-03-15 10:43:46'
System info: host: 'DSCHD-015', ip: '192.168.6.49', os.name: 'Windows 7', os.arch: 'amd64', os.version: '6.1', java.version: '1.8.0_101'
Driver info: org.openqa.selenium.chrome.ChromeDriver
Capabilities [{applicationCacheEnabled=false, rotatable=false, mobileEmulationEnabled=false, chrome={chromedriverVersion=2.21.371459 (36d3d07f660ff2bc1bf28a75d1cdabed0983e7c4), userDataDir=C:\Users\SUKHJI~1\AppData\Local\Temp\scoped_dir4660_12450}, takesHeapSnapshot=true, databaseEnabled=false, handlesAlerts=true, hasTouchScreen=false, version=52.0.2743.116, platform=XP, browserConnectionEnabled=false, nativeEvents=true, acceptSslCerts=true, locationContextEnabled=true, webStorageEnabled=true, browserName=chrome, takesScreenshot=true, javascriptEnabled=true, cssSelectorsEnabled=true}]
Session ID: 3bfeb7ec9e407aa13e9692dfda497432
*** Element info: {Using=xpath, value=div/div/h3}
2016-09-07 18:07:15 ERROR - -----------------------------------------------------------------------
2016-09-07 18:37:20 ERROR - chrome not reachable
  (Session info: chrome=52.0.2743.116)
  (Driver info: chromedriver=2.21.371459 (36d3d07f660ff2bc1bf28a75d1cdabed0983e7c4),platform=Windows NT 6.1 SP1 x86_64) (WARNING: The server did not provide any stacktrace information)
Command duration or timeout: 2.01 seconds
Build info: version: '2.53.0', revision: '35ae25b1534ae328c771e0856c93e187490ca824', time: '2016-03-15 10:43:46'
System info: host: 'DSCHD-015', ip: '192.168.6.49', os.name: 'Windows 7', os.arch: 'amd64', os.version: '6.1', java.version: '1.8.0_101'
Driver info: org.openqa.selenium.chrome.ChromeDriver
Capabilities [{applicationCacheEnabled=false, rotatable=false, mobileEmulationEnabled=false, chrome={chromedriverVersion=2.21.371459 (36d3d07f660ff2bc1bf28a75d1cdabed0983e7c4), userDataDir=C:\Users\SUKHJI~1\AppData\Local\Temp\scoped_dir1548_13212}, takesHeapSnapshot=true, databaseEnabled=false, handlesAlerts=true, hasTouchScreen=false, version=52.0.2743.116, platform=XP, browserConnectionEnabled=false, nativeEvents=true, acceptSslCerts=true, locationContextEnabled=true, webStorageEnabled=true, browserName=chrome, takesScreenshot=true, javascriptEnabled=true, cssSelectorsEnabled=true}]
Session ID: 1c57db66b1aef3661a02c8b1259e0c92
2016-09-07 18:37:20 ERROR - -----------------------------------------------------------------------
2016-09-07 18:47:06 ERROR - no such element: Unable to locate element: {"method":"partial link text","selector":"Showings"}
  (Session info: chrome=52.0.2743.116)
  (Driver info: chromedriver=2.21.371459 (36d3d07f660ff2bc1bf28a75d1cdabed0983e7c4),platform=Windows NT 6.1 SP1 x86_64) (WARNING: The server did not provide any stacktrace information)
Command duration or timeout: 60.08 seconds
For documentation on this error, please visit: http://seleniumhq.org/exceptions/no_such_element.html
Build info: version: '2.53.0', revision: '35ae25b1534ae328c771e0856c93e187490ca824', time: '2016-03-15 10:43:46'
System info: host: 'DSCHD-015', ip: '192.168.6.49', os.name: 'Windows 7', os.arch: 'amd64', os.version: '6.1', java.version: '1.8.0_101'
Driver info: org.openqa.selenium.chrome.ChromeDriver
Capabilities [{applicationCacheEnabled=false, rotatable=false, mobileEmulationEnabled=false, chrome={chromedriverVersion=2.21.371459 (36d3d07f660ff2bc1bf28a75d1cdabed0983e7c4), userDataDir=C:\Users\SUKHJI~1\AppData\Local\Temp\scoped_dir8012_26978}, takesHeapSnapshot=true, databaseEnabled=false, handlesAlerts=true, hasTouchScreen=false, version=52.0.2743.116, platform=XP, browserConnectionEnabled=false, nativeEvents=true, acceptSslCerts=true, locationContextEnabled=true, webStorageEnabled=true, browserName=chrome, takesScreenshot=true, javascriptEnabled=true, cssSelectorsEnabled=true}]
Session ID: 92f1b8512a1889993ace751a163bb8f3
*** Element info: {Using=partial link text, value=Showings}
2016-09-07 18:47:06 ERROR - -----------------------------------------------------------------------
2016-09-19 13:28:47 ERROR - no such element: Unable to locate element: {"method":"partial link text","selector":"Showings"}
  (Session info: chrome=53.0.2785.116)
  (Driver info: chromedriver=2.21.371459 (36d3d07f660ff2bc1bf28a75d1cdabed0983e7c4),platform=Windows NT 6.1 SP1 x86_64) (WARNING: The server did not provide any stacktrace information)
Command duration or timeout: 60.02 seconds
For documentation on this error, please visit: http://seleniumhq.org/exceptions/no_such_element.html
Build info: version: '2.53.0', revision: '35ae25b1534ae328c771e0856c93e187490ca824', time: '2016-03-15 10:43:46'
System info: host: 'DSCHD-015', ip: '192.168.6.49', os.name: 'Windows 7', os.arch: 'amd64', os.version: '6.1', java.version: '1.8.0_101'
Driver info: org.openqa.selenium.chrome.ChromeDriver
Capabilities [{applicationCacheEnabled=false, rotatable=false, mobileEmulationEnabled=false, chrome={chromedriverVersion=2.21.371459 (36d3d07f660ff2bc1bf28a75d1cdabed0983e7c4), userDataDir=C:\Users\SUKHJI~1\AppData\Local\Temp\scoped_dir8724_21859}, takesHeapSnapshot=true, databaseEnabled=false, handlesAlerts=true, hasTouchScreen=false, version=53.0.2785.116, platform=XP, browserConnectionEnabled=false, nativeEvents=true, acceptSslCerts=true, locationContextEnabled=true, webStorageEnabled=true, browserName=chrome, takesScreenshot=true, javascriptEnabled=true, cssSelectorsEnabled=true}]
Session ID: d40fbc25024389d2651c265d9a9b3c77
*** Element info: {Using=partial link text, value=Showings}
2016-09-19 13:28:47 ERROR - -----------------------------------------------------------------------
2016-09-20 13:06:43 ERROR - no such element: Unable to locate element: {"method":"partial link text","selector":"Showings"}
  (Session info: chrome=53.0.2785.116)
  (Driver info: chromedriver=2.21.371459 (36d3d07f660ff2bc1bf28a75d1cdabed0983e7c4),platform=Windows NT 6.1 SP1 x86_64) (WARNING: The server did not provide any stacktrace information)
Command duration or timeout: 60.08 seconds
For documentation on this error, please visit: http://seleniumhq.org/exceptions/no_such_element.html
Build info: version: '2.53.0', revision: '35ae25b1534ae328c771e0856c93e187490ca824', time: '2016-03-15 10:43:46'
System info: host: 'DSCHD-015', ip: '192.168.6.49', os.name: 'Windows 7', os.arch: 'amd64', os.version: '6.1', java.version: '1.8.0_101'
Driver info: org.openqa.selenium.chrome.ChromeDriver
Capabilities [{applicationCacheEnabled=false, rotatable=false, mobileEmulationEnabled=false, chrome={chromedriverVersion=2.21.371459 (36d3d07f660ff2bc1bf28a75d1cdabed0983e7c4), userDataDir=C:\Users\SUKHJI~1\AppData\Local\Temp\scoped_dir3808_22215}, takesHeapSnapshot=true, databaseEnabled=false, handlesAlerts=true, hasTouchScreen=false, version=53.0.2785.116, platform=XP, browserConnectionEnabled=false, nativeEvents=true, acceptSslCerts=true, locationContextEnabled=true, webStorageEnabled=true, browserName=chrome, takesScreenshot=true, javascriptEnabled=true, cssSelectorsEnabled=true}]
Session ID: 2285f8dc3cdd159ff28e307e34a325aa
*** Element info: {Using=partial link text, value=Showings}
2016-09-20 13:06:43 ERROR - -----------------------------------------------------------------------
2016-09-20 14:32:45 ERROR - no such element: Unable to locate element: {"method":"xpath","selector":"div/div/h3"}
  (Session info: chrome=53.0.2785.116)
  (Driver info: chromedriver=2.21.371459 (36d3d07f660ff2bc1bf28a75d1cdabed0983e7c4),platform=Windows NT 6.1 SP1 x86_64) (WARNING: The server did not provide any stacktrace information)
Command duration or timeout: 5.02 seconds
For documentation on this error, please visit: http://seleniumhq.org/exceptions/no_such_element.html
Build info: version: '2.53.0', revision: '35ae25b1534ae328c771e0856c93e187490ca824', time: '2016-03-15 10:43:46'
System info: host: 'DSCHD-015', ip: '192.168.6.49', os.name: 'Windows 7', os.arch: 'amd64', os.version: '6.1', java.version: '1.8.0_101'
Driver info: org.openqa.selenium.chrome.ChromeDriver
Capabilities [{applicationCacheEnabled=false, rotatable=false, mobileEmulationEnabled=false, chrome={chromedriverVersion=2.21.371459 (36d3d07f660ff2bc1bf28a75d1cdabed0983e7c4), userDataDir=C:\Users\SUKHJI~1\AppData\Local\Temp\scoped_dir8628_5815}, takesHeapSnapshot=true, databaseEnabled=false, handlesAlerts=true, hasTouchScreen=false, version=53.0.2785.116, platform=XP, browserConnectionEnabled=false, nativeEvents=true, acceptSslCerts=true, locationContextEnabled=true, webStorageEnabled=true, browserName=chrome, takesScreenshot=true, javascriptEnabled=true, cssSelectorsEnabled=true}]
Session ID: 1408bffaedac2ea787cb9cee9962725b
*** Element info: {Using=xpath, value=div/div/h3}
2016-09-20 14:32:45 ERROR - -----------------------------------------------------------------------
2016-09-20 14:36:36 ERROR - no such element: Unable to locate element: {"method":"xpath","selector":"div/div/h3"}
  (Session info: chrome=53.0.2785.116)
  (Driver info: chromedriver=2.21.371459 (36d3d07f660ff2bc1bf28a75d1cdabed0983e7c4),platform=Windows NT 6.1 SP1 x86_64) (WARNING: The server did not provide any stacktrace information)
Command duration or timeout: 5.06 seconds
For documentation on this error, please visit: http://seleniumhq.org/exceptions/no_such_element.html
Build info: version: '2.53.0', revision: '35ae25b1534ae328c771e0856c93e187490ca824', time: '2016-03-15 10:43:46'
System info: host: 'DSCHD-015', ip: '192.168.6.49', os.name: 'Windows 7', os.arch: 'amd64', os.version: '6.1', java.version: '1.8.0_101'
Driver info: org.openqa.selenium.chrome.ChromeDriver
Capabilities [{applicationCacheEnabled=false, rotatable=false, mobileEmulationEnabled=false, chrome={chromedriverVersion=2.21.371459 (36d3d07f660ff2bc1bf28a75d1cdabed0983e7c4), userDataDir=C:\Users\SUKHJI~1\AppData\Local\Temp\scoped_dir6100_6421}, takesHeapSnapshot=true, databaseEnabled=false, handlesAlerts=true, hasTouchScreen=false, version=53.0.2785.116, platform=XP, browserConnectionEnabled=false, nativeEvents=true, acceptSslCerts=true, locationContextEnabled=true, webStorageEnabled=true, browserName=chrome, takesScreenshot=true, javascriptEnabled=true, cssSelectorsEnabled=true}]
Session ID: 4a54c62f25e11f39518f93595daca2d5
*** Element info: {Using=xpath, value=div/div/h3}
2016-09-20 14:36:36 ERROR - -----------------------------------------------------------------------
2016-09-20 14:49:43 ERROR - no such element: Unable to locate element: {"method":"xpath","selector":"div/div/h3"}
  (Session info: chrome=53.0.2785.116)
  (Driver info: chromedriver=2.21.371459 (36d3d07f660ff2bc1bf28a75d1cdabed0983e7c4),platform=Windows NT 6.1 SP1 x86_64) (WARNING: The server did not provide any stacktrace information)
Command duration or timeout: 5.07 seconds
For documentation on this error, please visit: http://seleniumhq.org/exceptions/no_such_element.html
Build info: version: '2.53.0', revision: '35ae25b1534ae328c771e0856c93e187490ca824', time: '2016-03-15 10:43:46'
System info: host: 'DSCHD-015', ip: '192.168.6.49', os.name: 'Windows 7', os.arch: 'amd64', os.version: '6.1', java.version: '1.8.0_101'
Driver info: org.openqa.selenium.chrome.ChromeDriver
Capabilities [{applicationCacheEnabled=false, rotatable=false, mobileEmulationEnabled=false, chrome={chromedriverVersion=2.21.371459 (36d3d07f660ff2bc1bf28a75d1cdabed0983e7c4), userDataDir=C:\Users\SUKHJI~1\AppData\Local\Temp\scoped_dir7096_7264}, takesHeapSnapshot=true, databaseEnabled=false, handlesAlerts=true, hasTouchScreen=false, version=53.0.2785.116, platform=XP, browserConnectionEnabled=false, nativeEvents=true, acceptSslCerts=true, locationContextEnabled=true, webStorageEnabled=true, browserName=chrome, takesScreenshot=true, javascriptEnabled=true, cssSelectorsEnabled=true}]
Session ID: 589146d6e1652cac712e93250af64dc6
*** Element info: {Using=xpath, value=div/div/h3}
2016-09-20 14:49:43 ERROR - -----------------------------------------------------------------------
2016-09-20 16:38:27 ERROR - no such element: Unable to locate element: {"method":"partial link text","selector":"Showings"}
  (Session info: chrome=53.0.2785.116)
  (Driver info: chromedriver=2.21.371459 (36d3d07f660ff2bc1bf28a75d1cdabed0983e7c4),platform=Windows NT 6.1 SP1 x86_64) (WARNING: The server did not provide any stacktrace information)
Command duration or timeout: 60.06 seconds
For documentation on this error, please visit: http://seleniumhq.org/exceptions/no_such_element.html
Build info: version: '2.53.0', revision: '35ae25b1534ae328c771e0856c93e187490ca824', time: '2016-03-15 10:43:46'
System info: host: 'DSCHD-015', ip: '192.168.6.49', os.name: 'Windows 7', os.arch: 'amd64', os.version: '6.1', java.version: '1.8.0_101'
Driver info: org.openqa.selenium.chrome.ChromeDriver
Capabilities [{applicationCacheEnabled=false, rotatable=false, mobileEmulationEnabled=false, chrome={chromedriverVersion=2.21.371459 (36d3d07f660ff2bc1bf28a75d1cdabed0983e7c4), userDataDir=C:\Users\SUKHJI~1\AppData\Local\Temp\scoped_dir9476_13491}, takesHeapSnapshot=true, databaseEnabled=false, handlesAlerts=true, hasTouchScreen=false, version=53.0.2785.116, platform=XP, browserConnectionEnabled=false, nativeEvents=true, acceptSslCerts=true, locationContextEnabled=true, webStorageEnabled=true, browserName=chrome, takesScreenshot=true, javascriptEnabled=true, cssSelectorsEnabled=true}]
Session ID: c548049aec57b9ac1bd7347b09c75cce
*** Element info: {Using=partial link text, value=Showings}
2016-09-20 16:38:27 ERROR - -----------------------------------------------------------------------
2016-09-20 16:39:30 ERROR - no such element: Unable to locate element: {"method":"partial link text","selector":"Showings"}
  (Session info: chrome=53.0.2785.116)
  (Driver info: chromedriver=2.21.371459 (36d3d07f660ff2bc1bf28a75d1cdabed0983e7c4),platform=Windows NT 6.1 SP1 x86_64) (WARNING: The server did not provide any stacktrace information)
Command duration or timeout: 60.06 seconds
For documentation on this error, please visit: http://seleniumhq.org/exceptions/no_such_element.html
Build info: version: '2.53.0', revision: '35ae25b1534ae328c771e0856c93e187490ca824', time: '2016-03-15 10:43:46'
System info: host: 'DSCHD-015', ip: '192.168.6.49', os.name: 'Windows 7', os.arch: 'amd64', os.version: '6.1', java.version: '1.8.0_101'
Driver info: org.openqa.selenium.chrome.ChromeDriver
Capabilities [{applicationCacheEnabled=false, rotatable=false, mobileEmulationEnabled=false, chrome={chromedriverVersion=2.21.371459 (36d3d07f660ff2bc1bf28a75d1cdabed0983e7c4), userDataDir=C:\Users\SUKHJI~1\AppData\Local\Temp\scoped_dir9476_13491}, takesHeapSnapshot=true, databaseEnabled=false, handlesAlerts=true, hasTouchScreen=false, version=53.0.2785.116, platform=XP, browserConnectionEnabled=false, nativeEvents=true, acceptSslCerts=true, locationContextEnabled=true, webStorageEnabled=true, browserName=chrome, takesScreenshot=true, javascriptEnabled=true, cssSelectorsEnabled=true}]
Session ID: c548049aec57b9ac1bd7347b09c75cce
*** Element info: {Using=partial link text, value=Showings}
2016-09-20 16:39:30 ERROR - -----------------------------------------------------------------------
2016-09-20 16:53:16 ERROR - Test step has failed...
2016-09-20 16:53:16 ERROR - -----------------------------------------------------------------------
2016-09-20 17:23:21 ERROR - Test step has failed...
2016-09-20 17:23:21 ERROR - -----------------------------------------------------------------------
2016-09-20 18:28:54 ERROR - Test step has failed...
2016-09-20 18:28:54 ERROR - -----------------------------------------------------------------------
2016-09-20 18:33:29 ERROR - Test step has failed...
2016-09-20 18:33:29 ERROR - -----------------------------------------------------------------------
2016-09-20 19:29:45 ERROR - Test step has failed...
2016-09-20 19:29:45 ERROR - -----------------------------------------------------------------------
2016-09-21 13:41:37 ERROR - no such element: Unable to locate element: {"method":"partial link text","selector":"Showings"}
  (Session info: chrome=53.0.2785.116)
  (Driver info: chromedriver=2.21.371459 (36d3d07f660ff2bc1bf28a75d1cdabed0983e7c4),platform=Windows NT 6.1 SP1 x86_64) (WARNING: The server did not provide any stacktrace information)
Command duration or timeout: 60.06 seconds
For documentation on this error, please visit: http://seleniumhq.org/exceptions/no_such_element.html
Build info: version: '2.53.0', revision: '35ae25b1534ae328c771e0856c93e187490ca824', time: '2016-03-15 10:43:46'
System info: host: 'DSCHD-015', ip: '192.168.6.49', os.name: 'Windows 7', os.arch: 'amd64', os.version: '6.1', java.version: '1.8.0_71'
Driver info: org.openqa.selenium.chrome.ChromeDriver
Capabilities [{applicationCacheEnabled=false, rotatable=false, mobileEmulationEnabled=false, chrome={chromedriverVersion=2.21.371459 (36d3d07f660ff2bc1bf28a75d1cdabed0983e7c4), userDataDir=C:\Users\SUKHJI~1\AppData\Local\Temp\scoped_dir2176_19317}, takesHeapSnapshot=true, databaseEnabled=false, handlesAlerts=true, hasTouchScreen=false, version=53.0.2785.116, platform=XP, browserConnectionEnabled=false, nativeEvents=true, acceptSslCerts=true, locationContextEnabled=true, webStorageEnabled=true, browserName=chrome, takesScreenshot=true, javascriptEnabled=true, cssSelectorsEnabled=true}]
Session ID: f3623c50c0e66ae7e404c70fed08e4d5
*** Element info: {Using=partial link text, value=Showings}
2016-09-21 13:41:37 ERROR - -----------------------------------------------------------------------
2016-09-23 15:25:15 ERROR - no such element: Unable to locate element: {"method":"partial link text","selector":"Showings"}
  (Session info: chrome=53.0.2785.116)
  (Driver info: chromedriver=2.21.371459 (36d3d07f660ff2bc1bf28a75d1cdabed0983e7c4),platform=Windows NT 6.1 SP1 x86_64) (WARNING: The server did not provide any stacktrace information)
Command duration or timeout: 60.02 seconds
For documentation on this error, please visit: http://seleniumhq.org/exceptions/no_such_element.html
Build info: version: '2.53.0', revision: '35ae25b1534ae328c771e0856c93e187490ca824', time: '2016-03-15 10:43:46'
System info: host: 'DSCHD-015', ip: '192.168.6.49', os.name: 'Windows 7', os.arch: 'amd64', os.version: '6.1', java.version: '1.8.0_71'
Driver info: org.openqa.selenium.chrome.ChromeDriver
Capabilities [{applicationCacheEnabled=false, rotatable=false, mobileEmulationEnabled=false, chrome={chromedriverVersion=2.21.371459 (36d3d07f660ff2bc1bf28a75d1cdabed0983e7c4), userDataDir=C:\Users\SUKHJI~1\AppData\Local\Temp\scoped_dir6916_18880}, takesHeapSnapshot=true, databaseEnabled=false, handlesAlerts=true, hasTouchScreen=false, version=53.0.2785.116, platform=XP, browserConnectionEnabled=false, nativeEvents=true, acceptSslCerts=true, locationContextEnabled=true, webStorageEnabled=true, browserName=chrome, takesScreenshot=true, javascriptEnabled=true, cssSelectorsEnabled=true}]
Session ID: fe121cacf0330ec9a91dd9c846a3bd82
*** Element info: {Using=partial link text, value=Showings}
2016-09-23 15:25:15 ERROR - -----------------------------------------------------------------------
2016-09-23 15:52:52 ERROR - Test step has failed...
2016-09-23 15:52:52 ERROR - -----------------------------------------------------------------------
2016-11-01 18:15:12 ERROR - 
2016-11-01 18:15:12 ERROR - -----------------------------------------------------------------------
2016-11-01 19:21:11 ERROR - 
2016-11-01 19:21:11 ERROR - -----------------------------------------------------------------------
2016-11-01 19:21:12 ERROR - 
2016-11-01 19:21:12 ERROR - -----------------------------------------------------------------------
2016-11-01 19:21:12 ERROR - 
2016-11-01 19:21:12 ERROR - -----------------------------------------------------------------------
2016-11-01 19:26:18 ERROR - 
2016-11-01 19:26:18 ERROR - -----------------------------------------------------------------------
2016-11-02 11:37:28 ERROR - Unable to find element with partial link text == Showings (WARNING: The server did not provide any stacktrace information)
Command duration or timeout: 60.23 seconds
For documentation on this error, please visit: http://seleniumhq.org/exceptions/no_such_element.html
Build info: version: '2.53.0', revision: '35ae25b1534ae328c771e0856c93e187490ca824', time: '2016-03-15 10:43:46'
System info: host: 'DSCHD-015', ip: '192.168.6.49', os.name: 'Windows 7', os.arch: 'amd64', os.version: '6.1', java.version: '1.8.0_101'
Driver info: org.openqa.selenium.ie.InternetExplorerDriver
Capabilities [{browserAttachTimeout=0, ie.enableFullPageScreenshot=true, enablePersistentHover=true, ie.forceCreateProcessApi=false, ie.forceShellWindowsApi=false, pageLoadStrategy=normal, ignoreZoomSetting=false, ie.fileUploadDialogTimeout=3000, version=10, platform=WINDOWS, proxy={proxyType=}, nativeEvents=true, ie.ensureCleanSession=true, elementScrollBehavior=0, ie.browserCommandLineSwitches=, requireWindowFocus=false, browserName=internet explorer, initialBrowserUrl=http://localhost:16317/, javascriptEnabled=true, ignoreProtectedModeSettings=false, enableElementCacheCleanup=true, unexpectedAlertBehaviour=dismiss}]
Session ID: 1f5d6c93-691c-4516-8fbc-99a692553ffe
*** Element info: {Using=partial link text, value=Showings}
2016-11-02 11:37:28 ERROR - -----------------------------------------------------------------------
2016-11-02 14:07:31 ERROR - Unable to find element with partial link text == Showings (WARNING: The server did not provide any stacktrace information)
Command duration or timeout: 60.16 seconds
For documentation on this error, please visit: http://seleniumhq.org/exceptions/no_such_element.html
Build info: version: '2.53.0', revision: '35ae25b1534ae328c771e0856c93e187490ca824', time: '2016-03-15 10:43:46'
System info: host: 'DSCHD-015', ip: '192.168.6.49', os.name: 'Windows 7', os.arch: 'amd64', os.version: '6.1', java.version: '1.8.0_101'
Driver info: org.openqa.selenium.ie.InternetExplorerDriver
Capabilities [{browserAttachTimeout=0, ie.enableFullPageScreenshot=true, enablePersistentHover=true, ie.forceCreateProcessApi=false, ie.forceShellWindowsApi=false, pageLoadStrategy=normal, ignoreZoomSetting=false, ie.fileUploadDialogTimeout=3000, version=10, platform=WINDOWS, proxy={proxyType=}, nativeEvents=true, ie.ensureCleanSession=true, elementScrollBehavior=0, ie.browserCommandLineSwitches=, requireWindowFocus=false, browserName=internet explorer, initialBrowserUrl=http://localhost:30448/, javascriptEnabled=true, ignoreProtectedModeSettings=false, enableElementCacheCleanup=true, unexpectedAlertBehaviour=dismiss}]
Session ID: a2f8ba29-d226-4462-ba82-dc195960371e
*** Element info: {Using=partial link text, value=Showings}
2016-11-02 14:07:31 ERROR - -----------------------------------------------------------------------
2016-11-02 16:51:53 ERROR - Unable to find element with partial link text == Showings (WARNING: The server did not provide any stacktrace information)
Command duration or timeout: 60.13 seconds
For documentation on this error, please visit: http://seleniumhq.org/exceptions/no_such_element.html
Build info: version: '2.53.0', revision: '35ae25b1534ae328c771e0856c93e187490ca824', time: '2016-03-15 10:43:46'
System info: host: 'DSCHD-015', ip: '192.168.6.49', os.name: 'Windows 7', os.arch: 'amd64', os.version: '6.1', java.version: '1.8.0_101'
Driver info: org.openqa.selenium.ie.InternetExplorerDriver
Capabilities [{browserAttachTimeout=0, ie.enableFullPageScreenshot=true, enablePersistentHover=true, ie.forceCreateProcessApi=false, ie.forceShellWindowsApi=false, pageLoadStrategy=normal, ignoreZoomSetting=false, ie.fileUploadDialogTimeout=3000, version=10, platform=WINDOWS, proxy={proxyType=}, nativeEvents=true, ie.ensureCleanSession=true, elementScrollBehavior=0, ie.browserCommandLineSwitches=, requireWindowFocus=false, browserName=internet explorer, initialBrowserUrl=http://localhost:1526/, javascriptEnabled=true, ignoreProtectedModeSettings=false, enableElementCacheCleanup=true, unexpectedAlertBehaviour=dismiss}]
Session ID: 0dacb7e0-3cc8-4bee-85d5-218a70aaf7bd
*** Element info: {Using=partial link text, value=Showings}
2016-11-02 16:51:53 ERROR - -----------------------------------------------------------------------
2016-11-02 17:03:51 ERROR - Unable to find element with partial link text == Showings (WARNING: The server did not provide any stacktrace information)
Command duration or timeout: 60.09 seconds
For documentation on this error, please visit: http://seleniumhq.org/exceptions/no_such_element.html
Build info: version: '2.53.0', revision: '35ae25b1534ae328c771e0856c93e187490ca824', time: '2016-03-15 10:43:46'
System info: host: 'DSCHD-015', ip: '192.168.6.49', os.name: 'Windows 7', os.arch: 'amd64', os.version: '6.1', java.version: '1.8.0_101'
Driver info: org.openqa.selenium.ie.InternetExplorerDriver
Capabilities [{browserAttachTimeout=0, ie.enableFullPageScreenshot=true, enablePersistentHover=true, ie.forceCreateProcessApi=false, ie.forceShellWindowsApi=false, pageLoadStrategy=normal, ignoreZoomSetting=false, ie.fileUploadDialogTimeout=3000, version=10, platform=WINDOWS, proxy={proxyType=}, nativeEvents=true, ie.ensureCleanSession=true, elementScrollBehavior=0, ie.browserCommandLineSwitches=, requireWindowFocus=false, browserName=internet explorer, initialBrowserUrl=http://localhost:4175/, javascriptEnabled=true, ignoreProtectedModeSettings=false, enableElementCacheCleanup=true, unexpectedAlertBehaviour=dismiss}]
Session ID: 31d4dfeb-5590-4232-ab45-9bdfbbb89d46
*** Element info: {Using=partial link text, value=Showings}
2016-11-02 17:03:51 ERROR - -----------------------------------------------------------------------
2016-11-02 17:44:26 ERROR - The FirefoxDriver cannot be used after quit() was called.
Build info: version: '2.53.0', revision: '35ae25b1534ae328c771e0856c93e187490ca824', time: '2016-03-15 10:43:46'
System info: host: 'DSCHD-015', ip: '192.168.6.49', os.name: 'Windows 7', os.arch: 'amd64', os.version: '6.1', java.version: '1.8.0_101'
Driver info: driver.version: FirefoxDriver
2016-11-02 17:44:26 ERROR - -----------------------------------------------------------------------
2016-11-02 17:59:26 ERROR - The FirefoxDriver cannot be used after quit() was called.
Build info: version: '2.53.0', revision: '35ae25b1534ae328c771e0856c93e187490ca824', time: '2016-03-15 10:43:46'
System info: host: 'DSCHD-015', ip: '192.168.6.49', os.name: 'Windows 7', os.arch: 'amd64', os.version: '6.1', java.version: '1.8.0_101'
Driver info: driver.version: FirefoxDriver
2016-11-02 17:59:26 ERROR - -----------------------------------------------------------------------
2016-11-02 18:21:17 ERROR - no such element: Unable to locate element: {"method":"xpath","selector":"div/div/h3"}
  (Session info: chrome=54.0.2840.71)
  (Driver info: chromedriver=2.25.426923 (0390b88869384d6eb0d5d09729679f934aab9eed),platform=Windows NT 6.1.7601 SP1 x86_64) (WARNING: The server did not provide any stacktrace information)
Command duration or timeout: 5.08 seconds
For documentation on this error, please visit: http://seleniumhq.org/exceptions/no_such_element.html
Build info: version: '2.53.0', revision: '35ae25b1534ae328c771e0856c93e187490ca824', time: '2016-03-15 10:43:46'
System info: host: 'DSCHD-015', ip: '192.168.6.49', os.name: 'Windows 7', os.arch: 'amd64', os.version: '6.1', java.version: '1.8.0_101'
Driver info: org.openqa.selenium.chrome.ChromeDriver
Capabilities [{applicationCacheEnabled=false, rotatable=false, mobileEmulationEnabled=false, networkConnectionEnabled=false, chrome={chromedriverVersion=2.25.426923 (0390b88869384d6eb0d5d09729679f934aab9eed), userDataDir=C:\Users\SUKHJI~1\AppData\Local\Temp\scoped_dir5304_7363}, takesHeapSnapshot=true, pageLoadStrategy=normal, databaseEnabled=false, handlesAlerts=true, hasTouchScreen=false, version=54.0.2840.71, platform=XP, browserConnectionEnabled=false, nativeEvents=true, acceptSslCerts=true, locationContextEnabled=true, webStorageEnabled=true, browserName=chrome, takesScreenshot=true, javascriptEnabled=true, cssSelectorsEnabled=true}]
Session ID: c8690993281d5a848c860e9a248cc336
*** Element info: {Using=xpath, value=div/div/h3}
2016-11-02 18:21:17 ERROR - -----------------------------------------------------------------------
2016-11-02 18:32:04 ERROR - no such element: Unable to locate element: {"method":"xpath","selector":"div/div/h3"}
  (Session info: chrome=54.0.2840.71)
  (Driver info: chromedriver=2.25.426923 (0390b88869384d6eb0d5d09729679f934aab9eed),platform=Windows NT 6.1.7601 SP1 x86_64) (WARNING: The server did not provide any stacktrace information)
Command duration or timeout: 5.06 seconds
For documentation on this error, please visit: http://seleniumhq.org/exceptions/no_such_element.html
Build info: version: '2.53.0', revision: '35ae25b1534ae328c771e0856c93e187490ca824', time: '2016-03-15 10:43:46'
System info: host: 'DSCHD-015', ip: '192.168.6.49', os.name: 'Windows 7', os.arch: 'amd64', os.version: '6.1', java.version: '1.8.0_101'
Driver info: org.openqa.selenium.chrome.ChromeDriver
Capabilities [{applicationCacheEnabled=false, rotatable=false, mobileEmulationEnabled=false, networkConnectionEnabled=false, chrome={chromedriverVersion=2.25.426923 (0390b88869384d6eb0d5d09729679f934aab9eed), userDataDir=C:\Users\SUKHJI~1\AppData\Local\Temp\scoped_dir8868_24228}, takesHeapSnapshot=true, pageLoadStrategy=normal, databaseEnabled=false, handlesAlerts=true, hasTouchScreen=false, version=54.0.2840.71, platform=XP, browserConnectionEnabled=false, nativeEvents=true, acceptSslCerts=true, locationContextEnabled=true, webStorageEnabled=true, browserName=chrome, takesScreenshot=true, javascriptEnabled=true, cssSelectorsEnabled=true}]
Session ID: 55c82ca4dc2d457edecf3a3d05c86b7b
*** Element info: {Using=xpath, value=div/div/h3}
2016-11-02 18:32:04 ERROR - -----------------------------------------------------------------------
2016-11-02 18:42:19 ERROR - no such element: Unable to locate element: {"method":"xpath","selector":"div/div/h3"}
  (Session info: chrome=54.0.2840.71)
  (Driver info: chromedriver=2.25.426923 (0390b88869384d6eb0d5d09729679f934aab9eed),platform=Windows NT 6.1.7601 SP1 x86_64) (WARNING: The server did not provide any stacktrace information)
Command duration or timeout: 5.05 seconds
For documentation on this error, please visit: http://seleniumhq.org/exceptions/no_such_element.html
Build info: version: '2.53.0', revision: '35ae25b1534ae328c771e0856c93e187490ca824', time: '2016-03-15 10:43:46'
System info: host: 'DSCHD-015', ip: '192.168.6.49', os.name: 'Windows 7', os.arch: 'amd64', os.version: '6.1', java.version: '1.8.0_101'
Driver info: org.openqa.selenium.chrome.ChromeDriver
Capabilities [{applicationCacheEnabled=false, rotatable=false, mobileEmulationEnabled=false, networkConnectionEnabled=false, chrome={chromedriverVersion=2.25.426923 (0390b88869384d6eb0d5d09729679f934aab9eed), userDataDir=C:\Users\SUKHJI~1\AppData\Local\Temp\scoped_dir4220_14718}, takesHeapSnapshot=true, pageLoadStrategy=normal, databaseEnabled=false, handlesAlerts=true, hasTouchScreen=false, version=54.0.2840.71, platform=XP, browserConnectionEnabled=false, nativeEvents=true, acceptSslCerts=true, locationContextEnabled=true, webStorageEnabled=true, browserName=chrome, takesScreenshot=true, javascriptEnabled=true, cssSelectorsEnabled=true}]
Session ID: 2a11b1759e66ca4110396662572264e0
*** Element info: {Using=xpath, value=div/div/h3}
2016-11-02 18:42:19 ERROR - -----------------------------------------------------------------------
2016-11-02 19:47:26 ERROR - no such element: Unable to locate element: {"method":"xpath","selector":"div/div/h3"}
  (Session info: chrome=54.0.2840.71)
  (Driver info: chromedriver=2.25.426923 (0390b88869384d6eb0d5d09729679f934aab9eed),platform=Windows NT 6.1.7601 SP1 x86_64) (WARNING: The server did not provide any stacktrace information)
Command duration or timeout: 5.06 seconds
For documentation on this error, please visit: http://seleniumhq.org/exceptions/no_such_element.html
Build info: version: '2.53.0', revision: '35ae25b1534ae328c771e0856c93e187490ca824', time: '2016-03-15 10:43:46'
System info: host: 'DSCHD-015', ip: '192.168.6.49', os.name: 'Windows 7', os.arch: 'amd64', os.version: '6.1', java.version: '1.8.0_101'
Driver info: org.openqa.selenium.chrome.ChromeDriver
Capabilities [{applicationCacheEnabled=false, rotatable=false, mobileEmulationEnabled=false, networkConnectionEnabled=false, chrome={chromedriverVersion=2.25.426923 (0390b88869384d6eb0d5d09729679f934aab9eed), userDataDir=C:\Users\SUKHJI~1\AppData\Local\Temp\scoped_dir6652_6700}, takesHeapSnapshot=true, pageLoadStrategy=normal, databaseEnabled=false, handlesAlerts=true, hasTouchScreen=false, version=54.0.2840.71, platform=XP, browserConnectionEnabled=false, nativeEvents=true, acceptSslCerts=true, locationContextEnabled=true, webStorageEnabled=true, browserName=chrome, takesScreenshot=true, javascriptEnabled=true, cssSelectorsEnabled=true}]
Session ID: 867ca2ebff5cfb7ca89277d627637c5f
*** Element info: {Using=xpath, value=div/div/h3}
2016-11-02 19:47:26 ERROR - -----------------------------------------------------------------------
2016-11-02 19:55:20 ERROR - no such element: Unable to locate element: {"method":"xpath","selector":"div/div/h3"}
  (Session info: chrome=54.0.2840.71)
  (Driver info: chromedriver=2.25.426923 (0390b88869384d6eb0d5d09729679f934aab9eed),platform=Windows NT 6.1.7601 SP1 x86_64) (WARNING: The server did not provide any stacktrace information)
Command duration or timeout: 5.02 seconds
For documentation on this error, please visit: http://seleniumhq.org/exceptions/no_such_element.html
Build info: version: '2.53.0', revision: '35ae25b1534ae328c771e0856c93e187490ca824', time: '2016-03-15 10:43:46'
System info: host: 'DSCHD-015', ip: '192.168.6.49', os.name: 'Windows 7', os.arch: 'amd64', os.version: '6.1', java.version: '1.8.0_101'
Driver info: org.openqa.selenium.chrome.ChromeDriver
Capabilities [{applicationCacheEnabled=false, rotatable=false, mobileEmulationEnabled=false, networkConnectionEnabled=false, chrome={chromedriverVersion=2.25.426923 (0390b88869384d6eb0d5d09729679f934aab9eed), userDataDir=C:\Users\SUKHJI~1\AppData\Local\Temp\scoped_dir6324_17561}, takesHeapSnapshot=true, pageLoadStrategy=normal, databaseEnabled=false, handlesAlerts=true, hasTouchScreen=false, version=54.0.2840.71, platform=XP, browserConnectionEnabled=false, nativeEvents=true, acceptSslCerts=true, locationContextEnabled=true, webStorageEnabled=true, browserName=chrome, takesScreenshot=true, javascriptEnabled=true, cssSelectorsEnabled=true}]
Session ID: d77f6f44e7f0ca9c86d37cec5d5e118e
*** Element info: {Using=xpath, value=div/div/h3}
2016-11-02 19:55:20 ERROR - -----------------------------------------------------------------------
2016-11-03 18:47:13 ERROR - Timed out after 30 seconds waiting for element to be clickable: By.linkText: Showings
Build info: version: '2.53.0', revision: '35ae25b1534ae328c771e0856c93e187490ca824', time: '2016-03-15 10:43:46'
System info: host: 'DSCHD-015', ip: '192.168.6.49', os.name: 'Windows 7', os.arch: 'amd64', os.version: '6.1', java.version: '1.8.0_101'
Driver info: org.openqa.selenium.firefox.FirefoxDriver
Capabilities [{applicationCacheEnabled=true, rotatable=false, handlesAlerts=true, databaseEnabled=true, version=45.0.1, platform=WINDOWS, nativeEvents=false, acceptSslCerts=true, webStorageEnabled=true, locationContextEnabled=true, browserName=firefox, takesScreenshot=true, javascriptEnabled=true, cssSelectorsEnabled=true}]
Session ID: 5b4f31b4-3e3b-4bbb-ae71-e2f0302d6c3d
2016-11-03 18:47:13 ERROR - -----------------------------------------------------------------------
2016-11-03 19:35:08 ERROR - 
2016-11-03 19:35:08 ERROR - -----------------------------------------------------------------------
2016-11-03 19:39:14 ERROR - 
2016-11-03 19:39:14 ERROR - -----------------------------------------------------------------------
2016-11-03 19:47:13 ERROR - 
2016-11-03 19:47:13 ERROR - -----------------------------------------------------------------------
2016-11-03 19:52:09 ERROR - 
2016-11-03 19:52:09 ERROR - -----------------------------------------------------------------------
2016-11-03 19:53:25 ERROR - 
2016-11-03 19:53:25 ERROR - -----------------------------------------------------------------------
2016-11-03 20:00:03 ERROR - 
2016-11-03 20:00:03 ERROR - -----------------------------------------------------------------------
2016-11-04 13:39:23 ERROR - 
2016-11-04 13:39:23 ERROR - -----------------------------------------------------------------------
2016-11-04 13:40:27 ERROR - The FirefoxDriver cannot be used after quit() was called.
Build info: version: '2.53.0', revision: '35ae25b1534ae328c771e0856c93e187490ca824', time: '2016-03-15 10:43:46'
System info: host: 'DSCHD-015', ip: '192.168.6.49', os.name: 'Windows 7', os.arch: 'amd64', os.version: '6.1', java.version: '1.8.0_101'
Driver info: driver.version: RemoteWebDriver
2016-11-04 13:40:27 ERROR - -----------------------------------------------------------------------
2016-11-04 13:52:24 ERROR - 
2016-11-04 13:52:24 ERROR - -----------------------------------------------------------------------
2016-11-04 13:53:56 ERROR - Test step has failed-->Check Heading of Showing page
2016-11-04 13:53:56 ERROR - -----------------------------------------------------------------------
2016-11-04 14:02:50 ERROR - Test step has failed-->Check Heading of Showing page
2016-11-04 14:02:50 ERROR - -----------------------------------------------------------------------
2016-11-04 14:06:38 ERROR - Test step has failed-->Check Heading of Showing page
2016-11-04 14:06:38 ERROR - -----------------------------------------------------------------------
2016-11-04 14:10:48 ERROR - Test step has failed-->Check Heading of Showing page
2016-11-04 14:10:48 ERROR - -----------------------------------------------------------------------
2016-11-04 15:42:57 ERROR - Test step has failed-->Check Heading of Showing page
2016-11-04 15:42:57 ERROR - -----------------------------------------------------------------------
2016-11-04 16:09:09 ERROR - Test step has failed-->Verify delete Completed
2016-11-04 16:09:09 ERROR - -----------------------------------------------------------------------
2016-11-08 11:42:01 ERROR - Timed out after 30 seconds waiting for element to be clickable: By.linkText: Showings
Build info: version: '2.53.0', revision: '35ae25b1534ae328c771e0856c93e187490ca824', time: '2016-03-15 10:43:46'
System info: host: 'DSCHD-015', ip: '192.168.6.49', os.name: 'Windows 7', os.arch: 'amd64', os.version: '6.1', java.version: '1.8.0_101'
Driver info: org.openqa.selenium.chrome.ChromeDriver
Capabilities [{applicationCacheEnabled=false, rotatable=false, mobileEmulationEnabled=false, networkConnectionEnabled=false, chrome={chromedriverVersion=2.25.426923 (0390b88869384d6eb0d5d09729679f934aab9eed), userDataDir=C:\Users\SUKHJI~1\AppData\Local\Temp\scoped_dir6148_9770}, takesHeapSnapshot=true, pageLoadStrategy=normal, databaseEnabled=false, handlesAlerts=true, hasTouchScreen=false, version=54.0.2840.71, platform=XP, browserConnectionEnabled=false, nativeEvents=true, acceptSslCerts=true, locationContextEnabled=true, webStorageEnabled=true, browserName=chrome, takesScreenshot=true, javascriptEnabled=true, cssSelectorsEnabled=true}]
Session ID: d648ff9227dd36a7cc68e51583e25cdb
2016-11-08 11:42:01 ERROR - -----------------------------------------------------------------------
2016-11-08 11:43:11 ERROR - The FirefoxDriver cannot be used after quit() was called.
Build info: version: '2.53.0', revision: '35ae25b1534ae328c771e0856c93e187490ca824', time: '2016-03-15 10:43:46'
System info: host: 'DSCHD-015', ip: '192.168.6.49', os.name: 'Windows 7', os.arch: 'amd64', os.version: '6.1', java.version: '1.8.0_101'
Driver info: driver.version: RemoteWebDriver
2016-11-08 11:43:11 ERROR - -----------------------------------------------------------------------
2016-11-08 16:14:50 ERROR - chrome not reachable
  (Session info: chrome=54.0.2840.71)
  (Driver info: chromedriver=2.25.426923 (0390b88869384d6eb0d5d09729679f934aab9eed),platform=Windows NT 6.1.7601 SP1 x86_64) (WARNING: The server did not provide any stacktrace information)
Command duration or timeout: 4.01 seconds
Build info: version: '2.53.0', revision: '35ae25b1534ae328c771e0856c93e187490ca824', time: '2016-03-15 10:43:46'
System info: host: 'DSCHD-015', ip: '192.168.6.49', os.name: 'Windows 7', os.arch: 'amd64', os.version: '6.1', java.version: '1.8.0_71'
Driver info: org.openqa.selenium.chrome.ChromeDriver
Capabilities [{applicationCacheEnabled=false, rotatable=false, mobileEmulationEnabled=false, networkConnectionEnabled=false, chrome={chromedriverVersion=2.25.426923 (0390b88869384d6eb0d5d09729679f934aab9eed), userDataDir=C:\Users\SUKHJI~1\AppData\Local\Temp\scoped_dir9856_27964}, takesHeapSnapshot=true, pageLoadStrategy=normal, databaseEnabled=false, handlesAlerts=true, hasTouchScreen=false, version=54.0.2840.71, platform=XP, browserConnectionEnabled=false, nativeEvents=true, acceptSslCerts=true, locationContextEnabled=true, webStorageEnabled=true, browserName=chrome, takesScreenshot=true, javascriptEnabled=true, cssSelectorsEnabled=true}]
Session ID: a58d0bf296539758dc8cdc62707cbb28
2016-11-08 16:14:50 ERROR - -----------------------------------------------------------------------
2016-11-08 17:34:44 ERROR - Timed out after 30 seconds waiting for element to be clickable: By.linkText: Showings
Build info: version: '2.53.0', revision: '35ae25b1534ae328c771e0856c93e187490ca824', time: '2016-03-15 10:43:46'
System info: host: 'DSCHD-015', ip: '192.168.6.49', os.name: 'Windows 7', os.arch: 'amd64', os.version: '6.1', java.version: '1.8.0_71'
Driver info: org.openqa.selenium.chrome.ChromeDriver
Capabilities [{applicationCacheEnabled=false, rotatable=false, mobileEmulationEnabled=false, networkConnectionEnabled=false, chrome={chromedriverVersion=2.25.426923 (0390b88869384d6eb0d5d09729679f934aab9eed), userDataDir=C:\Users\SUKHJI~1\AppData\Local\Temp\scoped_dir4272_28795}, takesHeapSnapshot=true, pageLoadStrategy=normal, databaseEnabled=false, handlesAlerts=true, hasTouchScreen=false, version=54.0.2840.71, platform=XP, browserConnectionEnabled=false, nativeEvents=true, acceptSslCerts=true, locationContextEnabled=true, webStorageEnabled=true, browserName=chrome, takesScreenshot=true, javascriptEnabled=true, cssSelectorsEnabled=true}]
Session ID: 36d11ba9044b03edd4ca6dc9fccbfe6b
2016-11-08 17:34:44 ERROR - -----------------------------------------------------------------------
2016-11-08 17:41:14 ERROR - Timed out after 30 seconds waiting for element to be clickable: By.linkText: Showings
Build info: version: '2.53.0', revision: '35ae25b1534ae328c771e0856c93e187490ca824', time: '2016-03-15 10:43:46'
System info: host: 'DSCHD-015', ip: '192.168.6.49', os.name: 'Windows 7', os.arch: 'amd64', os.version: '6.1', java.version: '1.8.0_71'
Driver info: org.openqa.selenium.chrome.ChromeDriver
Capabilities [{applicationCacheEnabled=false, rotatable=false, mobileEmulationEnabled=false, networkConnectionEnabled=false, chrome={chromedriverVersion=2.25.426923 (0390b88869384d6eb0d5d09729679f934aab9eed), userDataDir=C:\Users\SUKHJI~1\AppData\Local\Temp\scoped_dir7748_16341}, takesHeapSnapshot=true, pageLoadStrategy=normal, databaseEnabled=false, handlesAlerts=true, hasTouchScreen=false, version=54.0.2840.71, platform=XP, browserConnectionEnabled=false, nativeEvents=true, acceptSslCerts=true, locationContextEnabled=true, webStorageEnabled=true, browserName=chrome, takesScreenshot=true, javascriptEnabled=true, cssSelectorsEnabled=true}]
Session ID: a123c896fd56fdefe7814b20ecf21373
2016-11-08 17:41:14 ERROR - -----------------------------------------------------------------------
2016-11-10 17:13:47 ERROR - chrome not reachable
  (Session info: chrome=54.0.2840.71)
  (Driver info: chromedriver=2.25.426923 (0390b88869384d6eb0d5d09729679f934aab9eed),platform=Windows NT 6.1.7601 SP1 x86_64) (WARNING: The server did not provide any stacktrace information)
Command duration or timeout: 4.01 seconds
Build info: version: '2.53.0', revision: '35ae25b1534ae328c771e0856c93e187490ca824', time: '2016-03-15 10:43:46'
System info: host: 'DSCHD-015', ip: '192.168.6.49', os.name: 'Windows 7', os.arch: 'amd64', os.version: '6.1', java.version: '1.8.0_101'
Driver info: org.openqa.selenium.chrome.ChromeDriver
Capabilities [{applicationCacheEnabled=false, rotatable=false, mobileEmulationEnabled=false, networkConnectionEnabled=false, chrome={chromedriverVersion=2.25.426923 (0390b88869384d6eb0d5d09729679f934aab9eed), userDataDir=C:\Users\SUKHJI~1\AppData\Local\Temp\scoped_dir9936_17689}, takesHeapSnapshot=true, pageLoadStrategy=normal, databaseEnabled=false, handlesAlerts=true, hasTouchScreen=false, version=54.0.2840.71, platform=XP, browserConnectionEnabled=false, nativeEvents=true, acceptSslCerts=true, locationContextEnabled=true, webStorageEnabled=true, browserName=chrome, takesScreenshot=true, javascriptEnabled=true, cssSelectorsEnabled=true}]
Session ID: 9b4dfcfef866a45aeffac4ca41129ce8
2016-11-10 17:13:47 ERROR - -----------------------------------------------------------------------
2016-11-10 17:16:15 ERROR - 
2016-11-10 17:16:15 ERROR - -----------------------------------------------------------------------
2016-11-10 17:16:54 ERROR - 
2016-11-10 17:16:54 ERROR - -----------------------------------------------------------------------
2016-11-10 17:20:08 ERROR - chrome not reachable
  (Session info: chrome=54.0.2840.71)
  (Driver info: chromedriver=2.25.426923 (0390b88869384d6eb0d5d09729679f934aab9eed),platform=Windows NT 6.1.7601 SP1 x86_64) (WARNING: The server did not provide any stacktrace information)
Command duration or timeout: 4.00 seconds
Build info: version: '2.53.0', revision: '35ae25b1534ae328c771e0856c93e187490ca824', time: '2016-03-15 10:43:46'
System info: host: 'DSCHD-015', ip: '192.168.6.49', os.name: 'Windows 7', os.arch: 'amd64', os.version: '6.1', java.version: '1.8.0_71'
Driver info: org.openqa.selenium.chrome.ChromeDriver
Capabilities [{applicationCacheEnabled=false, rotatable=false, mobileEmulationEnabled=false, networkConnectionEnabled=false, chrome={chromedriverVersion=2.25.426923 (0390b88869384d6eb0d5d09729679f934aab9eed), userDataDir=C:\Users\SUKHJI~1\AppData\Local\Temp\scoped_dir10404_24721}, takesHeapSnapshot=true, pageLoadStrategy=normal, databaseEnabled=false, handlesAlerts=true, hasTouchScreen=false, version=54.0.2840.71, platform=XP, browserConnectionEnabled=false, nativeEvents=true, acceptSslCerts=true, locationContextEnabled=true, webStorageEnabled=true, browserName=chrome, takesScreenshot=true, javascriptEnabled=true, cssSelectorsEnabled=true}]
Session ID: f0ed294c30f2ea8a1fd744b06bd99b71
2016-11-10 17:20:08 ERROR - -----------------------------------------------------------------------
